This is pdfTeX, Version 3.14159265-2.6-1.40.20 (TeX Live 2019/Arch Linux) (preloaded format=pdflatex 2019.7.10)  23 JUL 2019 09:47
entering extended mode
 restricted \write18 enabled.
 %&-line parsing enabled.
**douglas-quaid.tex
(./douglas-quaid.tex
LaTeX2e <2018-12-01>
(./sphinxmanual.cls
Document Class: sphinxmanual 2018/12/23 v2.0 Document class (Sphinx manual)
(/usr/share/texmf-dist/tex/latex/base/report.cls
Document Class: report 2018/09/03 v1.4i Standard LaTeX document class
(/usr/share/texmf-dist/tex/latex/base/size10.clo
File: size10.clo 2018/09/03 v1.4i Standard LaTeX file (size option)
)
\c@part=\count80
\c@chapter=\count81
\c@section=\count82
\c@subsection=\count83
\c@subsubsection=\count84
\c@paragraph=\count85
\c@subparagraph=\count86
\c@figure=\count87
\c@table=\count88
\abovecaptionskip=\skip41
\belowcaptionskip=\skip42
\bibindent=\dimen102
))
(/usr/share/texmf-dist/tex/latex/base/inputenc.sty
Package: inputenc 2018/08/11 v1.3c Input encoding file
\inpenc@prehook=\toks14
\inpenc@posthook=\toks15
)
   defining Unicode char U+00A0 (decimal 160)
   defining Unicode char U+2500 (decimal 9472)
   defining Unicode char U+2502 (decimal 9474)
   defining Unicode char U+2514 (decimal 9492)
   defining Unicode char U+251C (decimal 9500)
   defining Unicode char U+2572 (decimal 9586)

(/usr/share/texmf-dist/tex/latex/cmap/cmap.sty
Package: cmap 2008/03/06 v1.0h CMap support: searchable PDF
)
(/usr/share/texmf-dist/tex/latex/base/fontenc.sty
Package: fontenc 2018/08/11 v2.0j Standard LaTeX package

(/usr/share/texmf-dist/tex/latex/base/t1enc.def
File: t1enc.def 2018/08/11 v2.0j Standard LaTeX file
LaTeX Font Info:    Redeclaring font encoding T1 on input line 48.
)<<t1.cmap>>)
(/usr/share/texmf-dist/tex/latex/amsmath/amsmath.sty
Package: amsmath 2018/12/01 v2.17b AMS math features
\@mathmargin=\skip43

For additional information on amsmath, use the `?' option.
(/usr/share/texmf-dist/tex/latex/amsmath/amstext.sty
Package: amstext 2000/06/29 v2.01 AMS text

(/usr/share/texmf-dist/tex/latex/amsmath/amsgen.sty
File: amsgen.sty 1999/11/30 v2.0 generic functions
\@emptytoks=\toks16
\ex@=\dimen103
))
(/usr/share/texmf-dist/tex/latex/amsmath/amsbsy.sty
Package: amsbsy 1999/11/29 v1.2d Bold Symbols
\pmbraise@=\dimen104
)
(/usr/share/texmf-dist/tex/latex/amsmath/amsopn.sty
Package: amsopn 2016/03/08 v2.02 operator names
)
\inf@bad=\count89
LaTeX Info: Redefining \frac on input line 223.
\uproot@=\count90
\leftroot@=\count91
LaTeX Info: Redefining \overline on input line 385.
\classnum@=\count92
\DOTSCASE@=\count93
LaTeX Info: Redefining \ldots on input line 482.
LaTeX Info: Redefining \dots on input line 485.
LaTeX Info: Redefining \cdots on input line 606.
\Mathstrutbox@=\box27
\strutbox@=\box28
\big@size=\dimen105
LaTeX Font Info:    Redeclaring font encoding OML on input line 729.
LaTeX Font Info:    Redeclaring font encoding OMS on input line 730.
\macc@depth=\count94
\c@MaxMatrixCols=\count95
\dotsspace@=\muskip10
\c@parentequation=\count96
\dspbrk@lvl=\count97
\tag@help=\toks17
\row@=\count98
\column@=\count99
\maxfields@=\count100
\andhelp@=\toks18
\eqnshift@=\dimen106
\alignsep@=\dimen107
\tagshift@=\dimen108
\tagwidth@=\dimen109
\totwidth@=\dimen110
\lineht@=\dimen111
\@envbody=\toks19
\multlinegap=\skip44
\multlinetaggap=\skip45
\mathdisplay@stack=\toks20
LaTeX Info: Redefining \[ on input line 2844.
LaTeX Info: Redefining \] on input line 2845.
)
(/usr/share/texmf-dist/tex/latex/amsfonts/amssymb.sty
Package: amssymb 2013/01/14 v3.01 AMS font symbols

(/usr/share/texmf-dist/tex/latex/amsfonts/amsfonts.sty
Package: amsfonts 2013/01/14 v3.01 Basic AMSFonts support
\symAMSa=\mathgroup4
\symAMSb=\mathgroup5
LaTeX Font Info:    Overwriting math alphabet `\mathfrak' in version `bold'
(Font)                  U/euf/m/n --> U/euf/b/n on input line 106.
))
(/usr/share/texmf-dist/tex/generic/babel/babel.sty
Package: babel 2019/04/03 3.29 The Babel package

(/usr/share/texmf-dist/tex/generic/babel/switch.def
File: switch.def 2019/04/03 3.29 Babel switching mechanism
)
(/usr/share/texmf-dist/tex/generic/babel-english/english.ldf
Language: english 2017/06/06 v3.3r English support from the babel system

(/usr/share/texmf-dist/tex/generic/babel/babel.def
File: babel.def 2019/04/03 3.29 Babel common definitions
\babel@savecnt=\count101
\U@D=\dimen112

(/usr/share/texmf-dist/tex/generic/babel/txtbabel.def)
\bbl@dirlevel=\count102
)
\l@canadian = a dialect from \language\l@american 
\l@australian = a dialect from \language\l@british 
\l@newzealand = a dialect from \language\l@british 
))
(/usr/share/texmf-dist/tex/latex/psnfss/times.sty
Package: times 2005/04/12 PSNFSS-v9.2a (SPQR) 
)
(/usr/share/texmf-dist/tex/latex/fncychap/fncychap.sty
Package: fncychap 2007/07/30 v1.34 LaTeX package (Revised chapters)
\RW=\skip46
\mylen=\skip47
\myhi=\skip48
\px=\skip49
\py=\skip50
\pyy=\skip51
\pxx=\skip52
\c@AlphaCnt=\count103
\c@AlphaDecCnt=\count104
) (./sphinx.sty
Package: sphinx 2019/06/04 v2.1.1 LaTeX package (Sphinx markup)

(/usr/share/texmf-dist/tex/generic/oberdiek/ltxcmds.sty
Package: ltxcmds 2016/05/16 v1.23 LaTeX kernel commands for general use (HO)
)
(/usr/share/texmf-dist/tex/latex/graphics/graphicx.sty
Package: graphicx 2017/06/01 v1.1a Enhanced LaTeX Graphics (DPC,SPQR)

(/usr/share/texmf-dist/tex/latex/graphics/keyval.sty
Package: keyval 2014/10/28 v1.15 key=value parser (DPC)
\KV@toks@=\toks21
)
(/usr/share/texmf-dist/tex/latex/graphics/graphics.sty
Package: graphics 2017/06/25 v1.2c Standard LaTeX Graphics (DPC,SPQR)

(/usr/share/texmf-dist/tex/latex/graphics/trig.sty
Package: trig 2016/01/03 v1.10 sin cos tan (DPC)
)
(/usr/share/texmf-dist/tex/latex/graphics-cfg/graphics.cfg
File: graphics.cfg 2016/06/04 v1.11 sample graphics configuration
)
Package graphics Info: Driver file: pdftex.def on input line 99.

(/usr/share/texmf-dist/tex/latex/graphics-def/pdftex.def
File: pdftex.def 2018/01/08 v1.0l Graphics/color driver for pdftex
))
\Gin@req@height=\dimen113
\Gin@req@width=\dimen114
)
(/usr/share/texmf-dist/tex/latex/fancyhdr/fancyhdr.sty
Package: fancyhdr 2019/01/31 v3.10 Extensive control of page headers and footer
s
\f@nch@headwidth=\skip53
\f@nch@O@elh=\skip54
\f@nch@O@erh=\skip55
\f@nch@O@olh=\skip56
\f@nch@O@orh=\skip57
\f@nch@O@elf=\skip58
\f@nch@O@erf=\skip59
\f@nch@O@olf=\skip60
\f@nch@O@orf=\skip61
)
(/usr/share/texmf-dist/tex/latex/base/textcomp.sty
Package: textcomp 2018/08/11 v2.0j Standard LaTeX package
Package textcomp Info: Sub-encoding information:
(textcomp)               5 = only ISO-Adobe without \textcurrency
(textcomp)               4 = 5 + \texteuro
(textcomp)               3 = 4 + \textohm
(textcomp)               2 = 3 + \textestimated + \textcurrency
(textcomp)               1 = TS1 - \textcircled - \t
(textcomp)               0 = TS1 (full)
(textcomp)             Font families with sub-encoding setting implement
(textcomp)             only a restricted character set as indicated.
(textcomp)             Family '?' is the default used for unknown fonts.
(textcomp)             See the documentation for details.
Package textcomp Info: Setting ? sub-encoding to TS1/1 on input line 79.

(/usr/share/texmf-dist/tex/latex/base/ts1enc.def
File: ts1enc.def 2001/06/05 v3.0e (jk/car/fm) Standard LaTeX file
Now handling font encoding TS1 ...
... processing UTF-8 mapping file for font encoding TS1

(/usr/share/texmf-dist/tex/latex/base/ts1enc.dfu
File: ts1enc.dfu 2018/10/05 v1.2f UTF-8 support for inputenc
   defining Unicode char U+00A2 (decimal 162)
   defining Unicode char U+00A3 (decimal 163)
   defining Unicode char U+00A4 (decimal 164)
   defining Unicode char U+00A5 (decimal 165)
   defining Unicode char U+00A6 (decimal 166)
   defining Unicode char U+00A7 (decimal 167)
   defining Unicode char U+00A8 (decimal 168)
   defining Unicode char U+00A9 (decimal 169)
   defining Unicode char U+00AA (decimal 170)
   defining Unicode char U+00AC (decimal 172)
   defining Unicode char U+00AE (decimal 174)
   defining Unicode char U+00AF (decimal 175)
   defining Unicode char U+00B0 (decimal 176)
   defining Unicode char U+00B1 (decimal 177)
   defining Unicode char U+00B2 (decimal 178)
   defining Unicode char U+00B3 (decimal 179)
   defining Unicode char U+00B4 (decimal 180)
   defining Unicode char U+00B5 (decimal 181)
   defining Unicode char U+00B6 (decimal 182)
   defining Unicode char U+00B7 (decimal 183)
   defining Unicode char U+00B9 (decimal 185)
   defining Unicode char U+00BA (decimal 186)
   defining Unicode char U+00BC (decimal 188)
   defining Unicode char U+00BD (decimal 189)
   defining Unicode char U+00BE (decimal 190)
   defining Unicode char U+00D7 (decimal 215)
   defining Unicode char U+00F7 (decimal 247)
   defining Unicode char U+0192 (decimal 402)
   defining Unicode char U+02C7 (decimal 711)
   defining Unicode char U+02D8 (decimal 728)
   defining Unicode char U+02DD (decimal 733)
   defining Unicode char U+0E3F (decimal 3647)
   defining Unicode char U+2016 (decimal 8214)
   defining Unicode char U+2020 (decimal 8224)
   defining Unicode char U+2021 (decimal 8225)
   defining Unicode char U+2022 (decimal 8226)
   defining Unicode char U+2030 (decimal 8240)
   defining Unicode char U+2031 (decimal 8241)
   defining Unicode char U+203B (decimal 8251)
   defining Unicode char U+203D (decimal 8253)
   defining Unicode char U+2044 (decimal 8260)
   defining Unicode char U+204E (decimal 8270)
   defining Unicode char U+2052 (decimal 8274)
   defining Unicode char U+20A1 (decimal 8353)
   defining Unicode char U+20A4 (decimal 8356)
   defining Unicode char U+20A6 (decimal 8358)
   defining Unicode char U+20A9 (decimal 8361)
   defining Unicode char U+20AB (decimal 8363)
   defining Unicode char U+20AC (decimal 8364)
   defining Unicode char U+20B1 (decimal 8369)
   defining Unicode char U+2103 (decimal 8451)
   defining Unicode char U+2116 (decimal 8470)
   defining Unicode char U+2117 (decimal 8471)
   defining Unicode char U+211E (decimal 8478)
   defining Unicode char U+2120 (decimal 8480)
   defining Unicode char U+2122 (decimal 8482)
   defining Unicode char U+2126 (decimal 8486)
   defining Unicode char U+2127 (decimal 8487)
   defining Unicode char U+212E (decimal 8494)
   defining Unicode char U+2190 (decimal 8592)
   defining Unicode char U+2191 (decimal 8593)
   defining Unicode char U+2192 (decimal 8594)
   defining Unicode char U+2193 (decimal 8595)
   defining Unicode char U+2329 (decimal 9001)
   defining Unicode char U+232A (decimal 9002)
   defining Unicode char U+2422 (decimal 9250)
   defining Unicode char U+25E6 (decimal 9702)
   defining Unicode char U+25EF (decimal 9711)
   defining Unicode char U+266A (decimal 9834)
   defining Unicode char U+FEFF (decimal 65279)
))
LaTeX Info: Redefining \oldstylenums on input line 334.
Package textcomp Info: Setting cmr sub-encoding to TS1/0 on input line 349.
Package textcomp Info: Setting cmss sub-encoding to TS1/0 on input line 350.
Package textcomp Info: Setting cmtt sub-encoding to TS1/0 on input line 351.
Package textcomp Info: Setting cmvtt sub-encoding to TS1/0 on input line 352.
Package textcomp Info: Setting cmbr sub-encoding to TS1/0 on input line 353.
Package textcomp Info: Setting cmtl sub-encoding to TS1/0 on input line 354.
Package textcomp Info: Setting ccr sub-encoding to TS1/0 on input line 355.
Package textcomp Info: Setting ptm sub-encoding to TS1/4 on input line 356.
Package textcomp Info: Setting pcr sub-encoding to TS1/4 on input line 357.
Package textcomp Info: Setting phv sub-encoding to TS1/4 on input line 358.
Package textcomp Info: Setting ppl sub-encoding to TS1/3 on input line 359.
Package textcomp Info: Setting pag sub-encoding to TS1/4 on input line 360.
Package textcomp Info: Setting pbk sub-encoding to TS1/4 on input line 361.
Package textcomp Info: Setting pnc sub-encoding to TS1/4 on input line 362.
Package textcomp Info: Setting pzc sub-encoding to TS1/4 on input line 363.
Package textcomp Info: Setting bch sub-encoding to TS1/4 on input line 364.
Package textcomp Info: Setting put sub-encoding to TS1/5 on input line 365.
Package textcomp Info: Setting uag sub-encoding to TS1/5 on input line 366.
Package textcomp Info: Setting ugq sub-encoding to TS1/5 on input line 367.
Package textcomp Info: Setting ul8 sub-encoding to TS1/4 on input line 368.
Package textcomp Info: Setting ul9 sub-encoding to TS1/4 on input line 369.
Package textcomp Info: Setting augie sub-encoding to TS1/5 on input line 370.
Package textcomp Info: Setting dayrom sub-encoding to TS1/3 on input line 371.
Package textcomp Info: Setting dayroms sub-encoding to TS1/3 on input line 372.

Package textcomp Info: Setting pxr sub-encoding to TS1/0 on input line 373.
Package textcomp Info: Setting pxss sub-encoding to TS1/0 on input line 374.
Package textcomp Info: Setting pxtt sub-encoding to TS1/0 on input line 375.
Package textcomp Info: Setting txr sub-encoding to TS1/0 on input line 376.
Package textcomp Info: Setting txss sub-encoding to TS1/0 on input line 377.
Package textcomp Info: Setting txtt sub-encoding to TS1/0 on input line 378.
Package textcomp Info: Setting lmr sub-encoding to TS1/0 on input line 379.
Package textcomp Info: Setting lmdh sub-encoding to TS1/0 on input line 380.
Package textcomp Info: Setting lmss sub-encoding to TS1/0 on input line 381.
Package textcomp Info: Setting lmssq sub-encoding to TS1/0 on input line 382.
Package textcomp Info: Setting lmvtt sub-encoding to TS1/0 on input line 383.
Package textcomp Info: Setting lmtt sub-encoding to TS1/0 on input line 384.
Package textcomp Info: Setting qhv sub-encoding to TS1/0 on input line 385.
Package textcomp Info: Setting qag sub-encoding to TS1/0 on input line 386.
Package textcomp Info: Setting qbk sub-encoding to TS1/0 on input line 387.
Package textcomp Info: Setting qcr sub-encoding to TS1/0 on input line 388.
Package textcomp Info: Setting qcs sub-encoding to TS1/0 on input line 389.
Package textcomp Info: Setting qpl sub-encoding to TS1/0 on input line 390.
Package textcomp Info: Setting qtm sub-encoding to TS1/0 on input line 391.
Package textcomp Info: Setting qzc sub-encoding to TS1/0 on input line 392.
Package textcomp Info: Setting qhvc sub-encoding to TS1/0 on input line 393.
Package textcomp Info: Setting futs sub-encoding to TS1/4 on input line 394.
Package textcomp Info: Setting futx sub-encoding to TS1/4 on input line 395.
Package textcomp Info: Setting futj sub-encoding to TS1/4 on input line 396.
Package textcomp Info: Setting hlh sub-encoding to TS1/3 on input line 397.
Package textcomp Info: Setting hls sub-encoding to TS1/3 on input line 398.
Package textcomp Info: Setting hlst sub-encoding to TS1/3 on input line 399.
Package textcomp Info: Setting hlct sub-encoding to TS1/5 on input line 400.
Package textcomp Info: Setting hlx sub-encoding to TS1/5 on input line 401.
Package textcomp Info: Setting hlce sub-encoding to TS1/5 on input line 402.
Package textcomp Info: Setting hlcn sub-encoding to TS1/5 on input line 403.
Package textcomp Info: Setting hlcw sub-encoding to TS1/5 on input line 404.
Package textcomp Info: Setting hlcf sub-encoding to TS1/5 on input line 405.
Package textcomp Info: Setting pplx sub-encoding to TS1/3 on input line 406.
Package textcomp Info: Setting pplj sub-encoding to TS1/3 on input line 407.
Package textcomp Info: Setting ptmx sub-encoding to TS1/4 on input line 408.
Package textcomp Info: Setting ptmj sub-encoding to TS1/4 on input line 409.
)
(/usr/share/texmf-dist/tex/latex/titlesec/titlesec.sty
Package: titlesec 2016/03/21 v2.10.2 Sectioning titles
\ttl@box=\box29
\beforetitleunit=\skip62
\aftertitleunit=\skip63
\ttl@plus=\dimen115
\ttl@minus=\dimen116
\ttl@toksa=\toks22
\titlewidth=\dimen117
\titlewidthlast=\dimen118
\titlewidthfirst=\dimen119
)
(/usr/share/texmf-dist/tex/latex/tabulary/tabulary.sty
Package: tabulary 2014/06/11 v0.10 tabulary package (DPC)

(/usr/share/texmf-dist/tex/latex/tools/array.sty
Package: array 2018/12/30 v2.4k Tabular extension package (FMi)
\col@sep=\dimen120
\ar@mcellbox=\box30
\extrarowheight=\dimen121
\NC@list=\toks23
\extratabsurround=\skip64
\backup@length=\skip65
\ar@cellbox=\box31
)
\TY@count=\count105
\TY@linewidth=\dimen122
\tymin=\dimen123
\tymax=\dimen124
\TY@tablewidth=\dimen125
)
(/usr/share/texmf-dist/tex/latex/tools/longtable.sty
Package: longtable 2014/10/28 v4.11 Multi-page Table package (DPC)+ FMi change
\LTleft=\skip66
\LTright=\skip67
\LTpre=\skip68
\LTpost=\skip69
\LTchunksize=\count106
\LTcapwidth=\dimen126
\LT@head=\box32
\LT@firsthead=\box33
\LT@foot=\box34
\LT@lastfoot=\box35
\LT@cols=\count107
\LT@rows=\count108
\c@LT@tables=\count109
\c@LT@chunks=\count110
\LT@p@ftn=\toks24
)
(/usr/share/texmf-dist/tex/latex/varwidth/varwidth.sty
Package: varwidth 2009/03/30 ver 0.92;  Variable-width minipages
\@vwid@box=\box36
\sift@deathcycles=\count111
\@vwid@loff=\dimen127
\@vwid@roff=\dimen128
) (./sphinxmulticell.sty
Package: sphinxmulticell 2017/02/23 v1.6 better span rows and columns of a tabl
e (Sphinx team)
\sphinx@TY@tablewidth=\dimen129
) (/usr/share/texmf-dist/tex/latex/base/makeidx.sty
Package: makeidx 2014/09/29 v1.0m Standard LaTeX package
)
(/usr/share/texmf-dist/tex/latex/framed/framed.sty
Package: framed 2011/10/22 v 0.96: framed or shaded text with page breaks
\OuterFrameSep=\skip70
\fb@frw=\dimen130
\fb@frh=\dimen131
\FrameRule=\dimen132
\FrameSep=\dimen133
)
(/usr/share/texmf-dist/tex/latex/xcolor/xcolor.sty
Package: xcolor 2016/05/11 v2.12 LaTeX color extensions (UK)

(/usr/share/texmf-dist/tex/latex/graphics-cfg/color.cfg
File: color.cfg 2016/01/02 v1.6 sample color configuration
)
Package xcolor Info: Driver file: pdftex.def on input line 225.
Package xcolor Info: Model `cmy' substituted by `cmy0' on input line 1348.
Package xcolor Info: Model `hsb' substituted by `rgb' on input line 1352.
Package xcolor Info: Model `RGB' extended on input line 1364.
Package xcolor Info: Model `HTML' substituted by `rgb' on input line 1366.
Package xcolor Info: Model `Hsb' substituted by `hsb' on input line 1367.
Package xcolor Info: Model `tHsb' substituted by `hsb' on input line 1368.
Package xcolor Info: Model `HSB' substituted by `hsb' on input line 1369.
Package xcolor Info: Model `Gray' substituted by `gray' on input line 1370.
Package xcolor Info: Model `wave' substituted by `hsb' on input line 1371.
)
(/usr/share/texmf-dist/tex/latex/fancyvrb/fancyvrb.sty
Package: fancyvrb 2019/01/15

Style option: `fancyvrb' v3.2a <2019/01/15> (tvz)
\FV@CodeLineNo=\count112
\FV@InFile=\read1
\FV@TabBox=\box37
\c@FancyVerbLine=\count113
\FV@StepNumber=\count114
\FV@OutFile=\write3
) (./footnotehyper-sphinx.sty
Package: footnotehyper-sphinx 2017/10/27 v1.7 hyperref aware footnote.sty for s
phinx (JFB)
\FNH@notes=\box38
\FNH@width=\dimen134
) (/usr/share/texmf-dist/tex/latex/float/float.sty
Package: float 2001/11/08 v1.3d Float enhancements (AL)
\c@float@type=\count115
\float@exts=\toks25
\float@box=\box39
\@float@everytoks=\toks26
\@floatcapt=\box40
)
(/usr/share/texmf-dist/tex/latex/wrapfig/wrapfig.sty
\wrapoverhang=\dimen135
\WF@size=\dimen136
\c@WF@wrappedlines=\count116
\WF@box=\box41
\WF@everypar=\toks27
Package: wrapfig 2003/01/31  v 3.6
)
(/usr/share/texmf-dist/tex/latex/parskip/parskip.sty
Rollback for package 'parskip' requested -> version 'v1'.
         This corresponds to the release introduced on 2001-04-09.

(/usr/share/texmf-dist/tex/latex/parskip/parskip-2001-04-09.sty
Package: parskip 2001/04/09 non-zero parskip adjustments
))
(/usr/share/texmf-dist/tex/latex/base/alltt.sty
Package: alltt 1997/06/16 v2.0g defines alltt environment
)
(/usr/share/texmf-dist/tex/latex/upquote/upquote.sty
Package: upquote 2012/04/19 v1.3 upright-quote and grave-accent glyphs in verba
tim
)
(/usr/share/texmf-dist/tex/latex/capt-of/capt-of.sty
Package: capt-of 2009/12/29 v0.2 standard captions outside of floats
)
(/usr/share/texmf-dist/tex/latex/needspace/needspace.sty
Package: needspace 2010/09/12 v1.3d reserve vertical space
)
(./sphinxhighlight.sty
Package: sphinxhighlight 2016/05/29 stylesheet for highlighting with pygments
) (/usr/share/texmf-dist/tex/latex/oberdiek/kvoptions.sty
Package: kvoptions 2016/05/16 v3.12 Key value format for package options (HO)
(/usr/share/texmf-dist/tex/generic/oberdiek/kvsetkeys.sty
Package: kvsetkeys 2016/05/16 v1.17 Key value parser (HO)

(/usr/share/texmf-dist/tex/generic/oberdiek/infwarerr.sty
Package: infwarerr 2016/05/16 v1.4 Providing info/warning/error messages (HO)
)
(/usr/share/texmf-dist/tex/generic/oberdiek/etexcmds.sty
Package: etexcmds 2016/05/16 v1.6 Avoid name clashes with e-TeX commands (HO)

(/usr/share/texmf-dist/tex/generic/oberdiek/ifluatex.sty
Package: ifluatex 2016/05/16 v1.4 Provides the ifluatex switch (HO)
Package ifluatex Info: LuaTeX not detected.
))))
\sphinxverbatimsep=\dimen137
\sphinxverbatimborder=\dimen138
\sphinxshadowsep=\dimen139
\sphinxshadowsize=\dimen140
\sphinxshadowrule=\dimen141
\spx@notice@border=\dimen142
\spx@image@maxheight=\dimen143
\spx@image@box=\dimen144
\c@literalblock=\count117
\sphinxcontinuationbox=\box42
\sphinxvisiblespacebox=\box43
\sphinxVerbatim@TitleBox=\box44
\py@argswidth=\skip71
\lineblockindentation=\skip72
\DUlineblockindent=\skip73
)
(/usr/share/texmf-dist/tex/latex/geometry/geometry.sty
Package: geometry 2018/04/16 v5.8 Page Geometry

(/usr/share/texmf-dist/tex/generic/oberdiek/ifpdf.sty
Package: ifpdf 2018/09/07 v3.3 Provides the ifpdf switch
)
(/usr/share/texmf-dist/tex/generic/oberdiek/ifvtex.sty
Package: ifvtex 2016/05/16 v1.6 Detect VTeX and its facilities (HO)
Package ifvtex Info: VTeX not detected.
)
(/usr/share/texmf-dist/tex/generic/ifxetex/ifxetex.sty
Package: ifxetex 2010/09/12 v0.6 Provides ifxetex conditional
)
\Gm@cnth=\count118
\Gm@cntv=\count119
\c@Gm@tempcnt=\count120
\Gm@bindingoffset=\dimen145
\Gm@wd@mp=\dimen146
\Gm@odd@mp=\dimen147
\Gm@even@mp=\dimen148
\Gm@layoutwidth=\dimen149
\Gm@layoutheight=\dimen150
\Gm@layouthoffset=\dimen151
\Gm@layoutvoffset=\dimen152
\Gm@dimlist=\toks28
)
(/usr/share/texmf-dist/tex/latex/hyperref/hyperref.sty
Package: hyperref 2018/11/30 v6.88e Hypertext links for LaTeX

(/usr/share/texmf-dist/tex/generic/oberdiek/hobsub-hyperref.sty
Package: hobsub-hyperref 2016/05/16 v1.14 Bundle oberdiek, subset hyperref (HO)


(/usr/share/texmf-dist/tex/generic/oberdiek/hobsub-generic.sty
Package: hobsub-generic 2016/05/16 v1.14 Bundle oberdiek, subset generic (HO)
Package: hobsub 2016/05/16 v1.14 Construct package bundles (HO)
Package hobsub Info: Skipping package `infwarerr' (already loaded).
Package hobsub Info: Skipping package `ltxcmds' (already loaded).
Package hobsub Info: Skipping package `ifluatex' (already loaded).
Package hobsub Info: Skipping package `ifvtex' (already loaded).
Package: intcalc 2016/05/16 v1.2 Expandable calculations with integers (HO)
Package hobsub Info: Skipping package `ifpdf' (already loaded).
Package hobsub Info: Skipping package `etexcmds' (already loaded).
Package hobsub Info: Skipping package `kvsetkeys' (already loaded).
Package: kvdefinekeys 2016/05/16 v1.4 Define keys (HO)
Package: pdftexcmds 2018/09/10 v0.29 Utility functions of pdfTeX for LuaTeX (HO
)
Package pdftexcmds Info: LuaTeX not detected.
Package pdftexcmds Info: \pdf@primitive is available.
Package pdftexcmds Info: \pdf@ifprimitive is available.
Package pdftexcmds Info: \pdfdraftmode found.
Package: pdfescape 2016/05/16 v1.14 Implements pdfTeX's escape features (HO)
Package: bigintcalc 2016/05/16 v1.4 Expandable calculations on big integers (HO
)
Package: bitset 2016/05/16 v1.2 Handle bit-vector datatype (HO)
Package: uniquecounter 2016/05/16 v1.3 Provide unlimited unique counter (HO)
)
Package hobsub Info: Skipping package `hobsub' (already loaded).
Package: letltxmacro 2016/05/16 v1.5 Let assignment for LaTeX macros (HO)
Package: hopatch 2016/05/16 v1.3 Wrapper for package hooks (HO)
Package: xcolor-patch 2016/05/16 xcolor patch
Package: atveryend 2016/05/16 v1.9 Hooks at the very end of document (HO)
Package atveryend Info: \enddocument detected (standard20110627).
Package: atbegshi 2016/06/09 v1.18 At begin shipout hook (HO)
Package: refcount 2016/05/16 v3.5 Data extraction from label references (HO)
Package: hycolor 2016/05/16 v1.8 Color options for hyperref/bookmark (HO)
)
(/usr/share/texmf-dist/tex/latex/oberdiek/auxhook.sty
Package: auxhook 2016/05/16 v1.4 Hooks for auxiliary files (HO)
)
\@linkdim=\dimen153
\Hy@linkcounter=\count121
\Hy@pagecounter=\count122

(/usr/share/texmf-dist/tex/latex/hyperref/pd1enc.def
File: pd1enc.def 2018/11/30 v6.88e Hyperref: PDFDocEncoding definition (HO)
Now handling font encoding PD1 ...
... no UTF-8 mapping file for font encoding PD1
)
\Hy@SavedSpaceFactor=\count123

(/usr/share/texmf-dist/tex/latex/latexconfig/hyperref.cfg
File: hyperref.cfg 2002/06/06 v1.2 hyperref configuration of TeXLive
)
Package hyperref Info: Option `unicode' set `true' on input line 4393.

(/usr/share/texmf-dist/tex/latex/hyperref/puenc.def
File: puenc.def 2018/11/30 v6.88e Hyperref: PDF Unicode definition (HO)
Now handling font encoding PU ...
... no UTF-8 mapping file for font encoding PU
)
Package hyperref Info: Option `colorlinks' set `true' on input line 4393.
Package hyperref Info: Option `breaklinks' set `true' on input line 4393.
Package hyperref Info: Hyper figures OFF on input line 4519.
Package hyperref Info: Link nesting OFF on input line 4524.
Package hyperref Info: Hyper index ON on input line 4527.
Package hyperref Info: Plain pages OFF on input line 4534.
Package hyperref Info: Backreferencing OFF on input line 4539.
Package hyperref Info: Implicit mode ON; LaTeX internals redefined.
Package hyperref Info: Bookmarks ON on input line 4772.
\c@Hy@tempcnt=\count124

(/usr/share/texmf-dist/tex/latex/url/url.sty
\Urlmuskip=\muskip11
Package: url 2013/09/16  ver 3.4  Verb mode for urls, etc.
)
LaTeX Info: Redefining \url on input line 5125.
\XeTeXLinkMargin=\dimen154
\Fld@menulength=\count125
\Field@Width=\dimen155
\Fld@charsize=\dimen156
Package hyperref Info: Hyper figures OFF on input line 6380.
Package hyperref Info: Link nesting OFF on input line 6385.
Package hyperref Info: Hyper index ON on input line 6388.
Package hyperref Info: backreferencing OFF on input line 6395.
Package hyperref Info: Link coloring ON on input line 6398.
Package hyperref Info: Link coloring with OCG OFF on input line 6405.
Package hyperref Info: PDF/A mode OFF on input line 6410.
LaTeX Info: Redefining \ref on input line 6450.
LaTeX Info: Redefining \pageref on input line 6454.
\Hy@abspage=\count126
\c@Item=\count127
\c@Hfootnote=\count128
)
Package hyperref Info: Driver (autodetected): hpdftex.

(/usr/share/texmf-dist/tex/latex/hyperref/hpdftex.def
File: hpdftex.def 2018/11/30 v6.88e Hyperref driver for pdfTeX
\Fld@listcount=\count129
\c@bookmark@seq@number=\count130

(/usr/share/texmf-dist/tex/latex/oberdiek/rerunfilecheck.sty
Package: rerunfilecheck 2016/05/16 v1.8 Rerun checks for auxiliary files (HO)
Package uniquecounter Info: New unique counter `rerunfilecheck' on input line 2
82.
)
\Hy@SectionHShift=\skip74
)
(/usr/share/texmf-dist/tex/latex/oberdiek/hypcap.sty
Package: hypcap 2016/05/16 v1.12 Adjusting the anchors of captions (HO)
) (./sphinxmessages.sty
Package: sphinxmessages 2019/01/04 v2.0 Localized LaTeX macros (Sphinx team)
)
\@indexfile=\write4
\openout4 = `douglas-quaid.idx'.


Writing index file douglas-quaid.idx
(./douglas-quaid.aux)
\openout1 = `douglas-quaid.aux'.

LaTeX Font Info:    Checking defaults for OML/cmm/m/it on input line 81.
LaTeX Font Info:    ... okay on input line 81.
LaTeX Font Info:    Checking defaults for T1/cmr/m/n on input line 81.
LaTeX Font Info:    ... okay on input line 81.
LaTeX Font Info:    Checking defaults for OT1/cmr/m/n on input line 81.
LaTeX Font Info:    ... okay on input line 81.
LaTeX Font Info:    Checking defaults for OMS/cmsy/m/n on input line 81.
LaTeX Font Info:    ... okay on input line 81.
LaTeX Font Info:    Checking defaults for OMX/cmex/m/n on input line 81.
LaTeX Font Info:    ... okay on input line 81.
LaTeX Font Info:    Checking defaults for U/cmr/m/n on input line 81.
LaTeX Font Info:    ... okay on input line 81.
LaTeX Font Info:    Checking defaults for TS1/cmr/m/n on input line 81.
LaTeX Font Info:    Try loading font information for TS1+cmr on input line 81.
 (/usr/share/texmf-dist/tex/latex/base/ts1cmr.fd
File: ts1cmr.fd 2014/09/29 v2.5h Standard LaTeX font definitions
)
LaTeX Font Info:    ... okay on input line 81.
LaTeX Font Info:    Checking defaults for PD1/pdf/m/n on input line 81.
LaTeX Font Info:    ... okay on input line 81.
LaTeX Font Info:    Checking defaults for PU/pdf/m/n on input line 81.
LaTeX Font Info:    ... okay on input line 81.
LaTeX Font Info:    Try loading font information for T1+ptm on input line 81.

(/usr/share/texmf-dist/tex/latex/psnfss/t1ptm.fd
File: t1ptm.fd 2001/06/04 font definitions for T1/ptm.
)
(/usr/share/texmf-dist/tex/context/base/mkii/supp-pdf.mkii
[Loading MPS to PDF converter (version 2006.09.02).]
\scratchcounter=\count131
\scratchdimen=\dimen157
\scratchbox=\box45
\nofMPsegments=\count132
\nofMParguments=\count133
\everyMPshowfont=\toks29
\MPscratchCnt=\count134
\MPscratchDim=\dimen158
\MPnumerator=\count135
\makeMPintoPDFobject=\count136
\everyMPtoPDFconversion=\toks30
) (/usr/share/texmf-dist/tex/latex/oberdiek/epstopdf-base.sty
Package: epstopdf-base 2016/05/15 v2.6 Base part for package epstopdf

(/usr/share/texmf-dist/tex/latex/oberdiek/grfext.sty
Package: grfext 2016/05/16 v1.2 Manage graphics extensions (HO)
)
Package epstopdf-base Info: Redefining graphics rule for `.eps' on input line 4
38.
Package grfext Info: Graphics extension search list:
(grfext)             [.pdf,.png,.jpg,.mps,.jpeg,.jbig2,.jb2,.PDF,.PNG,.JPG,.JPE
G,.JBIG2,.JB2,.eps]
(grfext)             \AppendGraphicsExtensions on input line 456.

(/usr/share/texmf-dist/tex/latex/latexconfig/epstopdf-sys.cfg
File: epstopdf-sys.cfg 2010/07/13 v1.3 Configuration of (r)epstopdf for TeX Liv
e
))
*geometry* driver: auto-detecting
*geometry* detected driver: pdftex
*geometry* verbose mode - [ preamble ] result:
* driver: pdftex
* paper: letterpaper
* layout: <same size as paper>
* layoutoffset:(h,v)=(0.0pt,0.0pt)
* modes: twoside 
* h-part:(L,W,R)=(72.26999pt, 469.75502pt, 72.26999pt)
* v-part:(T,H,B)=(72.26999pt, 650.43001pt, 72.26999pt)
* \paperwidth=614.295pt
* \paperheight=794.96999pt
* \textwidth=469.75502pt
* \textheight=650.43001pt
* \oddsidemargin=0.0pt
* \evensidemargin=0.0pt
* \topmargin=-37.0pt
* \headheight=12.0pt
* \headsep=25.0pt
* \topskip=10.0pt
* \footskip=30.0pt
* \marginparwidth=36.135pt
* \marginparsep=11.0pt
* \columnsep=10.0pt
* \skip\footins=9.0pt plus 4.0pt minus 2.0pt
* \hoffset=0.0pt
* \voffset=0.0pt
* \mag=1000
* \@twocolumnfalse
* \@twosidetrue
* \@mparswitchtrue
* \@reversemarginfalse
* (1in=72.27pt=25.4mm, 1cm=28.453pt)

\AtBeginShipoutBox=\box46
Package hyperref Info: Link coloring ON on input line 81.
(/usr/share/texmf-dist/tex/latex/hyperref/nameref.sty
Package: nameref 2016/05/21 v2.44 Cross-referencing by name of section

(/usr/share/texmf-dist/tex/generic/oberdiek/gettitlestring.sty
Package: gettitlestring 2016/05/16 v1.5 Cleanup title references (HO)
)
\c@section@level=\count137
)
LaTeX Info: Redefining \ref on input line 81.
LaTeX Info: Redefining \pageref on input line 81.
LaTeX Info: Redefining \nameref on input line 81.

(./douglas-quaid.out) (./douglas-quaid.out)
\@outlinefile=\write5
\openout5 = `douglas-quaid.out'.

Package hyperref Info: Option `pageanchor' set `false' on input line 84.
LaTeX Font Info:    Try loading font information for T1+phv on input line 84.

(/usr/share/texmf-dist/tex/latex/psnfss/t1phv.fd
File: t1phv.fd 2001/06/04 scalable font definitions for T1/phv.
)
LaTeX Font Info:    Font shape `T1/phv/bx/n' in size <10> not available
(Font)              Font shape `T1/phv/b/n' tried instead on input line 84.
LaTeX Font Info:    Font shape `T1/phv/bx/n' in size <24.88> not available
(Font)              Font shape `T1/phv/b/n' tried instead on input line 84.
LaTeX Font Info:    Font shape `T1/phv/bx/it' in size <10> not available
(Font)              Font shape `T1/phv/b/it' tried instead on input line 84.
LaTeX Font Info:    Font shape `T1/phv/b/it' in size <10> not available
(Font)              Font shape `T1/phv/b/sl' tried instead on input line 84.
LaTeX Font Info:    Font shape `T1/phv/bx/it' in size <17.28> not available
(Font)              Font shape `T1/phv/b/it' tried instead on input line 84.
LaTeX Font Info:    Font shape `T1/phv/b/it' in size <17.28> not available
(Font)              Font shape `T1/phv/b/sl' tried instead on input line 84.
LaTeX Font Info:    Font shape `T1/phv/bx/n' in size <17.28> not available
(Font)              Font shape `T1/phv/b/n' tried instead on input line 84.
<<ot1.cmap>><<oml.cmap>><<oms.cmap>><<omx.cmap>>
LaTeX Font Info:    Try loading font information for U+msa on input line 84.
 (/usr/share/texmf-dist/tex/latex/amsfonts/umsa.fd
File: umsa.fd 2013/01/14 v3.01 AMS symbols A
)
LaTeX Font Info:    Try loading font information for U+msb on input line 84.

(/usr/share/texmf-dist/tex/latex/amsfonts/umsb.fd
File: umsb.fd 2013/01/14 v3.01 AMS symbols B
)
LaTeX Font Info:    Font shape `T1/phv/bx/n' in size <12> not available
(Font)              Font shape `T1/phv/b/n' tried instead on input line 84.
 [1

{/var/lib/texmf/fonts/map/pdftex/updmap/pdftex.map}] [2


]
LaTeX Font Info:    Font shape `T1/phv/bx/n' in size <14.4> not available
(Font)              Font shape `T1/phv/b/n' tried instead on input line 86.
 (./douglas-quaid.toc
LaTeX Font Info:    Font shape `T1/ptm/bx/n' in size <10> not available
(Font)              Font shape `T1/ptm/b/n' tried instead on input line 2.

Overfull \hbox (84.77075pt too wide) in paragraph at lines 14--14
 [][] [][][]\T1/ptm/m/n/10 carlhauser_client.EvaluationTools.SimilarityGraphExt
ractor.similarity_graph_extractor 
 []


Overfull \hbox (118.87032pt too wide) in paragraph at lines 15--15
 [][] [][][]\T1/ptm/m/n/10 carlhauser_client.EvaluationTools.SimilarityGraphExt
ractor.similarity_graph_quality_evaluator 
 []


Overfull \hbox (112.18083pt too wide) in paragraph at lines 19--19
 [][] [][][]\T1/ptm/m/n/10 carlhauser_client.EvaluationTools.StorageGraphExtrac
tor.cluster_matching_quality_evaluator 
 []


Overfull \hbox (72.18138pt too wide) in paragraph at lines 20--20
 [][] [][][]\T1/ptm/m/n/10 carlhauser_client.EvaluationTools.StorageGraphExtrac
tor.storage_quality_evaluator 
 []

[1

]
Overfull \hbox (97.81042pt too wide) in paragraph at lines 42--42
 [][] [][][]\T1/ptm/m/n/10 carlhauser_client_tests.EvaluationTools.evaluator.te
st_cluster_matching_quality_evaluator 
 []


Overfull \hbox (60.94083pt too wide) in paragraph at lines 43--43
 [][] [][][]\T1/ptm/m/n/10 carlhauser_client_tests.EvaluationTools.evaluator.te
st_similarity_graph_extractor 
 []


Overfull \hbox (95.04039pt too wide) in paragraph at lines 44--44
 [][] [][][]\T1/ptm/m/n/10 carlhauser_client_tests.EvaluationTools.evaluator.te
st_similarity_graph_quality_evaluator 
 []


Overfull \hbox (57.81097pt too wide) in paragraph at lines 45--45
 [][] [][][]\T1/ptm/m/n/10 carlhauser_client_tests.EvaluationTools.evaluator.te
st_storage_quality_evaluator 
 []

[2] [3] [4] [5])
\tf@toc=\write6
\openout6 = `douglas-quaid.toc'.

 [6]
Chapter 1.

Underfull \hbox (badness 10000) in paragraph at lines 128--128
|[][]\T1/phv/b/n/10 carlhauser_client.EvaluationTools.SimilarityGraphExtractor.
similarity_graph_extractor
 []


Overfull \hbox (31.61809pt too wide) in paragraph at lines 131--131
|[][]\T1/phv/b/n/10 carlhauser_client.EvaluationTools.SimilarityGraphExtractor.
similarity_graph_quality_evaluator
 []


Overfull \hbox (29.07884pt too wide) in paragraph at lines 143--143
|[][]\T1/phv/b/n/10 carlhauser_client.EvaluationTools.StorageGraphExtractor.clu
ster_matching_quality_evaluator
 []


Underfull \hbox (badness 10000) in paragraph at lines 146--146
|[][]\T1/phv/b/n/10 carlhauser_client.EvaluationTools.StorageGraphExtractor.sto
rage_quality_evaluator
 []

[1


]
Overfull \vbox (291.48494pt too high) has occurred while \output is active []


[2]
Chapter 2.

Overfull \hbox (14.84912pt too wide) in paragraph at lines 212--212
|[][]\T1/phv/b/n/10 carlhauser_client_tests.EvaluationTools.evaluator.test_clus
ter_matching_quality_evaluator
 []

LaTeX Font Info:    Try loading font information for T1+pcr on input line 219.
(/usr/share/texmf-dist/tex/latex/psnfss/t1pcr.fd
File: t1pcr.fd 2001/06/04 font definitions for T1/pcr.
)
LaTeX Font Info:    Font shape `T1/pcr/bx/n' in size <10> not available
(Font)              Font shape `T1/pcr/b/n' tried instead on input line 219.

Overfull \hbox (298.81418pt too wide) in paragraph at lines 219--219
[]\T1/ptm/m/it/10 methodName='runTest'\T1/pcr/m/n/10 ) 
 []


Overfull \hbox (9.59886pt too wide) in paragraph at lines 242--242
|[][]\T1/phv/b/n/10 carlhauser_client_tests.EvaluationTools.evaluator.test_simi
larity_graph_quality_evaluator
 []


Overfull \hbox (118.81418pt too wide) in paragraph at lines 264--264
[]\T1/ptm/m/it/10 methodName='runTest'\T1/pcr/m/n/10 ) 
 []

[3

] [4]
Chapter 3.

Underfull \hbox (badness 10000) in paragraph at lines 459--459
\T1/ptm/m/it/10 pro-ces-sus_list:
 []


Overfull \hbox (214.2412pt too wide) in paragraph at lines 459--459
\T1/ptm/m/it/10 List[carlhauser_server.Processus.worker_process.WorkerProcessus
]\T1/pcr/m/n/10 ) 
 []

[5

]
Overfull \vbox (661.0658pt too high) has occurred while \output is active []


[6]
Underfull \hbox (badness 10000) in paragraph at lines 536--536
[]\T1/ptm/m/it/10 worker_path:
 []


Overfull \hbox (6.99113pt too wide) in paragraph at lines 566--566
\T1/ptm/m/it/10 dist_conf: carl-hauser_server.Configuration.distance_engine_con
f.Default_distance_engine_conf
 []


Overfull \hbox (42.60071pt too wide) in paragraph at lines 566--566
\T1/ptm/m/it/10 = None\T1/ptm/m/n/10 , \T1/ptm/m/it/10 fe_conf: carl-hauser_ser
ver.Configuration.feature_extractor_conf.Default_feature_extractor_conf
 []

[7] [8]
Chapter 4.

Overfull \hbox (148.81418pt too wide) in paragraph at lines 649--649
[]\T1/ptm/m/it/10 methodName='runTest'\T1/pcr/m/n/10 ) 
 []


Overfull \hbox (76.81418pt too wide) in paragraph at lines 760--760
[]\T1/ptm/m/it/10 methodName='runTest'\T1/pcr/m/n/10 ) 
 []

[9

] [10]
Overfull \vbox (11.78896pt too high) has occurred while \output is active []


[11]
Overfull \hbox (154.81418pt too wide) in paragraph at lines 825--825
[]\T1/ptm/m/it/10 methodName='runTest'\T1/pcr/m/n/10 ) 
 []

[12]
Chapter 5.
[13

] [14]
Underfull \hbox (badness 10000) in paragraph at lines 1169--1169
[]\T1/ptm/m/it/10 *\T1/ptm/m/n/10 , \T1/ptm/m/it/10 skip-
 []


Underfull \hbox (badness 10000) in paragraph at lines 1169--1169
\T1/ptm/m/it/10 keys=False\T1/ptm/m/n/10 ,
 []


Underfull \hbox (badness 10000) in paragraph at lines 1169--1169
\T1/ptm/m/it/10 en-
 []


Overfull \hbox (13.57419pt too wide) in paragraph at lines 1169--1169
\T1/ptm/m/it/10 sure_ascii=True\T1/ptm/m/n/10 ,
 []


Overfull \hbox (32.09421pt too wide) in paragraph at lines 1169--1169
\T1/ptm/m/it/10 check_circular=True\T1/ptm/m/n/10 ,
 []


Underfull \hbox (badness 10000) in paragraph at lines 1169--1169
\T1/ptm/m/it/10 al-
 []


Overfull \hbox (7.28467pt too wide) in paragraph at lines 1169--1169
\T1/ptm/m/it/10 low_nan=True\T1/ptm/m/n/10 ,
 []


Overfull \hbox (13.33418pt too wide) in paragraph at lines 1169--1169
\T1/ptm/m/it/10 sort_keys=False\T1/ptm/m/n/10 ,
 []


Underfull \hbox (badness 10000) in paragraph at lines 1169--1169
\T1/ptm/m/it/10 in-
 []


Underfull \hbox (badness 10000) in paragraph at lines 1169--1169
\T1/ptm/m/it/10 dent=None\T1/ptm/m/n/10 ,
 []


Underfull \hbox (badness 10000) in paragraph at lines 1169--1169
\T1/ptm/m/it/10 sep-a-ra-
 []


Underfull \hbox (badness 10000) in paragraph at lines 1169--1169
\T1/ptm/m/it/10 tors=None\T1/ptm/m/n/10 ,
 []


Underfull \hbox (badness 10000) in paragraph at lines 1169--1169
\T1/ptm/m/it/10 de-
 []

[15] [16]
LaTeX Font Info:    Font shape `T1/pcr/m/it' in size <10> not available
(Font)              Font shape `T1/pcr/m/sl' tried instead on input line 1347.
LaTeX Font Info:    Try loading font information for TS1+pcr on input line 1.
 (/usr/share/texmf-dist/tex/latex/psnfss/ts1pcr.fd
File: ts1pcr.fd 2001/06/04 font definitions for TS1/pcr.
)
LaTeX Font Info:    Font shape `TS1/pcr/bx/n' in size <10> not available
(Font)              Font shape `TS1/pcr/b/n' tried instead on input line 1.
 [17] [18]
Chapter 6.

Overfull \hbox (58.81418pt too wide) in paragraph at lines 1538--1538
[]\T1/ptm/m/it/10 methodName='runTest'\T1/pcr/m/n/10 ) 
 []


Overfull \hbox (21.45209pt too wide) in paragraph at lines 1557--1557
[]\T1/ptm/m/it/10 base_path: path-lib.Path\T1/pcr/m/n/10 ) $\OMS/cmsy/m/n/10 !$
 \T1/ptm/m/n/10 com-mon.DataTurksAlgos.pictures_exporter.PicturesExporter 
 []

[19

]
Overfull \hbox (118.81418pt too wide) in paragraph at lines 1619--1619
[]\T1/ptm/m/it/10 methodName='runTest'\T1/pcr/m/n/10 ) 
 []


Overfull \hbox (142.81418pt too wide) in paragraph at lines 1672--1672
[]\T1/ptm/m/it/10 methodName='runTest'\T1/pcr/m/n/10 ) 
 []


Overfull \hbox (154.81418pt too wide) in paragraph at lines 1711--1711
[]\T1/ptm/m/it/10 methodName='runTest'\T1/pcr/m/n/10 ) 
 []

[20]
Overfull \hbox (94.81418pt too wide) in paragraph at lines 1779--1779
[]\T1/ptm/m/it/10 methodName='runTest'\T1/pcr/m/n/10 ) 
 []


Overfull \hbox (208.81418pt too wide) in paragraph at lines 1833--1833
[]\T1/ptm/m/it/10 methodName='runTest'\T1/pcr/m/n/10 ) 
 []

[21]
Overfull \hbox (22.81418pt too wide) in paragraph at lines 1872--1872
[]\T1/ptm/m/it/10 methodName='runTest'\T1/pcr/m/n/10 ) 
 []

[22]
Chapter 7.
LaTeX Font Info:    Try loading font information for TS1+ptm on input line 1912
.
(/usr/share/texmf-dist/tex/latex/psnfss/ts1ptm.fd
File: ts1ptm.fd 2001/06/04 font definitions for TS1/ptm.
) [23

] [24

]
Overfull \hbox (120.6225pt too wide) in paragraph at lines 1931--1932
[]\T1/pcr/m/n/10 carlhauser_client.EvaluationTools.SimilarityGraphExtractor\T1/
ptm/m/n/10 ,
 []


Overfull \hbox (102.6225pt too wide) in paragraph at lines 1932--1933
[]\T1/pcr/m/n/10 carlhauser_client.EvaluationTools.StorageGraphExtractor\T1/ptm
/m/n/10 ,
 []


Overfull \hbox (6.6225pt too wide) in paragraph at lines 1937--1938
[]\T1/pcr/m/n/10 carlhauser_client_tests.EvaluationTools\T1/ptm/m/n/10 ,
 []


Overfull \hbox (66.6225pt too wide) in paragraph at lines 1938--1939
[]\T1/pcr/m/n/10 carlhauser_client_tests.EvaluationTools.evaluator\T1/ptm/m/n/1
0 ,
 []


Overfull \hbox (258.6225pt too wide) in paragraph at lines 1939--1940
[]\T1/pcr/m/n/10 carlhauser_client_tests.EvaluationTools.evaluator.test_similar
ity_graph_extractor\T1/ptm/m/n/10 ,
 []


Overfull \hbox (78.6225pt too wide) in paragraph at lines 1941--1942
[]\T1/pcr/m/n/10 carlhauser_client_tests.Helpers.test_dict_utilities\T1/ptm/m/n
/10 ,
 []


Overfull \hbox (24.6225pt too wide) in paragraph at lines 1943--1944
[]\T1/pcr/m/n/10 carlhauser_server.Processus.processus_list\T1/ptm/m/n/10 ,
 []


Overfull \hbox (24.6225pt too wide) in paragraph at lines 1944--1945
[]\T1/pcr/m/n/10 carlhauser_server.Processus.worker_process\T1/ptm/m/n/10 ,
 []


Overfull \hbox (84.6225pt too wide) in paragraph at lines 1947--1948
[]\T1/pcr/m/n/10 carlhauser_server_tests.API.test_in_memory_files_ops\T1/ptm/m/
n/10 ,
 []


Underfull \hbox (badness 10000) in paragraph at lines 1948--1949
[]\T1/pcr/m/n/10 carlhauser_server_tests.Configuration\T1/ptm/m/n/10 ,
 []


Overfull \hbox (12.6225pt too wide) in paragraph at lines 1950--1951
[]\T1/pcr/m/n/10 carlhauser_server_tests.DatabaseAccessor\T1/ptm/m/n/10 ,
 []


Overfull \hbox (0.6225pt too wide) in paragraph at lines 1951--1952
[]\T1/pcr/m/n/10 carlhauser_server_tests.DistanceEngine\T1/ptm/m/n/10 ,
 []


Overfull \hbox (12.6225pt too wide) in paragraph at lines 1952--1953
[]\T1/pcr/m/n/10 carlhauser_server_tests.FeatureExtractor\T1/ptm/m/n/10 ,
 []


Overfull \hbox (66.6225pt too wide) in paragraph at lines 1956--1957
[]\T1/pcr/m/n/10 carlhauser_server_tests.Singletons.test_singleton\T1/ptm/m/n/1
0 ,
 []


Overfull \hbox (114.6225pt too wide) in paragraph at lines 1957--1958
[]\T1/pcr/m/n/10 carlhauser_server_tests.Singletons.test_worker_start_stop\T1/p
tm/m/n/10 ,
 []


Overfull \hbox (6.6225pt too wide) in paragraph at lines 1963--1964
[]\T1/pcr/m/n/10 common.DataTurksAlgos.pictures_exporter\T1/ptm/m/n/10 ,
 []


Overfull \hbox (0.6225pt too wide) in paragraph at lines 1971--1972
[]\T1/pcr/m/n/10 common.ImportExport.json_import_export\T1/ptm/m/n/10 ,
 []


Overfull \hbox (12.6225pt too wide) in paragraph at lines 1972--1973
[]\T1/pcr/m/n/10 common.ImportExport.pickle_import_export\T1/ptm/m/n/10 ,
 []


Overfull \hbox (18.6225pt too wide) in paragraph at lines 1973--1974
[]\T1/pcr/m/n/10 common.ImportExport.picture_import_export\T1/ptm/m/n/10 ,
 []


Overfull \hbox (36.6225pt too wide) in paragraph at lines 1975--1976
[]\T1/pcr/m/n/10 common.ParametersExplorer.parameter_explorer\T1/ptm/m/n/10 ,
 []


Overfull \hbox (48.6225pt too wide) in paragraph at lines 1982--1983
[]\T1/pcr/m/n/10 common_tests.DataTurksAlgo.test_dataturks_algo\T1/ptm/m/n/10 ,

 []


Overfull \hbox (66.6225pt too wide) in paragraph at lines 1985--1986
[]\T1/pcr/m/n/10 common_tests.ImportExport.test_json_import_export\T1/ptm/m/n/1
0 ,
 []


Overfull \hbox (78.6225pt too wide) in paragraph at lines 1986--1987
[]\T1/pcr/m/n/10 common_tests.ImportExport.test_pickle_import_export\T1/ptm/m/n
/10 ,
 []


Overfull \hbox (84.6225pt too wide) in paragraph at lines 1987--1988
[]\T1/pcr/m/n/10 common_tests.ImportExport.test_picture_import_export\T1/ptm/m/
n/10 ,
 []

[25

]
Overfull \hbox (54.6225pt too wide) in paragraph at lines 1990--1991
[]\T1/pcr/m/n/10 common_tests.PerformanceDatastructs.test_scores\T1/ptm/m/n/10 
,
 []


Overfull \hbox (0.6225pt too wide) in paragraph at lines 1992--1993
[]\T1/pcr/m/n/10 common_tests.test_environment_variable\T1/ptm/m/n/10 ,
 []


Overfull \hbox (108.6225pt too wide) in paragraph at lines 1994--1995
[]\T1/pcr/m/n/10 common_tests.TestInstanceLauncher.test_instance_launcher\T1/pt
m/m/n/10 ,
 []

[26

] (./douglas-quaid.ind
Overfull \hbox (8.42072pt too wide) in paragraph at lines 8--10
[]\T1/pcr/m/n/10 ADD_PICTURE \T1/ptm/m/n/10 (\T1/ptm/m/it/10 com-mon.environmen
t_variable.EndPoints
 []


Overfull \hbox (53.92899pt too wide) in paragraph at lines 11--13
[]\T1/pcr/m/n/10 append() \T1/ptm/m/n/10 (\T1/ptm/m/it/10 carl-hauser_server.Pr
ocessus.processus_list.ProcessesList
 []


Overfull \hbox (118.1225pt too wide) in paragraph at lines 19--21
[]\T1/pcr/m/n/10 carlhauser_client.EvaluationTools.SimilarityGraphExtractor
 []


Overfull \hbox (100.1225pt too wide) in paragraph at lines 21--23
[]\T1/pcr/m/n/10 carlhauser_client.EvaluationTools.StorageGraphExtractor
 []


Overfull \hbox (4.1225pt too wide) in paragraph at lines 27--28
[]\T1/pcr/m/n/10 carlhauser_client_tests.EvaluationTools
 []


Overfull \hbox (64.1225pt too wide) in paragraph at lines 28--30
[]\T1/pcr/m/n/10 carlhauser_client_tests.EvaluationTools.evaluator
 []


Overfull \hbox (256.1225pt too wide) in paragraph at lines 30--32
[]\T1/pcr/m/n/10 carlhauser_client_tests.EvaluationTools.evaluator.test_similar
ity_graph_extractor
 []


Overfull \hbox (76.1225pt too wide) in paragraph at lines 33--35
[]\T1/pcr/m/n/10 carlhauser_client_tests.Helpers.test_dict_utilities
 []


Overfull \hbox (22.1225pt too wide) in paragraph at lines 36--37
[]\T1/pcr/m/n/10 carlhauser_server.Processus.processus_list
 []


Overfull \hbox (22.1225pt too wide) in paragraph at lines 37--38
[]\T1/pcr/m/n/10 carlhauser_server.Processus.worker_process
 []


Overfull \hbox (82.1225pt too wide) in paragraph at lines 40--42
[]\T1/pcr/m/n/10 carlhauser_server_tests.API.test_in_memory_files_ops
 []


Underfull \hbox (badness 10000) in paragraph at lines 42--43
[]\T1/pcr/m/n/10 carlhauser_server_tests.Configuration
 []


Overfull \hbox (10.1225pt too wide) in paragraph at lines 44--45
[]\T1/pcr/m/n/10 carlhauser_server_tests.DatabaseAccessor
 []


Underfull \hbox (badness 10000) in paragraph at lines 45--46
[]\T1/pcr/m/n/10 carlhauser_server_tests.DistanceEngine
 []


Overfull \hbox (10.1225pt too wide) in paragraph at lines 46--47
[]\T1/pcr/m/n/10 carlhauser_server_tests.FeatureExtractor
 []


Overfull \hbox (64.1225pt too wide) in paragraph at lines 50--52
[]\T1/pcr/m/n/10 carlhauser_server_tests.Singletons.test_singleton
 []


Overfull \hbox (112.1225pt too wide) in paragraph at lines 52--54
[]\T1/pcr/m/n/10 carlhauser_server_tests.Singletons.test_worker_start_stop
 []


Underfull \hbox (badness 10000) in paragraph at lines 54--56
[]\T1/pcr/m/n/10 check_correctness() \T1/ptm/m/n/10 (\T1/ptm/m/it/10 com-
 []


Underfull \hbox (badness 10000) in paragraph at lines 54--56
\T1/ptm/m/it/10 mon.HumanHash.urlifier.Referencer static
 []


Underfull \hbox (badness 10000) in paragraph at lines 56--58
[]\T1/pcr/m/n/10 check_size_folder() \T1/ptm/m/n/10 (\T1/ptm/m/it/10 com-
 []


Overfull \hbox (51.51962pt too wide) in paragraph at lines 56--58
\T1/ptm/m/it/10 mon_tests.DataTurksAlgo.test_dataturks_algo.test_template
 []


Underfull \hbox (badness 10000) in paragraph at lines 58--60
[]\T1/pcr/m/n/10 check_status() \T1/ptm/m/n/10 (\T1/ptm/m/it/10 carl-
 []


Overfull \hbox (46.21956pt too wide) in paragraph at lines 58--60
\T1/ptm/m/it/10 hauser_server.Processus.worker_process.WorkerProcessus
 []


Underfull \hbox (badness 10000) in paragraph at lines 60--62
[]\T1/pcr/m/n/10 clean_folder() \T1/ptm/m/n/10 (\T1/ptm/m/it/10 com-
 []


Overfull \hbox (51.51962pt too wide) in paragraph at lines 60--62
\T1/ptm/m/it/10 mon_tests.DataTurksAlgo.test_dataturks_algo.test_template
 []


Underfull \hbox (badness 10000) in paragraph at lines 62--64
[]\T1/pcr/m/n/10 commit_docker() \T1/ptm/m/n/10 (\T1/ptm/m/it/10 com-
 []


Overfull \hbox (33.09064pt too wide) in paragraph at lines 62--64
\T1/ptm/m/it/10 mon.HumanHash.docker_committer.DockerCommmiter
 []


Overfull \hbox (4.1225pt too wide) in paragraph at lines 69--70
[]\T1/pcr/m/n/10 common.DataTurksAlgos.pictures_exporter
 []

[27



]
Underfull \hbox (badness 10000) in paragraph at lines 77--78
[]\T1/pcr/m/n/10 common.ImportExport.json_import_export
 []


Overfull \hbox (10.1225pt too wide) in paragraph at lines 78--79
[]\T1/pcr/m/n/10 common.ImportExport.pickle_import_export
 []


Overfull \hbox (16.1225pt too wide) in paragraph at lines 79--80
[]\T1/pcr/m/n/10 common.ImportExport.picture_import_export
 []


Overfull \hbox (34.1225pt too wide) in paragraph at lines 81--82
[]\T1/pcr/m/n/10 common.ParametersExplorer.parameter_explorer
 []


Overfull \hbox (46.1225pt too wide) in paragraph at lines 88--90
[]\T1/pcr/m/n/10 common_tests.DataTurksAlgo.test_dataturks_algo
 []


Overfull \hbox (64.1225pt too wide) in paragraph at lines 92--94
[]\T1/pcr/m/n/10 common_tests.ImportExport.test_json_import_export
 []


Overfull \hbox (76.1225pt too wide) in paragraph at lines 94--96
[]\T1/pcr/m/n/10 common_tests.ImportExport.test_pickle_import_export
 []


Overfull \hbox (82.1225pt too wide) in paragraph at lines 96--98
[]\T1/pcr/m/n/10 common_tests.ImportExport.test_picture_import_export
 []


Underfull \hbox (badness 10000) in paragraph at lines 99--100
[]\T1/pcr/m/n/10 common_tests.PerformanceDatastructs
 []


Overfull \hbox (52.1225pt too wide) in paragraph at lines 100--102
[]\T1/pcr/m/n/10 common_tests.PerformanceDatastructs.test_scores
 []


Underfull \hbox (badness 10000) in paragraph at lines 103--104
[]\T1/pcr/m/n/10 common_tests.test_environment_variable
 []


Overfull \hbox (106.1225pt too wide) in paragraph at lines 105--107
[]\T1/pcr/m/n/10 common_tests.TestInstanceLauncher.test_instance_launcher
 []


Underfull \hbox (badness 10000) in paragraph at lines 107--109
[]\T1/pcr/m/n/10 correct_name() \T1/ptm/m/n/10 (\T1/ptm/m/it/10 com-
 []


Underfull \hbox (badness 10000) in paragraph at lines 107--109
\T1/ptm/m/it/10 mon.HumanHash.humanizer.Humanizer
 []


Underfull \hbox (badness 10000) in paragraph at lines 109--111
[]\T1/pcr/m/n/10 create_sorted() \T1/ptm/m/n/10 (\T1/ptm/m/it/10 com-
 []


Overfull \hbox (51.51962pt too wide) in paragraph at lines 109--111
\T1/ptm/m/it/10 mon_tests.DataTurksAlgo.test_dataturks_algo.test_template
 []


Underfull \hbox (badness 10000) in paragraph at lines 111--113
[]\T1/pcr/m/n/10 Custom_JSON_Encoder \T1/ptm/m/n/10 (\T1/ptm/m/it/10 class in c
om-
 []


Underfull \hbox (badness 10000) in paragraph at lines 111--113
\T1/ptm/m/it/10 mon.ImportExport.json_import_export\T1/ptm/m/n/10 ),
 []


Overfull \hbox (8.87059pt too wide) in paragraph at lines 116--118
[]\T1/pcr/m/n/10 DB_TO_ADD \T1/ptm/m/n/10 (\T1/ptm/m/it/10 com-mon.environment_
variable.QueueNames
 []


Underfull \hbox (badness 10000) in paragraph at lines 118--120
[]\T1/pcr/m/n/10 DB_TO_REQUEST \T1/ptm/m/n/10 (\T1/ptm/m/it/10 com-
 []


Underfull \hbox (badness 10000) in paragraph at lines 118--120
\T1/ptm/m/it/10 mon.environment_variable.QueueNames
 []


Overfull \hbox (101.6302pt too wide) in paragraph at lines 120--122
[]\T1/pcr/m/n/10 default() \T1/ptm/m/n/10 (\T1/ptm/m/it/10 com-mon.ImportExport
.json_import_export.Custom_JSON_Encoder
 []


Underfull \hbox (badness 10000) in paragraph at lines 122--124
[]\T1/pcr/m/n/10 dir_path() \T1/ptm/m/n/10 (\T1/ptm/m/it/10 in mod-ule com-
 []


Underfull \hbox (badness 10000) in paragraph at lines 122--124
\T1/ptm/m/it/10 mon.DataTurksAlgos.pictures_exporter\T1/ptm/m/n/10 ),
 []


Underfull \hbox (badness 10000) in paragraph at lines 124--125
[]\T1/pcr/m/n/10 dir_path() \T1/ptm/m/n/10 (\T1/ptm/m/it/10 in mod-ule com-
 []


Underfull \hbox (badness 10000) in paragraph at lines 125--127
[]\T1/pcr/m/n/10 DockerCommmiter \T1/ptm/m/n/10 (\T1/ptm/m/it/10 class in com-
 []


Underfull \hbox (badness 10000) in paragraph at lines 130--132
[]\T1/pcr/m/n/10 EMPTY_PIPELINE \T1/ptm/m/n/10 (\T1/ptm/m/it/10 com-
 []


Underfull \hbox (badness 10000) in paragraph at lines 130--132
\T1/ptm/m/it/10 mon.environment_variable.EndPoints at-
 []


Underfull \hbox (badness 10000) in paragraph at lines 133--135
[]\T1/pcr/m/n/10 export_dicts() \T1/ptm/m/n/10 (\T1/ptm/m/it/10 com-
 []


Overfull \hbox (37.7798pt too wide) in paragraph at lines 133--135
\T1/ptm/m/it/10 mon.DataTurksAlgos.pictures_exporter.PicturesExporter
 []


Underfull \hbox (badness 10000) in paragraph at lines 138--140
[]\T1/pcr/m/n/10 FEATURE_TO_ADD \T1/ptm/m/n/10 (\T1/ptm/m/it/10 com-
 []


Underfull \hbox (badness 10000) in paragraph at lines 138--140
\T1/ptm/m/it/10 mon.environment_variable.QueueNames
 []


Underfull \hbox (badness 10000) in paragraph at lines 140--142
[]\T1/pcr/m/n/10 FEATURE_TO_REQUEST \T1/ptm/m/n/10 (\T1/ptm/m/it/10 com-
 []


Underfull \hbox (badness 10000) in paragraph at lines 140--142
\T1/ptm/m/it/10 mon.environment_variable.QueueNames
 []


Overfull \hbox (47.92899pt too wide) in paragraph at lines 142--144
[]\T1/pcr/m/n/10 flush() \T1/ptm/m/n/10 (\T1/ptm/m/it/10 carl-hauser_server.Pro
cessus.processus_list.ProcessesList
 []


Underfull \hbox (badness 10000) in paragraph at lines 144--146
[]\T1/pcr/m/n/10 flush_not_running() \T1/ptm/m/n/10 (\T1/ptm/m/it/10 carl-
 []


Overfull \hbox (24.58928pt too wide) in paragraph at lines 144--146
\T1/ptm/m/it/10 hauser_server.Processus.processus_list.ProcessesList
 []


Underfull \hbox (badness 10000) in paragraph at lines 149--151
[]\T1/pcr/m/n/10 get_commit_name() \T1/ptm/m/n/10 (\T1/ptm/m/it/10 com-
 []


Overfull \hbox (33.09064pt too wide) in paragraph at lines 149--151
\T1/ptm/m/it/10 mon.HumanHash.docker_committer.DockerCommmiter
 []


Underfull \hbox (badness 10000) in paragraph at lines 151--152
[]\T1/pcr/m/n/10 get_homedir() \T1/ptm/m/n/10 (\T1/ptm/m/it/10 in mod-ule com-
 []


Underfull \hbox (badness 10000) in paragraph at lines 152--154
[]\T1/pcr/m/n/10 get_myvalue() \T1/ptm/m/n/10 (\T1/ptm/m/it/10 carl-
 []


Overfull \hbox (81.21869pt too wide) in paragraph at lines 152--154
\T1/ptm/m/it/10 hauser_server_tests.Singletons.test_singleton.testSingleton.Der
ived
 []


Overfull \hbox (12.83131pt too wide) in paragraph at lines 154--156
[]\T1/pcr/m/n/10 get_name() \T1/ptm/m/n/10 (\T1/ptm/m/it/10 com-mon.HumanHash.h
umanizer.Humanizer
 []


Underfull \hbox (badness 10000) in paragraph at lines 156--158
[]\T1/pcr/m/n/10 get_object_from_pickle() \T1/ptm/m/n/10 (\T1/ptm/m/it/10 com-
 []


Overfull \hbox (3.66045pt too wide) in paragraph at lines 156--158
\T1/ptm/m/it/10 mon.ImportExport.pickle_import_export.Pickler
 []


Underfull \hbox (badness 10000) in paragraph at lines 158--160
[]\T1/pcr/m/n/10 get_pickle_from_object() \T1/ptm/m/n/10 (\T1/ptm/m/it/10 com-
 []


Overfull \hbox (3.66045pt too wide) in paragraph at lines 158--160
\T1/ptm/m/it/10 mon.ImportExport.pickle_import_export.Pickler
 []

[28]
Underfull \hbox (badness 10000) in paragraph at lines 160--162
[]\T1/pcr/m/n/10 GET_REQUEST_RESULT \T1/ptm/m/n/10 (\T1/ptm/m/it/10 com-
 []


Underfull \hbox (badness 10000) in paragraph at lines 160--162
\T1/ptm/m/it/10 mon.environment_variable.EndPoints at-
 []


Underfull \hbox (badness 10000) in paragraph at lines 162--164
[]\T1/pcr/m/n/10 get_running_processus() \T1/ptm/m/n/10 (\T1/ptm/m/it/10 carl-
 []


Overfull \hbox (24.58928pt too wide) in paragraph at lines 162--164
\T1/ptm/m/it/10 hauser_server.Processus.processus_list.ProcessesList
 []


Overfull \hbox (81.55927pt too wide) in paragraph at lines 164--166
[]\T1/pcr/m/n/10 get_str() \T1/ptm/m/n/10 (\T1/ptm/m/it/10 carl-hauser_server.P
rocessus.worker_process.WorkerProcessus
 []


Underfull \hbox (badness 10000) in paragraph at lines 166--168
[]\T1/pcr/m/n/10 get_value_shared() \T1/ptm/m/n/10 (\T1/ptm/m/it/10 carl-
 []


Overfull \hbox (81.21869pt too wide) in paragraph at lines 166--168
\T1/ptm/m/it/10 hauser_server_tests.Singletons.test_singleton.testSingleton.Der
ived
 []


Underfull \hbox (badness 10000) in paragraph at lines 171--173
[]\T1/pcr/m/n/10 humanize_name() \T1/ptm/m/n/10 (\T1/ptm/m/it/10 com-
 []


Underfull \hbox (badness 10000) in paragraph at lines 171--173
\T1/ptm/m/it/10 mon.HumanHash.humanizer.Humanizer
 []


Underfull \hbox (badness 10000) in paragraph at lines 177--179
[]\T1/pcr/m/n/10 increment_value() \T1/ptm/m/n/10 (\T1/ptm/m/it/10 carl-
 []


Overfull \hbox (81.21869pt too wide) in paragraph at lines 177--179
\T1/ptm/m/it/10 hauser_server_tests.Singletons.test_singleton.testSingleton.Der
ived
 []


Underfull \hbox (badness 10000) in paragraph at lines 179--181
[]\T1/pcr/m/n/10 inifnite_commit_docker() \T1/ptm/m/n/10 (\T1/ptm/m/it/10 com-
 []


Overfull \hbox (33.09064pt too wide) in paragraph at lines 179--181
\T1/ptm/m/it/10 mon.HumanHash.docker_committer.DockerCommmiter
 []


Underfull \hbox (badness 10000) in paragraph at lines 181--183
[]\T1/pcr/m/n/10 is_already_drawn() \T1/ptm/m/n/10 (\T1/ptm/m/it/10 com-
 []


Underfull \hbox (badness 10000) in paragraph at lines 181--183
\T1/ptm/m/it/10 mon.HumanHash.humanizer.Humanizer
 []


Underfull \hbox (badness 10000) in paragraph at lines 183--185
[]\T1/pcr/m/n/10 is_running() \T1/ptm/m/n/10 (\T1/ptm/m/it/10 carl-
 []


Overfull \hbox (46.21956pt too wide) in paragraph at lines 183--185
\T1/ptm/m/it/10 hauser_server.Processus.worker_process.WorkerProcessus
 []


Underfull \hbox (badness 10000) in paragraph at lines 185--187
[]\T1/pcr/m/n/10 is_there_alive_workers() \T1/ptm/m/n/10 (\T1/ptm/m/it/10 carl-

 []


Overfull \hbox (24.58928pt too wide) in paragraph at lines 185--187
\T1/ptm/m/it/10 hauser_server.Processus.processus_list.ProcessesList
 []


Underfull \hbox (badness 10000) in paragraph at lines 187--189
[]\T1/pcr/m/n/10 iterate_over_dataturks_json() \T1/ptm/m/n/10 (\T1/ptm/m/it/10 
com-
 []


Overfull \hbox (37.7798pt too wide) in paragraph at lines 187--189
\T1/ptm/m/it/10 mon.DataTurksAlgos.pictures_exporter.PicturesExporter
 []


Underfull \hbox (badness 10000) in paragraph at lines 192--194
[]\T1/pcr/m/n/10 JSON_parsable_Dict \T1/ptm/m/n/10 (\T1/ptm/m/it/10 class in co
m-
 []


Underfull \hbox (badness 10000) in paragraph at lines 194--196
[]\T1/pcr/m/n/10 JSON_parsable_Enum \T1/ptm/m/n/10 (\T1/ptm/m/it/10 class in co
m-
 []


Underfull \hbox (badness 10000) in paragraph at lines 199--201
[]\T1/pcr/m/n/10 kill_all_processus() \T1/ptm/m/n/10 (\T1/ptm/m/it/10 carl-
 []


Overfull \hbox (24.58928pt too wide) in paragraph at lines 199--201
\T1/ptm/m/it/10 hauser_server.Processus.processus_list.ProcessesList
 []


Overfull \hbox (75.55927pt too wide) in paragraph at lines 204--206
[]\T1/pcr/m/n/10 launch() \T1/ptm/m/n/10 (\T1/ptm/m/it/10 carl-hauser_server.Pr
ocessus.worker_process.WorkerProcessus
 []


Overfull \hbox (100.11984pt too wide) in paragraph at lines 206--208
[]\T1/pcr/m/n/10 launch() \T1/ptm/m/n/10 (\T1/ptm/m/it/10 com-mon.ParametersExp
lorer.parameter_explorer.ParameterExplorer
 []


Underfull \hbox (badness 10000) in paragraph at lines 208--210
[]\T1/pcr/m/n/10 launch_copy() \T1/ptm/m/n/10 (\T1/ptm/m/it/10 com-
 []


Overfull \hbox (37.7798pt too wide) in paragraph at lines 208--210
\T1/ptm/m/it/10 mon.DataTurksAlgos.pictures_exporter.PicturesExporter
 []


Underfull \hbox (badness 10000) in paragraph at lines 210--212
[]\T1/pcr/m/n/10 list_to_dict() \T1/ptm/m/n/10 (\T1/ptm/m/it/10 com-
 []


Overfull \hbox (37.7798pt too wide) in paragraph at lines 210--212
\T1/ptm/m/it/10 mon.DataTurksAlgos.pictures_exporter.PicturesExporter
 []


Underfull \hbox (badness 10000) in paragraph at lines 214--216
[]\T1/pcr/m/n/10 load_dataturks_json() \T1/ptm/m/n/10 (\T1/ptm/m/it/10 com-
 []


Overfull \hbox (37.7798pt too wide) in paragraph at lines 214--216
\T1/ptm/m/it/10 mon.DataTurksAlgos.pictures_exporter.PicturesExporter
 []


Underfull \hbox (badness 10000) in paragraph at lines 216--218
[]\T1/pcr/m/n/10 load_files() \T1/ptm/m/n/10 (\T1/ptm/m/it/10 com-
 []


Overfull \hbox (37.7798pt too wide) in paragraph at lines 216--218
\T1/ptm/m/it/10 mon.DataTurksAlgos.pictures_exporter.PicturesExporter
 []


Underfull \hbox (badness 10000) in paragraph at lines 218--220
[]\T1/pcr/m/n/10 load_json() \T1/ptm/m/n/10 (\T1/ptm/m/it/10 in mod-ule com-
 []


Underfull \hbox (badness 10000) in paragraph at lines 218--220
\T1/ptm/m/it/10 mon.ImportExport.json_import_export\T1/ptm/m/n/10 ),
 []


Underfull \hbox (badness 10000) in paragraph at lines 220--222
[]\T1/pcr/m/n/10 load_picture() \T1/ptm/m/n/10 (\T1/ptm/m/it/10 in mod-ule com-

 []


Underfull \hbox (badness 10000) in paragraph at lines 220--222
\T1/ptm/m/it/10 mon.ImportExport.picture_import_export\T1/ptm/m/n/10 ),
 []


Underfull \hbox (badness 10000) in paragraph at lines 222--224
[]\T1/pcr/m/n/10 load_pictures_to_copy() \T1/ptm/m/n/10 (\T1/ptm/m/it/10 com-
 []


Overfull \hbox (37.7798pt too wide) in paragraph at lines 222--224
\T1/ptm/m/it/10 mon.DataTurksAlgos.pictures_exporter.PicturesExporter
 []


Underfull \hbox (badness 10000) in paragraph at lines 224--226
[]\T1/pcr/m/n/10 load_pictures_to_not_copy() \T1/ptm/m/n/10 (\T1/ptm/m/it/10 co
m-
 []


Overfull \hbox (37.7798pt too wide) in paragraph at lines 224--226
\T1/ptm/m/it/10 mon.DataTurksAlgos.pictures_exporter.PicturesExporter
 []


Underfull \hbox (badness 10000) in paragraph at lines 231--232
[]\T1/pcr/m/n/10 main() \T1/ptm/m/n/10 (\T1/ptm/m/it/10 in mod-ule com-
 []


Underfull \hbox (badness 10000) in paragraph at lines 234--236
[]\T1/pcr/m/n/10 make_big_line() \T1/ptm/m/n/10 (\T1/ptm/m/it/10 in mod-ule com
-
 []


Underfull \hbox (badness 10000) in paragraph at lines 236--238
[]\T1/pcr/m/n/10 make_small_line() \T1/ptm/m/n/10 (\T1/ptm/m/it/10 in mod-ule c
om-
 []


Underfull \hbox (badness 10000) in paragraph at lines 241--243
[]\T1/pcr/m/n/10 ParameterExplorer \T1/ptm/m/n/10 (\T1/ptm/m/it/10 class in com
-
 []


Underfull \hbox (badness 10000) in paragraph at lines 241--243
\T1/ptm/m/it/10 mon.ParametersExplorer.parameter_explorer\T1/ptm/m/n/10 ),
 []


Underfull \hbox (badness 10000) in paragraph at lines 243--245
[]\T1/pcr/m/n/10 patch_Keypoint_pickiling() \T1/ptm/m/n/10 (\T1/ptm/m/it/10 com
-
 []


Overfull \hbox (3.66045pt too wide) in paragraph at lines 243--245
\T1/ptm/m/it/10 mon.ImportExport.pickle_import_export.Pickler
 []


Underfull \hbox (badness 10000) in paragraph at lines 245--247
[]\T1/pcr/m/n/10 Pickler \T1/ptm/m/n/10 (\T1/ptm/m/it/10 class in com-
 []


Underfull \hbox (badness 10000) in paragraph at lines 245--247
\T1/ptm/m/it/10 mon.ImportExport.pickle_import_export\T1/ptm/m/n/10 ),
 []

[29]
Underfull \hbox (badness 10000) in paragraph at lines 247--249
[]\T1/pcr/m/n/10 PicturesExporter \T1/ptm/m/n/10 (\T1/ptm/m/it/10 class in com-

 []


Underfull \hbox (badness 10000) in paragraph at lines 247--249
\T1/ptm/m/it/10 mon.DataTurksAlgos.pictures_exporter\T1/ptm/m/n/10 ),
 []


Underfull \hbox (badness 10000) in paragraph at lines 249--251
[]\T1/pcr/m/n/10 ProcessesList \T1/ptm/m/n/10 (\T1/ptm/m/it/10 class in carl-
 []


Underfull \hbox (badness 10000) in paragraph at lines 249--251
\T1/ptm/m/it/10 hauser_server.Processus.processus_list\T1/ptm/m/n/10 ),
 []


Underfull \hbox (badness 10000) in paragraph at lines 258--260
[]\T1/pcr/m/n/10 reference_all_files() \T1/ptm/m/n/10 (\T1/ptm/m/it/10 com-
 []


Underfull \hbox (badness 7759) in paragraph at lines 258--260
\T1/ptm/m/it/10 mon.HumanHash.urlifier.Referencer method\T1/ptm/m/n/10 ),
 []


Underfull \hbox (badness 10000) in paragraph at lines 261--263
[]\T1/pcr/m/n/10 remove_too_old_images() \T1/ptm/m/n/10 (\T1/ptm/m/it/10 com-
 []


Overfull \hbox (33.09064pt too wide) in paragraph at lines 261--263
\T1/ptm/m/it/10 mon.HumanHash.docker_committer.DockerCommmiter
 []


Underfull \hbox (badness 10000) in paragraph at lines 263--265
[]\T1/pcr/m/n/10 rename_all_files() \T1/ptm/m/n/10 (\T1/ptm/m/it/10 com-
 []


Underfull \hbox (badness 10000) in paragraph at lines 263--265
\T1/ptm/m/it/10 mon.HumanHash.humanizer.Humanizer
 []


Overfull \hbox (2.42072pt too wide) in paragraph at lines 265--267
[]\T1/pcr/m/n/10 REQUEST_DB \T1/ptm/m/n/10 (\T1/ptm/m/it/10 com-mon.environment
_variable.EndPoints
 []


Underfull \hbox (badness 10000) in paragraph at lines 267--269
[]\T1/pcr/m/n/10 REQUEST_PICTURE \T1/ptm/m/n/10 (\T1/ptm/m/it/10 com-
 []


Underfull \hbox (badness 10000) in paragraph at lines 267--269
\T1/ptm/m/it/10 mon.environment_variable.EndPoints at-
 []


Underfull \hbox (badness 10000) in paragraph at lines 269--270
[]\T1/pcr/m/n/10 resolve_path() \T1/ptm/m/n/10 (\T1/ptm/m/it/10 in mod-ule com-

 []


Underfull \hbox (badness 10000) in paragraph at lines 273--275
[]\T1/pcr/m/n/10 sanity_check() \T1/ptm/m/n/10 (\T1/ptm/m/it/10 com-
 []


Underfull \hbox (badness 10000) in paragraph at lines 273--275
\T1/ptm/m/it/10 mon.HumanHash.humanizer.Humanizer
 []


Underfull \hbox (badness 10000) in paragraph at lines 275--277
[]\T1/pcr/m/n/10 save_json() \T1/ptm/m/n/10 (\T1/ptm/m/it/10 in mod-ule com-
 []


Underfull \hbox (badness 10000) in paragraph at lines 275--277
\T1/ptm/m/it/10 mon.ImportExport.json_import_export\T1/ptm/m/n/10 ),
 []


Underfull \hbox (badness 10000) in paragraph at lines 277--279
[]\T1/pcr/m/n/10 save_picture() \T1/ptm/m/n/10 (\T1/ptm/m/it/10 in mod-ule com-

 []


Underfull \hbox (badness 10000) in paragraph at lines 277--279
\T1/ptm/m/it/10 mon.ImportExport.picture_import_export\T1/ptm/m/n/10 ),
 []


Underfull \hbox (badness 10000) in paragraph at lines 279--281
[]\T1/pcr/m/n/10 save_to_text() \T1/ptm/m/n/10 (\T1/ptm/m/it/10 com-
 []


Underfull \hbox (badness 10000) in paragraph at lines 279--281
\T1/ptm/m/it/10 mon.HumanHash.urlifier.Referencer static
 []


Overfull \hbox (228.04723pt too wide) in paragraph at lines 281--283
[]\T1/pcr/m/n/10 setUp() \T1/ptm/m/n/10 (\T1/ptm/m/it/10 carl-hauser_client_tes
ts.EvaluationTools.evaluator.test_similarity_graph_extractor.TestClusterMatcher

 []


Overfull \hbox (97.56795pt too wide) in paragraph at lines 283--285
[]\T1/pcr/m/n/10 setUp() \T1/ptm/m/n/10 (\T1/ptm/m/it/10 carl-hauser_client_tes
ts.Helpers.test_dict_utilities.TestClusterMatcher
 []


Overfull \hbox (142.62868pt too wide) in paragraph at lines 285--287
[]\T1/pcr/m/n/10 setUp() \T1/ptm/m/n/10 (\T1/ptm/m/it/10 carl-hauser_server_tes
ts.API.test_in_memory_files_ops.TestInMemoryOperations
 []


Overfull \hbox (69.84882pt too wide) in paragraph at lines 287--289
[]\T1/pcr/m/n/10 setUp() \T1/ptm/m/n/10 (\T1/ptm/m/it/10 carl-hauser_server_tes
ts.Singletons.test_singleton.testSingleton
 []


Overfull \hbox (132.51799pt too wide) in paragraph at lines 289--291
[]\T1/pcr/m/n/10 setUp() \T1/ptm/m/n/10 (\T1/ptm/m/it/10 carl-hauser_server_tes
ts.Singletons.test_worker_start_stop.testDistanceEngine
 []


Overfull \hbox (75.40952pt too wide) in paragraph at lines 291--293
[]\T1/pcr/m/n/10 setUp() \T1/ptm/m/n/10 (\T1/ptm/m/it/10 com-mon_tests.DataTurk
sAlgo.test_dataturks_algo.test_template
 []


Overfull \hbox (125.18893pt too wide) in paragraph at lines 293--295
[]\T1/pcr/m/n/10 setUp() \T1/ptm/m/n/10 (\T1/ptm/m/it/10 com-mon_tests.ImportEx
port.test_json_import_export.testJSONImportExport
 []


Overfull \hbox (143.31868pt too wide) in paragraph at lines 295--297
[]\T1/pcr/m/n/10 setUp() \T1/ptm/m/n/10 (\T1/ptm/m/it/10 com-mon_tests.ImportEx
port.test_pickle_import_export.testPICKLEImportExport
 []


Overfull \hbox (154.2586pt too wide) in paragraph at lines 297--299
[]\T1/pcr/m/n/10 setUp() \T1/ptm/m/n/10 (\T1/ptm/m/it/10 com-mon_tests.ImportEx
port.test_picture_import_export.testPICTUREImportExport
 []


Overfull \hbox (102.5887pt too wide) in paragraph at lines 299--301
[]\T1/pcr/m/n/10 setUp() \T1/ptm/m/n/10 (\T1/ptm/m/it/10 com-mon_tests.Performa
nceDatastructs.test_scores.TestClusterMatcher
 []


Overfull \hbox (50.01007pt too wide) in paragraph at lines 301--303
[]\T1/pcr/m/n/10 setUp() \T1/ptm/m/n/10 (\T1/ptm/m/it/10 com-mon_tests.test_env
ironment_variable.TestEnvVariable
 []


Overfull \hbox (177.89859pt too wide) in paragraph at lines 303--305
[]\T1/pcr/m/n/10 setUp() \T1/ptm/m/n/10 (\T1/ptm/m/it/10 com-mon_tests.TestInst
anceLauncher.test_instance_launcher.test_tests_database_launcher
 []


Overfull \hbox (87.55927pt too wide) in paragraph at lines 305--307
[]\T1/pcr/m/n/10 shutdown() \T1/ptm/m/n/10 (\T1/ptm/m/it/10 carl-hauser_server.
Processus.worker_process.WorkerProcessus
 []


Underfull \hbox (badness 10000) in paragraph at lines 307--309
[]\T1/pcr/m/n/10 store_value() \T1/ptm/m/n/10 (\T1/ptm/m/it/10 com-
 []


Underfull \hbox (badness 7759) in paragraph at lines 307--309
\T1/ptm/m/it/10 mon.HumanHash.urlifier.Referencer method\T1/ptm/m/n/10 ),
 []


Overfull \hbox (143.18893pt too wide) in paragraph at lines 312--314
[]\T1/pcr/m/n/10 tearDown() \T1/ptm/m/n/10 (\T1/ptm/m/it/10 com-mon_tests.Impor
tExport.test_json_import_export.testJSONImportExport
 []


Overfull \hbox (172.2586pt too wide) in paragraph at lines 314--316
[]\T1/pcr/m/n/10 tearDown() \T1/ptm/m/n/10 (\T1/ptm/m/it/10 com-mon_tests.Impor
tExport.test_picture_import_export.testPICTUREImportExport
 []


Underfull \hbox (badness 10000) in paragraph at lines 317--319
[]\T1/pcr/m/n/10 test_absolute_truth_and_meaning() \T1/ptm/m/n/10 (\T1/ptm/m/it
/10 carl-
 []


Overfull \hbox (204.70752pt too wide) in paragraph at lines 317--319
\T1/ptm/m/it/10 hauser_client_tests.EvaluationTools.evaluator.test_similarity_g
raph_extractor.TestClusterMatcher
 []


Underfull \hbox (badness 10000) in paragraph at lines 319--321
[]\T1/pcr/m/n/10 test_absolute_truth_and_meaning() \T1/ptm/m/n/10 (\T1/ptm/m/it
/10 carl-
 []


Overfull \hbox (74.22824pt too wide) in paragraph at lines 319--321
\T1/ptm/m/it/10 hauser_client_tests.Helpers.test_dict_utilities.TestClusterMatc
her
 []


Underfull \hbox (badness 10000) in paragraph at lines 321--323
[]\T1/pcr/m/n/10 test_absolute_truth_and_meaning() \T1/ptm/m/n/10 (\T1/ptm/m/it
/10 carl-
 []


Overfull \hbox (119.28897pt too wide) in paragraph at lines 321--323
\T1/ptm/m/it/10 hauser_server_tests.API.test_in_memory_files_ops.TestInMemoryOp
erations
 []


Underfull \hbox (badness 10000) in paragraph at lines 323--325
[]\T1/pcr/m/n/10 test_absolute_truth_and_meaning() \T1/ptm/m/n/10 (\T1/ptm/m/it
/10 carl-
 []


Overfull \hbox (109.17828pt too wide) in paragraph at lines 323--325
\T1/ptm/m/it/10 hauser_server_tests.Singletons.test_worker_start_stop.testDista
nceEngine
 []


Underfull \hbox (badness 6575) in paragraph at lines 325--327
[]\T1/pcr/m/n/10 test_absolute_truth_and_meaning() \T1/ptm/m/n/10 (\T1/ptm/m/it
/10 com-
 []


Overfull \hbox (101.29904pt too wide) in paragraph at lines 325--327
\T1/ptm/m/it/10 mon_tests.ImportExport.test_json_import_export.testJSONImportEx
port
 []


Underfull \hbox (badness 6575) in paragraph at lines 327--329
[]\T1/pcr/m/n/10 test_absolute_truth_and_meaning() \T1/ptm/m/n/10 (\T1/ptm/m/it
/10 com-
 []


Overfull \hbox (119.42879pt too wide) in paragraph at lines 327--329
\T1/ptm/m/it/10 mon_tests.ImportExport.test_pickle_import_export.testPICKLEImpo
rtExport
 []


Underfull \hbox (badness 6575) in paragraph at lines 329--331
[]\T1/pcr/m/n/10 test_absolute_truth_and_meaning() \T1/ptm/m/n/10 (\T1/ptm/m/it
/10 com-
 []


Overfull \hbox (130.36871pt too wide) in paragraph at lines 329--331
\T1/ptm/m/it/10 mon_tests.ImportExport.test_picture_import_export.testPICTUREIm
portExport
 []


Underfull \hbox (badness 6575) in paragraph at lines 331--333
[]\T1/pcr/m/n/10 test_absolute_truth_and_meaning() \T1/ptm/m/n/10 (\T1/ptm/m/it
/10 com-
 []


Overfull \hbox (78.6988pt too wide) in paragraph at lines 331--333
\T1/ptm/m/it/10 mon_tests.PerformanceDatastructs.test_scores.TestClusterMatcher

 []


Underfull \hbox (badness 6575) in paragraph at lines 333--335
[]\T1/pcr/m/n/10 test_absolute_truth_and_meaning() \T1/ptm/m/n/10 (\T1/ptm/m/it
/10 com-
 []


Overfull \hbox (26.12018pt too wide) in paragraph at lines 333--335
\T1/ptm/m/it/10 mon_tests.test_environment_variable.TestEnvVariable
 []

[30]
Underfull \hbox (badness 6575) in paragraph at lines 335--337
[]\T1/pcr/m/n/10 test_absolute_truth_and_meaning() \T1/ptm/m/n/10 (\T1/ptm/m/it
/10 com-
 []


Overfull \hbox (154.0087pt too wide) in paragraph at lines 335--337
\T1/ptm/m/it/10 mon_tests.TestInstanceLauncher.test_instance_launcher.test_test
s_database_launcher
 []


Overfull \hbox (51.51962pt too wide) in paragraph at lines 337--339
\T1/ptm/m/it/10 mon_tests.DataTurksAlgo.test_dataturks_algo.test_template
 []


Underfull \hbox (badness 10000) in paragraph at lines 339--341
[]\T1/pcr/m/n/10 test_bmp_conversion() \T1/ptm/m/n/10 (\T1/ptm/m/it/10 carl-
 []


Overfull \hbox (119.28897pt too wide) in paragraph at lines 339--341
\T1/ptm/m/it/10 hauser_server_tests.API.test_in_memory_files_ops.TestInMemoryOp
erations
 []


Underfull \hbox (badness 10000) in paragraph at lines 341--343
[]\T1/pcr/m/n/10 test_compute_score_for_one_threshold()
 []


Overfull \hbox (173.99857pt too wide) in paragraph at lines 341--343
\T1/ptm/m/n/10 (\T1/ptm/m/it/10 com-mon_tests.TestInstanceLauncher.test_instanc
e_launcher.test_tests_database_launcher
 []


Underfull \hbox (badness 10000) in paragraph at lines 343--345
[]\T1/pcr/m/n/10 test_dict_reverse() \T1/ptm/m/n/10 (\T1/ptm/m/it/10 carl-
 []


Overfull \hbox (74.22824pt too wide) in paragraph at lines 343--345
\T1/ptm/m/it/10 hauser_client_tests.Helpers.test_dict_utilities.TestClusterMatc
her
 []


Underfull \hbox (badness 10000) in paragraph at lines 345--347
[]\T1/pcr/m/n/10 test_dict_reverse_hard() \T1/ptm/m/n/10 (\T1/ptm/m/it/10 carl-

 []


Overfull \hbox (74.22824pt too wide) in paragraph at lines 345--347
\T1/ptm/m/it/10 hauser_client_tests.Helpers.test_dict_utilities.TestClusterMatc
her
 []


Underfull \hbox (badness 10000) in paragraph at lines 347--349
[]\T1/pcr/m/n/10 test_dict_reverse_realist() \T1/ptm/m/n/10 (\T1/ptm/m/it/10 ca
rl-
 []


Overfull \hbox (74.22824pt too wide) in paragraph at lines 347--349
\T1/ptm/m/it/10 hauser_client_tests.Helpers.test_dict_utilities.TestClusterMatc
her
 []


Underfull \hbox (badness 10000) in paragraph at lines 349--351
[]\T1/pcr/m/n/10 test_dict_update() \T1/ptm/m/n/10 (\T1/ptm/m/it/10 carl-
 []


Overfull \hbox (74.22824pt too wide) in paragraph at lines 349--351
\T1/ptm/m/it/10 hauser_client_tests.Helpers.test_dict_utilities.TestClusterMatc
her
 []


Underfull \hbox (badness 10000) in paragraph at lines 351--353
[]\T1/pcr/m/n/10 test_dir_path() \T1/ptm/m/n/10 (\T1/ptm/m/it/10 com-
 []


Overfull \hbox (26.12018pt too wide) in paragraph at lines 351--353
\T1/ptm/m/it/10 mon_tests.test_environment_variable.TestEnvVariable
 []


Underfull \hbox (badness 10000) in paragraph at lines 353--355
[]\T1/pcr/m/n/10 test_env_variable_presence() \T1/ptm/m/n/10 (\T1/ptm/m/it/10 c
om-
 []


Overfull \hbox (26.12018pt too wide) in paragraph at lines 353--355
\T1/ptm/m/it/10 mon_tests.test_environment_variable.TestEnvVariable
 []


Underfull \hbox (badness 10000) in paragraph at lines 355--357
[]\T1/pcr/m/n/10 test_exif_and_hash() \T1/ptm/m/n/10 (\T1/ptm/m/it/10 carl-
 []


Overfull \hbox (119.28897pt too wide) in paragraph at lines 355--357
\T1/ptm/m/it/10 hauser_server_tests.API.test_in_memory_files_ops.TestInMemoryOp
erations
 []


Underfull \hbox (badness 10000) in paragraph at lines 357--359
[]\T1/pcr/m/n/10 test_first_copy_packets_size() \T1/ptm/m/n/10 (\T1/ptm/m/it/10
 com-
 []


Overfull \hbox (51.51962pt too wide) in paragraph at lines 357--359
\T1/ptm/m/it/10 mon_tests.DataTurksAlgo.test_dataturks_algo.test_template
 []


Underfull \hbox (badness 10000) in paragraph at lines 359--361
[]\T1/pcr/m/n/10 test_json_export() \T1/ptm/m/n/10 (\T1/ptm/m/it/10 com-
 []


Overfull \hbox (101.29904pt too wide) in paragraph at lines 359--361
\T1/ptm/m/it/10 mon_tests.ImportExport.test_json_import_export.testJSONImportEx
port
 []


Underfull \hbox (badness 10000) in paragraph at lines 361--363
[]\T1/pcr/m/n/10 test_json_import() \T1/ptm/m/n/10 (\T1/ptm/m/it/10 com-
 []


Overfull \hbox (101.29904pt too wide) in paragraph at lines 361--363
\T1/ptm/m/it/10 mon_tests.ImportExport.test_json_import_export.testJSONImportEx
port
 []


Underfull \hbox (badness 10000) in paragraph at lines 363--365
[]\T1/pcr/m/n/10 test_json_import_export_consistency()
 []


Overfull \hbox (121.28891pt too wide) in paragraph at lines 363--365
\T1/ptm/m/n/10 (\T1/ptm/m/it/10 com-mon_tests.ImportExport.test_json_import_exp
ort.testJSONImportExport
 []


Underfull \hbox (badness 10000) in paragraph at lines 365--367
[]\T1/pcr/m/n/10 test_merge_scores() \T1/ptm/m/n/10 (\T1/ptm/m/it/10 com-
 []


Overfull \hbox (78.6988pt too wide) in paragraph at lines 365--367
\T1/ptm/m/it/10 mon_tests.PerformanceDatastructs.test_scores.TestClusterMatcher

 []


Overfull \hbox (4.1225pt too wide) in paragraph at lines 367--369
[]\T1/pcr/m/n/10 test_pickle_import_export_consistency()
 []


Overfull \hbox (139.41866pt too wide) in paragraph at lines 367--369
\T1/ptm/m/n/10 (\T1/ptm/m/it/10 com-mon_tests.ImportExport.test_pickle_import_e
xport.testPICKLEImportExport
 []


Underfull \hbox (badness 10000) in paragraph at lines 369--371
[]\T1/pcr/m/n/10 test_pickle_import_export_ORB() \T1/ptm/m/n/10 (\T1/ptm/m/it/1
0 com-
 []


Overfull \hbox (119.42879pt too wide) in paragraph at lines 369--371
\T1/ptm/m/it/10 mon_tests.ImportExport.test_pickle_import_export.testPICKLEImpo
rtExport
 []


Underfull \hbox (badness 10000) in paragraph at lines 371--373
[]\T1/pcr/m/n/10 test_picture_export() \T1/ptm/m/n/10 (\T1/ptm/m/it/10 com-
 []


Overfull \hbox (130.36871pt too wide) in paragraph at lines 371--373
\T1/ptm/m/it/10 mon_tests.ImportExport.test_picture_import_export.testPICTUREIm
portExport
 []


Underfull \hbox (badness 10000) in paragraph at lines 373--375
[]\T1/pcr/m/n/10 test_picture_import() \T1/ptm/m/n/10 (\T1/ptm/m/it/10 com-
 []


Overfull \hbox (130.36871pt too wide) in paragraph at lines 373--375
\T1/ptm/m/it/10 mon_tests.ImportExport.test_picture_import_export.testPICTUREIm
portExport
 []


Overfull \hbox (10.1225pt too wide) in paragraph at lines 375--377
[]\T1/pcr/m/n/10 test_picture_import_export_consistency()
 []


Overfull \hbox (150.35858pt too wide) in paragraph at lines 375--377
\T1/ptm/m/n/10 (\T1/ptm/m/it/10 com-mon_tests.ImportExport.test_picture_import_
export.testPICTUREImportExport
 []


Underfull \hbox (badness 10000) in paragraph at lines 377--379
[]\T1/pcr/m/n/10 test_singleton() \T1/ptm/m/n/10 (\T1/ptm/m/it/10 carl-
 []


Overfull \hbox (46.50911pt too wide) in paragraph at lines 377--379
\T1/ptm/m/it/10 hauser_server_tests.Singletons.test_singleton.testSingleton
 []


Overfull \hbox (46.50911pt too wide) in paragraph at lines 379--381
\T1/ptm/m/it/10 hauser_server_tests.Singletons.test_singleton.testSingleton
 []


Underfull \hbox (badness 10000) in paragraph at lines 381--383
[]\T1/pcr/m/n/10 test_template \T1/ptm/m/n/10 (\T1/ptm/m/it/10 class in com-
 []


Overfull \hbox (1.52043pt too wide) in paragraph at lines 381--383
\T1/ptm/m/it/10 mon_tests.DataTurksAlgo.test_dataturks_algo\T1/ptm/m/n/10 ),
 []


Overfull \hbox (40.5pt too wide) in paragraph at lines 383--385
\T1/ptm/m/it/10 mon_tests.TestInstanceLauncher.test_instance_launcher\T1/ptm/m/
n/10 ),
 []


Underfull \hbox (badness 10000) in paragraph at lines 385--387
[]\T1/pcr/m/n/10 test_to_delete() \T1/ptm/m/n/10 (\T1/ptm/m/it/10 com-
 []


Overfull \hbox (51.51962pt too wide) in paragraph at lines 385--387
\T1/ptm/m/it/10 mon_tests.DataTurksAlgo.test_dataturks_algo.test_template
 []


Underfull \hbox (badness 10000) in paragraph at lines 387--389
[]\T1/pcr/m/n/10 TestClusterMatcher \T1/ptm/m/n/10 (\T1/ptm/m/it/10 class in ca
rl-
 []


Overfull \hbox (130.44856pt too wide) in paragraph at lines 387--389
\T1/ptm/m/it/10 hauser_client_tests.EvaluationTools.evaluator.test_similarity_g
raph_extractor\T1/ptm/m/n/10 ),
 []


Underfull \hbox (badness 10000) in paragraph at lines 389--391
[]\T1/pcr/m/n/10 TestClusterMatcher \T1/ptm/m/n/10 (\T1/ptm/m/it/10 class in ca
rl-
 []


Underfull \hbox (badness 10000) in paragraph at lines 389--391
\T1/ptm/m/it/10 hauser_client_tests.Helpers.test_dict_utilities\T1/ptm/m/n/10 )
,
 []


Underfull \hbox (badness 10000) in paragraph at lines 391--393
[]\T1/pcr/m/n/10 TestClusterMatcher \T1/ptm/m/n/10 (\T1/ptm/m/it/10 class in co
m-
 []


Overfull \hbox (3.09988pt too wide) in paragraph at lines 391--393
\T1/ptm/m/it/10 mon_tests.PerformanceDatastructs.test_scores\T1/ptm/m/n/10 ),
 []


Underfull \hbox (badness 10000) in paragraph at lines 393--395
[]\T1/pcr/m/n/10 testDistanceEngine \T1/ptm/m/n/10 (\T1/ptm/m/it/10 class in ca
rl-
 []


Overfull \hbox (34.73927pt too wide) in paragraph at lines 393--395
\T1/ptm/m/it/10 hauser_server_tests.Singletons.test_worker_start_stop\T1/ptm/m/
n/10 ),
 []


Underfull \hbox (badness 10000) in paragraph at lines 395--397
[]\T1/pcr/m/n/10 TestEnvVariable \T1/ptm/m/n/10 (\T1/ptm/m/it/10 class in com-
 []


Underfull \hbox (badness 10000) in paragraph at lines 397--399
[]\T1/pcr/m/n/10 TestInMemoryOperations \T1/ptm/m/n/10 (\T1/ptm/m/it/10 class i
n carl-
 []


Overfull \hbox (20.36996pt too wide) in paragraph at lines 397--399
\T1/ptm/m/it/10 hauser_server_tests.API.test_in_memory_files_ops\T1/ptm/m/n/10 
),
 []


Underfull \hbox (badness 10000) in paragraph at lines 399--401
[]\T1/pcr/m/n/10 testJSONImportExport \T1/ptm/m/n/10 (\T1/ptm/m/it/10 class in 
com-
 []


Overfull \hbox (13.15004pt too wide) in paragraph at lines 399--401
\T1/ptm/m/it/10 mon_tests.ImportExport.test_json_import_export\T1/ptm/m/n/10 ),

 []


Underfull \hbox (badness 10000) in paragraph at lines 401--403
[]\T1/pcr/m/n/10 testPICKLEImportExport \T1/ptm/m/n/10 (\T1/ptm/m/it/10 class i
n com-
 []


Overfull \hbox (20.15991pt too wide) in paragraph at lines 401--403
\T1/ptm/m/it/10 mon_tests.ImportExport.test_pickle_import_export\T1/ptm/m/n/10 
),
 []


Underfull \hbox (badness 10000) in paragraph at lines 403--405
[]\T1/pcr/m/n/10 testPICTUREImportExport \T1/ptm/m/n/10 (\T1/ptm/m/it/10 class 
in com-
 []


Overfull \hbox (24.4398pt too wide) in paragraph at lines 403--405
\T1/ptm/m/it/10 mon_tests.ImportExport.test_picture_import_export\T1/ptm/m/n/10
 ),
 []


Underfull \hbox (badness 10000) in paragraph at lines 405--407
[]\T1/pcr/m/n/10 testSingleton \T1/ptm/m/n/10 (\T1/ptm/m/it/10 class in carl-
 []


Underfull \hbox (badness 10000) in paragraph at lines 405--407
\T1/ptm/m/it/10 hauser_server_tests.Singletons.test_singleton\T1/ptm/m/n/10 ),
 []

[31]
Underfull \hbox (badness 10000) in paragraph at lines 407--409
[]\T1/pcr/m/n/10 testSingleton.Derived \T1/ptm/m/n/10 (\T1/ptm/m/it/10 class in
 carl-
 []


Underfull \hbox (badness 10000) in paragraph at lines 407--409
\T1/ptm/m/it/10 hauser_server_tests.Singletons.test_singleton\T1/ptm/m/n/10 ),
 []


Underfull \hbox (badness 10000) in paragraph at lines 412--414
[]\T1/pcr/m/n/10 value_shared \T1/ptm/m/n/10 (\T1/ptm/m/it/10 carl-
 []


Overfull \hbox (81.21869pt too wide) in paragraph at lines 412--414
\T1/ptm/m/it/10 hauser_server_tests.Singletons.test_singleton.testSingleton.Der
ived
 []


Underfull \hbox (badness 10000) in paragraph at lines 417--419
[]\T1/pcr/m/n/10 WAIT_FOR_ADD \T1/ptm/m/n/10 (\T1/ptm/m/it/10 com-
 []


Underfull \hbox (badness 10000) in paragraph at lines 417--419
\T1/ptm/m/it/10 mon.environment_variable.EndPoints at-
 []


Underfull \hbox (badness 10000) in paragraph at lines 419--421
[]\T1/pcr/m/n/10 WAIT_FOR_REQUEST \T1/ptm/m/n/10 (\T1/ptm/m/it/10 com-
 []


Underfull \hbox (badness 10000) in paragraph at lines 419--421
\T1/ptm/m/it/10 mon.environment_variable.EndPoints at-
 []


Underfull \hbox (badness 10000) in paragraph at lines 421--423
[]\T1/pcr/m/n/10 wait_until_all_stopped() \T1/ptm/m/n/10 (\T1/ptm/m/it/10 carl-

 []


Overfull \hbox (24.58928pt too wide) in paragraph at lines 421--423
\T1/ptm/m/it/10 hauser_server.Processus.processus_list.ProcessesList
 []


Underfull \hbox (badness 10000) in paragraph at lines 423--425
[]\T1/pcr/m/n/10 wait_until_stopped() \T1/ptm/m/n/10 (\T1/ptm/m/it/10 carl-
 []


Overfull \hbox (46.21956pt too wide) in paragraph at lines 423--425
\T1/ptm/m/it/10 hauser_server.Processus.worker_process.WorkerProcessus
 []


Underfull \hbox (badness 10000) in paragraph at lines 425--427
[]\T1/pcr/m/n/10 WorkerProcessus \T1/ptm/m/n/10 (\T1/ptm/m/it/10 class in carl-

 []


Underfull \hbox (badness 10000) in paragraph at lines 425--427
\T1/ptm/m/it/10 hauser_server.Processus.worker_process\T1/ptm/m/n/10 ),
 []

[32

])
Package atveryend Info: Empty hook `BeforeClearDocument' on input line 1999.
Package atveryend Info: Empty hook `AfterLastShipout' on input line 1999.
 (./douglas-quaid.aux)
Package atveryend Info: Executing hook `AtVeryEndDocument' on input line 1999.
Package atveryend Info: Executing hook `AtEndAfterFileList' on input line 1999.

Package rerunfilecheck Info: File `douglas-quaid.out' has not changed.
(rerunfilecheck)             Checksum: CCF68C50051CFAD138C09D3EAF5B1E0C;59385.
Package atveryend Info: Empty hook `AtVeryVeryEnd' on input line 1999.
 ) 
Here is how much of TeX's memory you used:
 14552 strings out of 492623
 233247 string characters out of 6135669
 347181 words of memory out of 5000000
 17728 multiletter control sequences out of 15000+600000
 48004 words of font info for 68 fonts, out of 8000000 for 9000
 1142 hyphenation exceptions out of 8191
 37i,12n,51p,816b,535s stack positions out of 5000i,500n,10000p,200000b,80000s
{/usr/share/texmf-dist/fonts/enc/dvips/base/8r.enc}</usr/share/texmf-dist/fon
ts/type1/public/amsfonts/cm/cmsy10.pfb></usr/share/texmf-dist/fonts/type1/urw/c
ourier/ucrb8a.pfb></usr/share/texmf-dist/fonts/type1/urw/courier/ucrr8a.pfb></u
sr/share/texmf-dist/fonts/type1/urw/courier/ucrro8a.pfb></usr/share/texmf-dist/
fonts/type1/urw/helvetic/uhvb8a.pfb></usr/share/texmf-dist/fonts/type1/urw/helv
etic/uhvbo8a.pfb></usr/share/texmf-dist/fonts/type1/urw/helvetic/uhvr8a.pfb></u
sr/share/texmf-dist/fonts/type1/urw/times/utmb8a.pfb></usr/share/texmf-dist/fon
ts/type1/urw/times/utmr8a.pfb></usr/share/texmf-dist/fonts/type1/urw/times/utmr
i8a.pfb>
Output written on douglas-quaid.pdf (40 pages, 205728 bytes).
PDF statistics:
 2024 PDF objects out of 2073 (max. 8388607)
 1947 compressed objects within 20 object streams
 439 named destinations out of 1000 (max. 500000)
 2021 words of extra memory for PDF output out of 10000 (max. 10000000)

