\BOOKMARK [0][-]{chapter.1}{\376\377\000c\000a\000r\000l\000h\000a\000u\000s\000e\000r\000\137\000c\000l\000i\000e\000n\000t\000\040\000p\000a\000c\000k\000a\000g\000e}{}% 1
\BOOKMARK [1][-]{section.1.1}{\376\377\000S\000u\000b\000p\000a\000c\000k\000a\000g\000e\000s}{chapter.1}% 2
\BOOKMARK [2][-]{subsection.1.1.1}{\376\377\000c\000a\000r\000l\000h\000a\000u\000s\000e\000r\000\137\000c\000l\000i\000e\000n\000t\000.\000A\000P\000I\000\040\000p\000a\000c\000k\000a\000g\000e}{section.1.1}% 3
\BOOKMARK [3][-]{subsubsection.1.1.1.1}{\376\377\000S\000u\000b\000m\000o\000d\000u\000l\000e\000s}{subsection.1.1.1}% 4
\BOOKMARK [3][-]{subsubsection.1.1.1.2}{\376\377\000c\000a\000r\000l\000h\000a\000u\000s\000e\000r\000\137\000c\000l\000i\000e\000n\000t\000.\000A\000P\000I\000.\000c\000l\000i\000\040\000m\000o\000d\000u\000l\000e}{subsection.1.1.1}% 5
\BOOKMARK [3][-]{subsubsection.1.1.1.3}{\376\377\000c\000a\000r\000l\000h\000a\000u\000s\000e\000r\000\137\000c\000l\000i\000e\000n\000t\000.\000A\000P\000I\000.\000e\000x\000t\000e\000n\000d\000e\000d\000\137\000a\000p\000i\000\040\000m\000o\000d\000u\000l\000e}{subsection.1.1.1}% 6
\BOOKMARK [3][-]{subsubsection.1.1.1.4}{\376\377\000c\000a\000r\000l\000h\000a\000u\000s\000e\000r\000\137\000c\000l\000i\000e\000n\000t\000.\000A\000P\000I\000.\000s\000i\000m\000p\000l\000e\000\137\000a\000p\000i\000\040\000m\000o\000d\000u\000l\000e}{subsection.1.1.1}% 7
\BOOKMARK [3][-]{subsubsection.1.1.1.5}{\376\377\000M\000o\000d\000u\000l\000e\000\040\000c\000o\000n\000t\000e\000n\000t\000s}{subsection.1.1.1}% 8
\BOOKMARK [2][-]{subsection.1.1.2}{\376\377\000c\000a\000r\000l\000h\000a\000u\000s\000e\000r\000\137\000c\000l\000i\000e\000n\000t\000.\000E\000v\000a\000l\000u\000a\000t\000i\000o\000n\000T\000o\000o\000l\000s\000\040\000p\000a\000c\000k\000a\000g\000e}{section.1.1}% 9
\BOOKMARK [3][-]{subsubsection.1.1.2.1}{\376\377\000S\000u\000b\000p\000a\000c\000k\000a\000g\000e\000s}{subsection.1.1.2}% 10
\BOOKMARK [4][-]{paragraph.1.1.2.1.1}{\376\377\000c\000a\000r\000l\000h\000a\000u\000s\000e\000r\000\137\000c\000l\000i\000e\000n\000t\000.\000E\000v\000a\000l\000u\000a\000t\000i\000o\000n\000T\000o\000o\000l\000s\000.\000S\000i\000m\000i\000l\000a\000r\000i\000t\000y\000G\000r\000a\000p\000h\000E\000x\000t\000r\000a\000c\000t\000o\000r\000\040\000p\000a\000c\000k\000a\000g\000e}{subsubsection.1.1.2.1}% 11
\BOOKMARK [5][-]{subparagraph.1.1.2.1.1.1}{\376\377\000S\000u\000b\000m\000o\000d\000u\000l\000e\000s}{paragraph.1.1.2.1.1}% 12
\BOOKMARK [5][-]{subparagraph.1.1.2.1.1.2}{\376\377\000c\000a\000r\000l\000h\000a\000u\000s\000e\000r\000\137\000c\000l\000i\000e\000n\000t\000.\000E\000v\000a\000l\000u\000a\000t\000i\000o\000n\000T\000o\000o\000l\000s\000.\000S\000i\000m\000i\000l\000a\000r\000i\000t\000y\000G\000r\000a\000p\000h\000E\000x\000t\000r\000a\000c\000t\000o\000r\000.\000s\000i\000m\000i\000l\000a\000r\000i\000t\000y\000\137\000g\000r\000a\000p\000h\000\137\000e\000x\000t\000r\000a\000c\000t\000o\000r\000\040\000m\000o\000d\000u\000l\000e}{paragraph.1.1.2.1.1}% 13
\BOOKMARK [5][-]{subparagraph.1.1.2.1.1.3}{\376\377\000c\000a\000r\000l\000h\000a\000u\000s\000e\000r\000\137\000c\000l\000i\000e\000n\000t\000.\000E\000v\000a\000l\000u\000a\000t\000i\000o\000n\000T\000o\000o\000l\000s\000.\000S\000i\000m\000i\000l\000a\000r\000i\000t\000y\000G\000r\000a\000p\000h\000E\000x\000t\000r\000a\000c\000t\000o\000r\000.\000s\000i\000m\000i\000l\000a\000r\000i\000t\000y\000\137\000g\000r\000a\000p\000h\000\137\000q\000u\000a\000l\000i\000t\000y\000\137\000e\000v\000a\000l\000u\000a\000t\000o\000r\000\040\000m\000o\000d\000u\000l\000e}{paragraph.1.1.2.1.1}% 14
\BOOKMARK [5][-]{subparagraph.1.1.2.1.1.4}{\376\377\000M\000o\000d\000u\000l\000e\000\040\000c\000o\000n\000t\000e\000n\000t\000s}{paragraph.1.1.2.1.1}% 15
\BOOKMARK [4][-]{paragraph.1.1.2.1.2}{\376\377\000c\000a\000r\000l\000h\000a\000u\000s\000e\000r\000\137\000c\000l\000i\000e\000n\000t\000.\000E\000v\000a\000l\000u\000a\000t\000i\000o\000n\000T\000o\000o\000l\000s\000.\000S\000t\000o\000r\000a\000g\000e\000G\000r\000a\000p\000h\000E\000x\000t\000r\000a\000c\000t\000o\000r\000\040\000p\000a\000c\000k\000a\000g\000e}{subsubsection.1.1.2.1}% 16
\BOOKMARK [5][-]{subparagraph.1.1.2.1.2.1}{\376\377\000S\000u\000b\000m\000o\000d\000u\000l\000e\000s}{paragraph.1.1.2.1.2}% 17
\BOOKMARK [5][-]{subparagraph.1.1.2.1.2.2}{\376\377\000c\000a\000r\000l\000h\000a\000u\000s\000e\000r\000\137\000c\000l\000i\000e\000n\000t\000.\000E\000v\000a\000l\000u\000a\000t\000i\000o\000n\000T\000o\000o\000l\000s\000.\000S\000t\000o\000r\000a\000g\000e\000G\000r\000a\000p\000h\000E\000x\000t\000r\000a\000c\000t\000o\000r\000.\000c\000l\000u\000s\000t\000e\000r\000\137\000m\000a\000t\000c\000h\000i\000n\000g\000\137\000q\000u\000a\000l\000i\000t\000y\000\137\000e\000v\000a\000l\000u\000a\000t\000o\000r\000\040\000m\000o\000d\000u\000l\000e}{paragraph.1.1.2.1.2}% 18
\BOOKMARK [5][-]{subparagraph.1.1.2.1.2.3}{\376\377\000c\000a\000r\000l\000h\000a\000u\000s\000e\000r\000\137\000c\000l\000i\000e\000n\000t\000.\000E\000v\000a\000l\000u\000a\000t\000i\000o\000n\000T\000o\000o\000l\000s\000.\000S\000t\000o\000r\000a\000g\000e\000G\000r\000a\000p\000h\000E\000x\000t\000r\000a\000c\000t\000o\000r\000.\000s\000t\000o\000r\000a\000g\000e\000\137\000q\000u\000a\000l\000i\000t\000y\000\137\000e\000v\000a\000l\000u\000a\000t\000o\000r\000\040\000m\000o\000d\000u\000l\000e}{paragraph.1.1.2.1.2}% 19
\BOOKMARK [5][-]{subparagraph.1.1.2.1.2.4}{\376\377\000M\000o\000d\000u\000l\000e\000\040\000c\000o\000n\000t\000e\000n\000t\000s}{paragraph.1.1.2.1.2}% 20
\BOOKMARK [3][-]{subsubsection.1.1.2.2}{\376\377\000M\000o\000d\000u\000l\000e\000\040\000c\000o\000n\000t\000e\000n\000t\000s}{subsection.1.1.2}% 21
\BOOKMARK [2][-]{subsection.1.1.3}{\376\377\000c\000a\000r\000l\000h\000a\000u\000s\000e\000r\000\137\000c\000l\000i\000e\000n\000t\000.\000H\000e\000l\000p\000e\000r\000s\000\040\000p\000a\000c\000k\000a\000g\000e}{section.1.1}% 22
\BOOKMARK [3][-]{subsubsection.1.1.3.1}{\376\377\000S\000u\000b\000m\000o\000d\000u\000l\000e\000s}{subsection.1.1.3}% 23
\BOOKMARK [3][-]{subsubsection.1.1.3.2}{\376\377\000c\000a\000r\000l\000h\000a\000u\000s\000e\000r\000\137\000c\000l\000i\000e\000n\000t\000.\000H\000e\000l\000p\000e\000r\000s\000.\000d\000i\000c\000t\000\137\000u\000t\000i\000l\000i\000t\000i\000e\000s\000\040\000m\000o\000d\000u\000l\000e}{subsection.1.1.3}% 24
\BOOKMARK [3][-]{subsubsection.1.1.3.3}{\376\377\000M\000o\000d\000u\000l\000e\000\040\000c\000o\000n\000t\000e\000n\000t\000s}{subsection.1.1.3}% 25
\BOOKMARK [1][-]{section.1.2}{\376\377\000S\000u\000b\000m\000o\000d\000u\000l\000e\000s}{chapter.1}% 26
\BOOKMARK [1][-]{section.1.3}{\376\377\000c\000a\000r\000l\000h\000a\000u\000s\000e\000r\000\137\000c\000l\000i\000e\000n\000t\000.\000c\000l\000i\000e\000n\000t\000\137\000i\000n\000s\000t\000a\000n\000c\000e\000\137\000e\000x\000a\000m\000p\000l\000e\000\040\000m\000o\000d\000u\000l\000e}{chapter.1}% 27
\BOOKMARK [1][-]{section.1.4}{\376\377\000M\000o\000d\000u\000l\000e\000\040\000c\000o\000n\000t\000e\000n\000t\000s}{chapter.1}% 28
\BOOKMARK [0][-]{chapter.2}{\376\377\000c\000a\000r\000l\000h\000a\000u\000s\000e\000r\000\137\000c\000l\000i\000e\000n\000t\000\137\000t\000e\000s\000t\000s\000\040\000p\000a\000c\000k\000a\000g\000e}{}% 29
\BOOKMARK [1][-]{section.2.1}{\376\377\000S\000u\000b\000p\000a\000c\000k\000a\000g\000e\000s}{chapter.2}% 30
\BOOKMARK [2][-]{subsection.2.1.1}{\376\377\000c\000a\000r\000l\000h\000a\000u\000s\000e\000r\000\137\000c\000l\000i\000e\000n\000t\000\137\000t\000e\000s\000t\000s\000.\000A\000P\000I\000\040\000p\000a\000c\000k\000a\000g\000e}{section.2.1}% 31
\BOOKMARK [3][-]{subsubsection.2.1.1.1}{\376\377\000S\000u\000b\000m\000o\000d\000u\000l\000e\000s}{subsection.2.1.1}% 32
\BOOKMARK [3][-]{subsubsection.2.1.1.2}{\376\377\000c\000a\000r\000l\000h\000a\000u\000s\000e\000r\000\137\000c\000l\000i\000e\000n\000t\000\137\000t\000e\000s\000t\000s\000.\000A\000P\000I\000.\000t\000e\000s\000t\000\137\000A\000P\000I\000\137\000c\000l\000i\000\040\000m\000o\000d\000u\000l\000e}{subsection.2.1.1}% 33
\BOOKMARK [3][-]{subsubsection.2.1.1.3}{\376\377\000c\000a\000r\000l\000h\000a\000u\000s\000e\000r\000\137\000c\000l\000i\000e\000n\000t\000\137\000t\000e\000s\000t\000s\000.\000A\000P\000I\000.\000t\000e\000s\000t\000\137\000A\000P\000I\000\137\000e\000x\000t\000e\000n\000d\000e\000d\000\137\000a\000p\000i\000\040\000m\000o\000d\000u\000l\000e}{subsection.2.1.1}% 34
\BOOKMARK [3][-]{subsubsection.2.1.1.4}{\376\377\000c\000a\000r\000l\000h\000a\000u\000s\000e\000r\000\137\000c\000l\000i\000e\000n\000t\000\137\000t\000e\000s\000t\000s\000.\000A\000P\000I\000.\000t\000e\000s\000t\000\137\000A\000P\000I\000\137\000s\000i\000m\000p\000l\000e\000\137\000a\000p\000i\000\040\000m\000o\000d\000u\000l\000e}{subsection.2.1.1}% 35
\BOOKMARK [3][-]{subsubsection.2.1.1.5}{\376\377\000M\000o\000d\000u\000l\000e\000\040\000c\000o\000n\000t\000e\000n\000t\000s}{subsection.2.1.1}% 36
\BOOKMARK [2][-]{subsection.2.1.2}{\376\377\000c\000a\000r\000l\000h\000a\000u\000s\000e\000r\000\137\000c\000l\000i\000e\000n\000t\000\137\000t\000e\000s\000t\000s\000.\000E\000v\000a\000l\000u\000a\000t\000i\000o\000n\000T\000o\000o\000l\000s\000\040\000p\000a\000c\000k\000a\000g\000e}{section.2.1}% 37
\BOOKMARK [3][-]{subsubsection.2.1.2.1}{\376\377\000S\000u\000b\000p\000a\000c\000k\000a\000g\000e\000s}{subsection.2.1.2}% 38
\BOOKMARK [4][-]{paragraph.2.1.2.1.1}{\376\377\000c\000a\000r\000l\000h\000a\000u\000s\000e\000r\000\137\000c\000l\000i\000e\000n\000t\000\137\000t\000e\000s\000t\000s\000.\000E\000v\000a\000l\000u\000a\000t\000i\000o\000n\000T\000o\000o\000l\000s\000.\000e\000v\000a\000l\000u\000a\000t\000o\000r\000\040\000p\000a\000c\000k\000a\000g\000e}{subsubsection.2.1.2.1}% 39
\BOOKMARK [5][-]{subparagraph.2.1.2.1.1.1}{\376\377\000S\000u\000b\000m\000o\000d\000u\000l\000e\000s}{paragraph.2.1.2.1.1}% 40
\BOOKMARK [5][-]{subparagraph.2.1.2.1.1.2}{\376\377\000c\000a\000r\000l\000h\000a\000u\000s\000e\000r\000\137\000c\000l\000i\000e\000n\000t\000\137\000t\000e\000s\000t\000s\000.\000E\000v\000a\000l\000u\000a\000t\000i\000o\000n\000T\000o\000o\000l\000s\000.\000e\000v\000a\000l\000u\000a\000t\000o\000r\000.\000t\000e\000s\000t\000\137\000c\000l\000u\000s\000t\000e\000r\000\137\000m\000a\000t\000c\000h\000i\000n\000g\000\137\000q\000u\000a\000l\000i\000t\000y\000\137\000e\000v\000a\000l\000u\000a\000t\000o\000r\000\040\000m\000o\000d\000u\000l\000e}{paragraph.2.1.2.1.1}% 41
\BOOKMARK [5][-]{subparagraph.2.1.2.1.1.3}{\376\377\000c\000a\000r\000l\000h\000a\000u\000s\000e\000r\000\137\000c\000l\000i\000e\000n\000t\000\137\000t\000e\000s\000t\000s\000.\000E\000v\000a\000l\000u\000a\000t\000i\000o\000n\000T\000o\000o\000l\000s\000.\000e\000v\000a\000l\000u\000a\000t\000o\000r\000.\000t\000e\000s\000t\000\137\000s\000i\000m\000i\000l\000a\000r\000i\000t\000y\000\137\000g\000r\000a\000p\000h\000\137\000e\000x\000t\000r\000a\000c\000t\000o\000r\000\040\000m\000o\000d\000u\000l\000e}{paragraph.2.1.2.1.1}% 42
\BOOKMARK [5][-]{subparagraph.2.1.2.1.1.4}{\376\377\000c\000a\000r\000l\000h\000a\000u\000s\000e\000r\000\137\000c\000l\000i\000e\000n\000t\000\137\000t\000e\000s\000t\000s\000.\000E\000v\000a\000l\000u\000a\000t\000i\000o\000n\000T\000o\000o\000l\000s\000.\000e\000v\000a\000l\000u\000a\000t\000o\000r\000.\000t\000e\000s\000t\000\137\000s\000i\000m\000i\000l\000a\000r\000i\000t\000y\000\137\000g\000r\000a\000p\000h\000\137\000q\000u\000a\000l\000i\000t\000y\000\137\000e\000v\000a\000l\000u\000a\000t\000o\000r\000\040\000m\000o\000d\000u\000l\000e}{paragraph.2.1.2.1.1}% 43
\BOOKMARK [5][-]{subparagraph.2.1.2.1.1.5}{\376\377\000c\000a\000r\000l\000h\000a\000u\000s\000e\000r\000\137\000c\000l\000i\000e\000n\000t\000\137\000t\000e\000s\000t\000s\000.\000E\000v\000a\000l\000u\000a\000t\000i\000o\000n\000T\000o\000o\000l\000s\000.\000e\000v\000a\000l\000u\000a\000t\000o\000r\000.\000t\000e\000s\000t\000\137\000s\000t\000o\000r\000a\000g\000e\000\137\000q\000u\000a\000l\000i\000t\000y\000\137\000e\000v\000a\000l\000u\000a\000t\000o\000r\000\040\000m\000o\000d\000u\000l\000e}{paragraph.2.1.2.1.1}% 44
\BOOKMARK [5][-]{subparagraph.2.1.2.1.1.6}{\376\377\000M\000o\000d\000u\000l\000e\000\040\000c\000o\000n\000t\000e\000n\000t\000s}{paragraph.2.1.2.1.1}% 45
\BOOKMARK [3][-]{subsubsection.2.1.2.2}{\376\377\000M\000o\000d\000u\000l\000e\000\040\000c\000o\000n\000t\000e\000n\000t\000s}{subsection.2.1.2}% 46
\BOOKMARK [2][-]{subsection.2.1.3}{\376\377\000c\000a\000r\000l\000h\000a\000u\000s\000e\000r\000\137\000c\000l\000i\000e\000n\000t\000\137\000t\000e\000s\000t\000s\000.\000H\000e\000l\000p\000e\000r\000s\000\040\000p\000a\000c\000k\000a\000g\000e}{section.2.1}% 47
\BOOKMARK [3][-]{subsubsection.2.1.3.1}{\376\377\000S\000u\000b\000m\000o\000d\000u\000l\000e\000s}{subsection.2.1.3}% 48
\BOOKMARK [3][-]{subsubsection.2.1.3.2}{\376\377\000c\000a\000r\000l\000h\000a\000u\000s\000e\000r\000\137\000c\000l\000i\000e\000n\000t\000\137\000t\000e\000s\000t\000s\000.\000H\000e\000l\000p\000e\000r\000s\000.\000t\000e\000s\000t\000\137\000d\000i\000c\000t\000\137\000u\000t\000i\000l\000i\000t\000i\000e\000s\000\040\000m\000o\000d\000u\000l\000e}{subsection.2.1.3}% 49
\BOOKMARK [3][-]{subsubsection.2.1.3.3}{\376\377\000M\000o\000d\000u\000l\000e\000\040\000c\000o\000n\000t\000e\000n\000t\000s}{subsection.2.1.3}% 50
\BOOKMARK [1][-]{section.2.2}{\376\377\000S\000u\000b\000m\000o\000d\000u\000l\000e\000s}{chapter.2}% 51
\BOOKMARK [1][-]{section.2.3}{\376\377\000c\000a\000r\000l\000h\000a\000u\000s\000e\000r\000\137\000c\000l\000i\000e\000n\000t\000\137\000t\000e\000s\000t\000s\000.\000c\000o\000n\000t\000e\000x\000t\000\040\000m\000o\000d\000u\000l\000e}{chapter.2}% 52
\BOOKMARK [1][-]{section.2.4}{\376\377\000M\000o\000d\000u\000l\000e\000\040\000c\000o\000n\000t\000e\000n\000t\000s}{chapter.2}% 53
\BOOKMARK [0][-]{chapter.3}{\376\377\000c\000a\000r\000l\000h\000a\000u\000s\000e\000r\000\137\000s\000e\000r\000v\000e\000r\000\040\000p\000a\000c\000k\000a\000g\000e}{}% 54
\BOOKMARK [1][-]{section.3.1}{\376\377\000S\000u\000b\000p\000a\000c\000k\000a\000g\000e\000s}{chapter.3}% 55
\BOOKMARK [2][-]{subsection.3.1.1}{\376\377\000c\000a\000r\000l\000h\000a\000u\000s\000e\000r\000\137\000s\000e\000r\000v\000e\000r\000.\000A\000P\000I\000\040\000p\000a\000c\000k\000a\000g\000e}{section.3.1}% 56
\BOOKMARK [3][-]{subsubsection.3.1.1.1}{\376\377\000S\000u\000b\000m\000o\000d\000u\000l\000e\000s}{subsection.3.1.1}% 57
\BOOKMARK [3][-]{subsubsection.3.1.1.2}{\376\377\000c\000a\000r\000l\000h\000a\000u\000s\000e\000r\000\137\000s\000e\000r\000v\000e\000r\000.\000A\000P\000I\000.\000A\000P\000I\000\137\000s\000e\000r\000v\000e\000r\000\040\000m\000o\000d\000u\000l\000e}{subsection.3.1.1}% 58
\BOOKMARK [3][-]{subsubsection.3.1.1.3}{\376\377\000c\000a\000r\000l\000h\000a\000u\000s\000e\000r\000\137\000s\000e\000r\000v\000e\000r\000.\000A\000P\000I\000.\000i\000n\000\137\000m\000e\000m\000o\000r\000y\000\137\000f\000i\000l\000e\000s\000\137\000o\000p\000s\000\040\000m\000o\000d\000u\000l\000e}{subsection.3.1.1}% 59
\BOOKMARK [3][-]{subsubsection.3.1.1.4}{\376\377\000M\000o\000d\000u\000l\000e\000\040\000c\000o\000n\000t\000e\000n\000t\000s}{subsection.3.1.1}% 60
\BOOKMARK [2][-]{subsection.3.1.2}{\376\377\000c\000a\000r\000l\000h\000a\000u\000s\000e\000r\000\137\000s\000e\000r\000v\000e\000r\000.\000C\000o\000n\000f\000i\000g\000u\000r\000a\000t\000i\000o\000n\000\040\000p\000a\000c\000k\000a\000g\000e}{section.3.1}% 61
\BOOKMARK [3][-]{subsubsection.3.1.2.1}{\376\377\000S\000u\000b\000m\000o\000d\000u\000l\000e\000s}{subsection.3.1.2}% 62
\BOOKMARK [3][-]{subsubsection.3.1.2.2}{\376\377\000c\000a\000r\000l\000h\000a\000u\000s\000e\000r\000\137\000s\000e\000r\000v\000e\000r\000.\000C\000o\000n\000f\000i\000g\000u\000r\000a\000t\000i\000o\000n\000.\000a\000l\000g\000o\000\137\000c\000o\000n\000f\000\040\000m\000o\000d\000u\000l\000e}{subsection.3.1.2}% 63
\BOOKMARK [3][-]{subsubsection.3.1.2.3}{\376\377\000c\000a\000r\000l\000h\000a\000u\000s\000e\000r\000\137\000s\000e\000r\000v\000e\000r\000.\000C\000o\000n\000f\000i\000g\000u\000r\000a\000t\000i\000o\000n\000.\000d\000a\000t\000a\000b\000a\000s\000e\000\137\000c\000o\000n\000f\000\040\000m\000o\000d\000u\000l\000e}{subsection.3.1.2}% 64
\BOOKMARK [3][-]{subsubsection.3.1.2.4}{\376\377\000c\000a\000r\000l\000h\000a\000u\000s\000e\000r\000\137\000s\000e\000r\000v\000e\000r\000.\000C\000o\000n\000f\000i\000g\000u\000r\000a\000t\000i\000o\000n\000.\000d\000i\000s\000t\000a\000n\000c\000e\000\137\000e\000n\000g\000i\000n\000e\000\137\000c\000o\000n\000f\000\040\000m\000o\000d\000u\000l\000e}{subsection.3.1.2}% 65
\BOOKMARK [3][-]{subsubsection.3.1.2.5}{\376\377\000c\000a\000r\000l\000h\000a\000u\000s\000e\000r\000\137\000s\000e\000r\000v\000e\000r\000.\000C\000o\000n\000f\000i\000g\000u\000r\000a\000t\000i\000o\000n\000.\000f\000e\000a\000t\000u\000r\000e\000\137\000e\000x\000t\000r\000a\000c\000t\000o\000r\000\137\000c\000o\000n\000f\000\040\000m\000o\000d\000u\000l\000e}{subsection.3.1.2}% 66
\BOOKMARK [3][-]{subsubsection.3.1.2.6}{\376\377\000c\000a\000r\000l\000h\000a\000u\000s\000e\000r\000\137\000s\000e\000r\000v\000e\000r\000.\000C\000o\000n\000f\000i\000g\000u\000r\000a\000t\000i\000o\000n\000.\000w\000e\000b\000s\000e\000r\000v\000i\000c\000e\000\137\000c\000o\000n\000f\000\040\000m\000o\000d\000u\000l\000e}{subsection.3.1.2}% 67
\BOOKMARK [3][-]{subsubsection.3.1.2.7}{\376\377\000M\000o\000d\000u\000l\000e\000\040\000c\000o\000n\000t\000e\000n\000t\000s}{subsection.3.1.2}% 68
\BOOKMARK [2][-]{subsection.3.1.3}{\376\377\000c\000a\000r\000l\000h\000a\000u\000s\000e\000r\000\137\000s\000e\000r\000v\000e\000r\000.\000D\000a\000t\000a\000b\000a\000s\000e\000A\000c\000c\000e\000s\000s\000o\000r\000\040\000p\000a\000c\000k\000a\000g\000e}{section.3.1}% 69
\BOOKMARK [3][-]{subsubsection.3.1.3.1}{\376\377\000S\000u\000b\000m\000o\000d\000u\000l\000e\000s}{subsection.3.1.3}% 70
\BOOKMARK [3][-]{subsubsection.3.1.3.2}{\376\377\000c\000a\000r\000l\000h\000a\000u\000s\000e\000r\000\137\000s\000e\000r\000v\000e\000r\000.\000D\000a\000t\000a\000b\000a\000s\000e\000A\000c\000c\000e\000s\000s\000o\000r\000.\000d\000a\000t\000a\000b\000a\000s\000e\000\137\000a\000d\000d\000e\000r\000\040\000m\000o\000d\000u\000l\000e}{subsection.3.1.3}% 71
\BOOKMARK [3][-]{subsubsection.3.1.3.3}{\376\377\000c\000a\000r\000l\000h\000a\000u\000s\000e\000r\000\137\000s\000e\000r\000v\000e\000r\000.\000D\000a\000t\000a\000b\000a\000s\000e\000A\000c\000c\000e\000s\000s\000o\000r\000.\000d\000a\000t\000a\000b\000a\000s\000e\000\137\000c\000o\000m\000m\000o\000n\000\040\000m\000o\000d\000u\000l\000e}{subsection.3.1.3}% 72
\BOOKMARK [3][-]{subsubsection.3.1.3.4}{\376\377\000c\000a\000r\000l\000h\000a\000u\000s\000e\000r\000\137\000s\000e\000r\000v\000e\000r\000.\000D\000a\000t\000a\000b\000a\000s\000e\000A\000c\000c\000e\000s\000s\000o\000r\000.\000d\000a\000t\000a\000b\000a\000s\000e\000\137\000r\000e\000q\000u\000e\000s\000t\000e\000r\000\040\000m\000o\000d\000u\000l\000e}{subsection.3.1.3}% 73
\BOOKMARK [3][-]{subsubsection.3.1.3.5}{\376\377\000c\000a\000r\000l\000h\000a\000u\000s\000e\000r\000\137\000s\000e\000r\000v\000e\000r\000.\000D\000a\000t\000a\000b\000a\000s\000e\000A\000c\000c\000e\000s\000s\000o\000r\000.\000d\000a\000t\000a\000b\000a\000s\000e\000\137\000u\000t\000i\000l\000i\000t\000i\000e\000s\000\040\000m\000o\000d\000u\000l\000e}{subsection.3.1.3}% 74
\BOOKMARK [3][-]{subsubsection.3.1.3.6}{\376\377\000c\000a\000r\000l\000h\000a\000u\000s\000e\000r\000\137\000s\000e\000r\000v\000e\000r\000.\000D\000a\000t\000a\000b\000a\000s\000e\000A\000c\000c\000e\000s\000s\000o\000r\000.\000d\000a\000t\000a\000b\000a\000s\000e\000\137\000w\000o\000r\000k\000e\000r\000\040\000m\000o\000d\000u\000l\000e}{subsection.3.1.3}% 75
\BOOKMARK [3][-]{subsubsection.3.1.3.7}{\376\377\000M\000o\000d\000u\000l\000e\000\040\000c\000o\000n\000t\000e\000n\000t\000s}{subsection.3.1.3}% 76
\BOOKMARK [2][-]{subsection.3.1.4}{\376\377\000c\000a\000r\000l\000h\000a\000u\000s\000e\000r\000\137\000s\000e\000r\000v\000e\000r\000.\000D\000i\000s\000t\000a\000n\000c\000e\000E\000n\000g\000i\000n\000e\000\040\000p\000a\000c\000k\000a\000g\000e}{section.3.1}% 77
\BOOKMARK [3][-]{subsubsection.3.1.4.1}{\376\377\000S\000u\000b\000m\000o\000d\000u\000l\000e\000s}{subsection.3.1.4}% 78
\BOOKMARK [3][-]{subsubsection.3.1.4.2}{\376\377\000c\000a\000r\000l\000h\000a\000u\000s\000e\000r\000\137\000s\000e\000r\000v\000e\000r\000.\000D\000i\000s\000t\000a\000n\000c\000e\000E\000n\000g\000i\000n\000e\000.\000d\000i\000s\000t\000a\000n\000c\000e\000\137\000e\000n\000g\000i\000n\000e\000\040\000m\000o\000d\000u\000l\000e}{subsection.3.1.4}% 79
\BOOKMARK [3][-]{subsubsection.3.1.4.3}{\376\377\000c\000a\000r\000l\000h\000a\000u\000s\000e\000r\000\137\000s\000e\000r\000v\000e\000r\000.\000D\000i\000s\000t\000a\000n\000c\000e\000E\000n\000g\000i\000n\000e\000.\000d\000i\000s\000t\000a\000n\000c\000e\000\137\000h\000a\000s\000h\000\040\000m\000o\000d\000u\000l\000e}{subsection.3.1.4}% 80
\BOOKMARK [3][-]{subsubsection.3.1.4.4}{\376\377\000c\000a\000r\000l\000h\000a\000u\000s\000e\000r\000\137\000s\000e\000r\000v\000e\000r\000.\000D\000i\000s\000t\000a\000n\000c\000e\000E\000n\000g\000i\000n\000e\000.\000d\000i\000s\000t\000a\000n\000c\000e\000\137\000o\000r\000b\000\040\000m\000o\000d\000u\000l\000e}{subsection.3.1.4}% 81
\BOOKMARK [3][-]{subsubsection.3.1.4.5}{\376\377\000c\000a\000r\000l\000h\000a\000u\000s\000e\000r\000\137\000s\000e\000r\000v\000e\000r\000.\000D\000i\000s\000t\000a\000n\000c\000e\000E\000n\000g\000i\000n\000e\000.\000m\000e\000r\000g\000i\000n\000g\000\137\000e\000n\000g\000i\000n\000e\000\040\000m\000o\000d\000u\000l\000e}{subsection.3.1.4}% 82
\BOOKMARK [3][-]{subsubsection.3.1.4.6}{\376\377\000c\000a\000r\000l\000h\000a\000u\000s\000e\000r\000\137\000s\000e\000r\000v\000e\000r\000.\000D\000i\000s\000t\000a\000n\000c\000e\000E\000n\000g\000i\000n\000e\000.\000s\000c\000o\000r\000i\000n\000g\000\137\000d\000a\000t\000a\000s\000t\000r\000u\000t\000u\000r\000e\000s\000\040\000m\000o\000d\000u\000l\000e}{subsection.3.1.4}% 83
\BOOKMARK [3][-]{subsubsection.3.1.4.7}{\376\377\000M\000o\000d\000u\000l\000e\000\040\000c\000o\000n\000t\000e\000n\000t\000s}{subsection.3.1.4}% 84
\BOOKMARK [2][-]{subsection.3.1.5}{\376\377\000c\000a\000r\000l\000h\000a\000u\000s\000e\000r\000\137\000s\000e\000r\000v\000e\000r\000.\000F\000e\000a\000t\000u\000r\000e\000E\000x\000t\000r\000a\000c\000t\000o\000r\000\040\000p\000a\000c\000k\000a\000g\000e}{section.3.1}% 85
\BOOKMARK [3][-]{subsubsection.3.1.5.1}{\376\377\000S\000u\000b\000m\000o\000d\000u\000l\000e\000s}{subsection.3.1.5}% 86
\BOOKMARK [3][-]{subsubsection.3.1.5.2}{\376\377\000c\000a\000r\000l\000h\000a\000u\000s\000e\000r\000\137\000s\000e\000r\000v\000e\000r\000.\000F\000e\000a\000t\000u\000r\000e\000E\000x\000t\000r\000a\000c\000t\000o\000r\000.\000f\000e\000a\000t\000u\000r\000e\000\137\000w\000o\000r\000k\000e\000r\000\040\000m\000o\000d\000u\000l\000e}{subsection.3.1.5}% 87
\BOOKMARK [3][-]{subsubsection.3.1.5.3}{\376\377\000c\000a\000r\000l\000h\000a\000u\000s\000e\000r\000\137\000s\000e\000r\000v\000e\000r\000.\000F\000e\000a\000t\000u\000r\000e\000E\000x\000t\000r\000a\000c\000t\000o\000r\000.\000p\000i\000c\000t\000u\000r\000e\000\137\000h\000a\000s\000h\000e\000r\000\040\000m\000o\000d\000u\000l\000e}{subsection.3.1.5}% 88
\BOOKMARK [3][-]{subsubsection.3.1.5.4}{\376\377\000c\000a\000r\000l\000h\000a\000u\000s\000e\000r\000\137\000s\000e\000r\000v\000e\000r\000.\000F\000e\000a\000t\000u\000r\000e\000E\000x\000t\000r\000a\000c\000t\000o\000r\000.\000p\000i\000c\000t\000u\000r\000e\000\137\000o\000r\000b\000e\000r\000\040\000m\000o\000d\000u\000l\000e}{subsection.3.1.5}% 89
\BOOKMARK [3][-]{subsubsection.3.1.5.5}{\376\377\000M\000o\000d\000u\000l\000e\000\040\000c\000o\000n\000t\000e\000n\000t\000s}{subsection.3.1.5}% 90
\BOOKMARK [2][-]{subsection.3.1.6}{\376\377\000c\000a\000r\000l\000h\000a\000u\000s\000e\000r\000\137\000s\000e\000r\000v\000e\000r\000.\000H\000e\000l\000p\000e\000r\000s\000\040\000p\000a\000c\000k\000a\000g\000e}{section.3.1}% 91
\BOOKMARK [3][-]{subsubsection.3.1.6.1}{\376\377\000S\000u\000b\000m\000o\000d\000u\000l\000e\000s}{subsection.3.1.6}% 92
\BOOKMARK [3][-]{subsubsection.3.1.6.2}{\376\377\000c\000a\000r\000l\000h\000a\000u\000s\000e\000r\000\137\000s\000e\000r\000v\000e\000r\000.\000H\000e\000l\000p\000e\000r\000s\000.\000a\000r\000g\000\137\000p\000a\000r\000s\000e\000r\000\040\000m\000o\000d\000u\000l\000e}{subsection.3.1.6}% 93
\BOOKMARK [3][-]{subsubsection.3.1.6.3}{\376\377\000c\000a\000r\000l\000h\000a\000u\000s\000e\000r\000\137\000s\000e\000r\000v\000e\000r\000.\000H\000e\000l\000p\000e\000r\000s\000.\000s\000o\000c\000k\000e\000t\000\040\000m\000o\000d\000u\000l\000e}{subsection.3.1.6}% 94
\BOOKMARK [3][-]{subsubsection.3.1.6.4}{\376\377\000M\000o\000d\000u\000l\000e\000\040\000c\000o\000n\000t\000e\000n\000t\000s}{subsection.3.1.6}% 95
\BOOKMARK [2][-]{subsection.3.1.7}{\376\377\000c\000a\000r\000l\000h\000a\000u\000s\000e\000r\000\137\000s\000e\000r\000v\000e\000r\000.\000P\000r\000o\000c\000e\000s\000s\000u\000s\000\040\000p\000a\000c\000k\000a\000g\000e}{section.3.1}% 96
\BOOKMARK [3][-]{subsubsection.3.1.7.1}{\376\377\000S\000u\000b\000m\000o\000d\000u\000l\000e\000s}{subsection.3.1.7}% 97
\BOOKMARK [3][-]{subsubsection.3.1.7.2}{\376\377\000c\000a\000r\000l\000h\000a\000u\000s\000e\000r\000\137\000s\000e\000r\000v\000e\000r\000.\000P\000r\000o\000c\000e\000s\000s\000u\000s\000.\000p\000r\000o\000c\000e\000s\000s\000u\000s\000\137\000l\000i\000s\000t\000\040\000m\000o\000d\000u\000l\000e}{subsection.3.1.7}% 98
\BOOKMARK [3][-]{subsubsection.3.1.7.3}{\376\377\000c\000a\000r\000l\000h\000a\000u\000s\000e\000r\000\137\000s\000e\000r\000v\000e\000r\000.\000P\000r\000o\000c\000e\000s\000s\000u\000s\000.\000w\000o\000r\000k\000e\000r\000\137\000p\000r\000o\000c\000e\000s\000s\000\040\000m\000o\000d\000u\000l\000e}{subsection.3.1.7}% 99
\BOOKMARK [3][-]{subsubsection.3.1.7.4}{\376\377\000M\000o\000d\000u\000l\000e\000\040\000c\000o\000n\000t\000e\000n\000t\000s}{subsection.3.1.7}% 100
\BOOKMARK [2][-]{subsection.3.1.8}{\376\377\000c\000a\000r\000l\000h\000a\000u\000s\000e\000r\000\137\000s\000e\000r\000v\000e\000r\000.\000S\000i\000n\000g\000l\000e\000t\000o\000n\000s\000\040\000p\000a\000c\000k\000a\000g\000e}{section.3.1}% 101
\BOOKMARK [3][-]{subsubsection.3.1.8.1}{\376\377\000S\000u\000b\000m\000o\000d\000u\000l\000e\000s}{subsection.3.1.8}% 102
\BOOKMARK [3][-]{subsubsection.3.1.8.2}{\376\377\000c\000a\000r\000l\000h\000a\000u\000s\000e\000r\000\137\000s\000e\000r\000v\000e\000r\000.\000S\000i\000n\000g\000l\000e\000t\000o\000n\000s\000.\000d\000a\000t\000a\000b\000a\000s\000e\000\137\000s\000t\000a\000r\000t\000\137\000s\000t\000o\000p\000\040\000m\000o\000d\000u\000l\000e}{subsection.3.1.8}% 103
\BOOKMARK [3][-]{subsubsection.3.1.8.3}{\376\377\000c\000a\000r\000l\000h\000a\000u\000s\000e\000r\000\137\000s\000e\000r\000v\000e\000r\000.\000S\000i\000n\000g\000l\000e\000t\000o\000n\000s\000.\000s\000i\000n\000g\000l\000e\000t\000o\000n\000\040\000m\000o\000d\000u\000l\000e}{subsection.3.1.8}% 104
\BOOKMARK [3][-]{subsubsection.3.1.8.4}{\376\377\000c\000a\000r\000l\000h\000a\000u\000s\000e\000r\000\137\000s\000e\000r\000v\000e\000r\000.\000S\000i\000n\000g\000l\000e\000t\000o\000n\000s\000.\000w\000o\000r\000k\000e\000r\000\137\000s\000t\000a\000r\000t\000\137\000s\000t\000o\000p\000\040\000m\000o\000d\000u\000l\000e}{subsection.3.1.8}% 105
\BOOKMARK [3][-]{subsubsection.3.1.8.5}{\376\377\000M\000o\000d\000u\000l\000e\000\040\000c\000o\000n\000t\000e\000n\000t\000s}{subsection.3.1.8}% 106
\BOOKMARK [1][-]{section.3.2}{\376\377\000S\000u\000b\000m\000o\000d\000u\000l\000e\000s}{chapter.3}% 107
\BOOKMARK [1][-]{section.3.3}{\376\377\000c\000a\000r\000l\000h\000a\000u\000s\000e\000r\000\137\000s\000e\000r\000v\000e\000r\000.\000i\000n\000s\000t\000a\000n\000c\000e\000\137\000h\000a\000n\000d\000l\000e\000r\000\040\000m\000o\000d\000u\000l\000e}{chapter.3}% 108
\BOOKMARK [1][-]{section.3.4}{\376\377\000M\000o\000d\000u\000l\000e\000\040\000c\000o\000n\000t\000e\000n\000t\000s}{chapter.3}% 109
\BOOKMARK [0][-]{chapter.4}{\376\377\000c\000a\000r\000l\000h\000a\000u\000s\000e\000r\000\137\000s\000e\000r\000v\000e\000r\000\137\000t\000e\000s\000t\000s\000\040\000p\000a\000c\000k\000a\000g\000e}{}% 110
\BOOKMARK [1][-]{section.4.1}{\376\377\000S\000u\000b\000p\000a\000c\000k\000a\000g\000e\000s}{chapter.4}% 111
\BOOKMARK [2][-]{subsection.4.1.1}{\376\377\000c\000a\000r\000l\000h\000a\000u\000s\000e\000r\000\137\000s\000e\000r\000v\000e\000r\000\137\000t\000e\000s\000t\000s\000.\000A\000P\000I\000\040\000p\000a\000c\000k\000a\000g\000e}{section.4.1}% 112
\BOOKMARK [3][-]{subsubsection.4.1.1.1}{\376\377\000S\000u\000b\000m\000o\000d\000u\000l\000e\000s}{subsection.4.1.1}% 113
\BOOKMARK [3][-]{subsubsection.4.1.1.2}{\376\377\000c\000a\000r\000l\000h\000a\000u\000s\000e\000r\000\137\000s\000e\000r\000v\000e\000r\000\137\000t\000e\000s\000t\000s\000.\000A\000P\000I\000.\000t\000e\000s\000t\000\137\000i\000n\000\137\000m\000e\000m\000o\000r\000y\000\137\000f\000i\000l\000e\000s\000\137\000o\000p\000s\000\040\000m\000o\000d\000u\000l\000e}{subsection.4.1.1}% 114
\BOOKMARK [3][-]{subsubsection.4.1.1.3}{\376\377\000M\000o\000d\000u\000l\000e\000\040\000c\000o\000n\000t\000e\000n\000t\000s}{subsection.4.1.1}% 115
\BOOKMARK [2][-]{subsection.4.1.2}{\376\377\000c\000a\000r\000l\000h\000a\000u\000s\000e\000r\000\137\000s\000e\000r\000v\000e\000r\000\137\000t\000e\000s\000t\000s\000.\000C\000o\000n\000f\000i\000g\000u\000r\000a\000t\000i\000o\000n\000\040\000p\000a\000c\000k\000a\000g\000e}{section.4.1}% 116
\BOOKMARK [3][-]{subsubsection.4.1.2.1}{\376\377\000S\000u\000b\000m\000o\000d\000u\000l\000e\000s}{subsection.4.1.2}% 117
\BOOKMARK [3][-]{subsubsection.4.1.2.2}{\376\377\000c\000a\000r\000l\000h\000a\000u\000s\000e\000r\000\137\000s\000e\000r\000v\000e\000r\000\137\000t\000e\000s\000t\000s\000.\000C\000o\000n\000f\000i\000g\000u\000r\000a\000t\000i\000o\000n\000.\000t\000e\000s\000t\000\137\000f\000e\000a\000t\000u\000r\000e\000\137\000e\000x\000t\000r\000a\000c\000t\000o\000r\000\137\000c\000o\000n\000f\000\040\000m\000o\000d\000u\000l\000e}{subsection.4.1.2}% 118
\BOOKMARK [3][-]{subsubsection.4.1.2.3}{\376\377\000M\000o\000d\000u\000l\000e\000\040\000c\000o\000n\000t\000e\000n\000t\000s}{subsection.4.1.2}% 119
\BOOKMARK [2][-]{subsection.4.1.3}{\376\377\000c\000a\000r\000l\000h\000a\000u\000s\000e\000r\000\137\000s\000e\000r\000v\000e\000r\000\137\000t\000e\000s\000t\000s\000.\000D\000a\000t\000a\000\040\000p\000a\000c\000k\000a\000g\000e}{section.4.1}% 120
\BOOKMARK [3][-]{subsubsection.4.1.3.1}{\376\377\000M\000o\000d\000u\000l\000e\000\040\000c\000o\000n\000t\000e\000n\000t\000s}{subsection.4.1.3}% 121
\BOOKMARK [2][-]{subsection.4.1.4}{\376\377\000c\000a\000r\000l\000h\000a\000u\000s\000e\000r\000\137\000s\000e\000r\000v\000e\000r\000\137\000t\000e\000s\000t\000s\000.\000D\000a\000t\000a\000b\000a\000s\000e\000A\000c\000c\000e\000s\000s\000o\000r\000\040\000p\000a\000c\000k\000a\000g\000e}{section.4.1}% 122
\BOOKMARK [3][-]{subsubsection.4.1.4.1}{\376\377\000S\000u\000b\000m\000o\000d\000u\000l\000e\000s}{subsection.4.1.4}% 123
\BOOKMARK [3][-]{subsubsection.4.1.4.2}{\376\377\000c\000a\000r\000l\000h\000a\000u\000s\000e\000r\000\137\000s\000e\000r\000v\000e\000r\000\137\000t\000e\000s\000t\000s\000.\000D\000a\000t\000a\000b\000a\000s\000e\000A\000c\000c\000e\000s\000s\000o\000r\000.\000t\000e\000s\000t\000\137\000d\000b\000\137\000a\000d\000d\000e\000r\000\040\000m\000o\000d\000u\000l\000e}{subsection.4.1.4}% 124
\BOOKMARK [3][-]{subsubsection.4.1.4.3}{\376\377\000M\000o\000d\000u\000l\000e\000\040\000c\000o\000n\000t\000e\000n\000t\000s}{subsection.4.1.4}% 125
\BOOKMARK [2][-]{subsection.4.1.5}{\376\377\000c\000a\000r\000l\000h\000a\000u\000s\000e\000r\000\137\000s\000e\000r\000v\000e\000r\000\137\000t\000e\000s\000t\000s\000.\000D\000i\000s\000t\000a\000n\000c\000e\000E\000n\000g\000i\000n\000e\000\040\000p\000a\000c\000k\000a\000g\000e}{section.4.1}% 126
\BOOKMARK [3][-]{subsubsection.4.1.5.1}{\376\377\000S\000u\000b\000m\000o\000d\000u\000l\000e\000s}{subsection.4.1.5}% 127
\BOOKMARK [3][-]{subsubsection.4.1.5.2}{\376\377\000c\000a\000r\000l\000h\000a\000u\000s\000e\000r\000\137\000s\000e\000r\000v\000e\000r\000\137\000t\000e\000s\000t\000s\000.\000D\000i\000s\000t\000a\000n\000c\000e\000E\000n\000g\000i\000n\000e\000.\000t\000e\000s\000t\000\137\000d\000i\000s\000t\000a\000n\000c\000e\000\137\000e\000n\000g\000i\000n\000e\000\040\000m\000o\000d\000u\000l\000e}{subsection.4.1.5}% 128
\BOOKMARK [3][-]{subsubsection.4.1.5.3}{\376\377\000c\000a\000r\000l\000h\000a\000u\000s\000e\000r\000\137\000s\000e\000r\000v\000e\000r\000\137\000t\000e\000s\000t\000s\000.\000D\000i\000s\000t\000a\000n\000c\000e\000E\000n\000g\000i\000n\000e\000.\000t\000e\000s\000t\000\137\000m\000e\000r\000g\000i\000n\000g\000\137\000e\000n\000g\000i\000n\000e\000\040\000m\000o\000d\000u\000l\000e}{subsection.4.1.5}% 129
\BOOKMARK [3][-]{subsubsection.4.1.5.4}{\376\377\000M\000o\000d\000u\000l\000e\000\040\000c\000o\000n\000t\000e\000n\000t\000s}{subsection.4.1.5}% 130
\BOOKMARK [2][-]{subsection.4.1.6}{\376\377\000c\000a\000r\000l\000h\000a\000u\000s\000e\000r\000\137\000s\000e\000r\000v\000e\000r\000\137\000t\000e\000s\000t\000s\000.\000F\000e\000a\000t\000u\000r\000e\000E\000x\000t\000r\000a\000c\000t\000o\000r\000\040\000p\000a\000c\000k\000a\000g\000e}{section.4.1}% 131
\BOOKMARK [3][-]{subsubsection.4.1.6.1}{\376\377\000M\000o\000d\000u\000l\000e\000\040\000c\000o\000n\000t\000e\000n\000t\000s}{subsection.4.1.6}% 132
\BOOKMARK [2][-]{subsection.4.1.7}{\376\377\000c\000a\000r\000l\000h\000a\000u\000s\000e\000r\000\137\000s\000e\000r\000v\000e\000r\000\137\000t\000e\000s\000t\000s\000.\000H\000e\000l\000p\000e\000r\000s\000\040\000p\000a\000c\000k\000a\000g\000e}{section.4.1}% 133
\BOOKMARK [3][-]{subsubsection.4.1.7.1}{\376\377\000M\000o\000d\000u\000l\000e\000\040\000c\000o\000n\000t\000e\000n\000t\000s}{subsection.4.1.7}% 134
\BOOKMARK [2][-]{subsection.4.1.8}{\376\377\000c\000a\000r\000l\000h\000a\000u\000s\000e\000r\000\137\000s\000e\000r\000v\000e\000r\000\137\000t\000e\000s\000t\000s\000.\000P\000r\000o\000c\000e\000s\000s\000u\000s\000\040\000p\000a\000c\000k\000a\000g\000e}{section.4.1}% 135
\BOOKMARK [3][-]{subsubsection.4.1.8.1}{\376\377\000M\000o\000d\000u\000l\000e\000\040\000c\000o\000n\000t\000e\000n\000t\000s}{subsection.4.1.8}% 136
\BOOKMARK [2][-]{subsection.4.1.9}{\376\377\000c\000a\000r\000l\000h\000a\000u\000s\000e\000r\000\137\000s\000e\000r\000v\000e\000r\000\137\000t\000e\000s\000t\000s\000.\000S\000i\000n\000g\000l\000e\000t\000o\000n\000s\000\040\000p\000a\000c\000k\000a\000g\000e}{section.4.1}% 137
\BOOKMARK [3][-]{subsubsection.4.1.9.1}{\376\377\000S\000u\000b\000m\000o\000d\000u\000l\000e\000s}{subsection.4.1.9}% 138
\BOOKMARK [3][-]{subsubsection.4.1.9.2}{\376\377\000c\000a\000r\000l\000h\000a\000u\000s\000e\000r\000\137\000s\000e\000r\000v\000e\000r\000\137\000t\000e\000s\000t\000s\000.\000S\000i\000n\000g\000l\000e\000t\000o\000n\000s\000.\000t\000e\000s\000t\000\137\000s\000i\000n\000g\000l\000e\000t\000o\000n\000\040\000m\000o\000d\000u\000l\000e}{subsection.4.1.9}% 139
\BOOKMARK [3][-]{subsubsection.4.1.9.3}{\376\377\000c\000a\000r\000l\000h\000a\000u\000s\000e\000r\000\137\000s\000e\000r\000v\000e\000r\000\137\000t\000e\000s\000t\000s\000.\000S\000i\000n\000g\000l\000e\000t\000o\000n\000s\000.\000t\000e\000s\000t\000\137\000w\000o\000r\000k\000e\000r\000\137\000s\000t\000a\000r\000t\000\137\000s\000t\000o\000p\000\040\000m\000o\000d\000u\000l\000e}{subsection.4.1.9}% 140
\BOOKMARK [3][-]{subsubsection.4.1.9.4}{\376\377\000M\000o\000d\000u\000l\000e\000\040\000c\000o\000n\000t\000e\000n\000t\000s}{subsection.4.1.9}% 141
\BOOKMARK [1][-]{section.4.2}{\376\377\000S\000u\000b\000m\000o\000d\000u\000l\000e\000s}{chapter.4}% 142
\BOOKMARK [1][-]{section.4.3}{\376\377\000c\000a\000r\000l\000h\000a\000u\000s\000e\000r\000\137\000s\000e\000r\000v\000e\000r\000\137\000t\000e\000s\000t\000s\000.\000t\000e\000s\000t\000\137\000c\000a\000r\000l\000h\000a\000u\000s\000e\000r\000\137\000s\000e\000r\000v\000e\000r\000\040\000m\000o\000d\000u\000l\000e}{chapter.4}% 143
\BOOKMARK [1][-]{section.4.4}{\376\377\000M\000o\000d\000u\000l\000e\000\040\000c\000o\000n\000t\000e\000n\000t\000s}{chapter.4}% 144
\BOOKMARK [0][-]{chapter.5}{\376\377\000c\000o\000m\000m\000o\000n\000\040\000p\000a\000c\000k\000a\000g\000e}{}% 145
\BOOKMARK [1][-]{section.5.1}{\376\377\000S\000u\000b\000p\000a\000c\000k\000a\000g\000e\000s}{chapter.5}% 146
\BOOKMARK [2][-]{subsection.5.1.1}{\376\377\000c\000o\000m\000m\000o\000n\000.\000C\000a\000l\000i\000b\000r\000a\000t\000o\000r\000\040\000p\000a\000c\000k\000a\000g\000e}{section.5.1}% 147
\BOOKMARK [3][-]{subsubsection.5.1.1.1}{\376\377\000S\000u\000b\000m\000o\000d\000u\000l\000e\000s}{subsection.5.1.1}% 148
\BOOKMARK [3][-]{subsubsection.5.1.1.2}{\376\377\000c\000o\000m\000m\000o\000n\000.\000C\000a\000l\000i\000b\000r\000a\000t\000o\000r\000.\000c\000a\000l\000i\000b\000r\000a\000t\000o\000r\000\137\000c\000o\000n\000f\000\040\000m\000o\000d\000u\000l\000e}{subsection.5.1.1}% 149
\BOOKMARK [3][-]{subsubsection.5.1.1.3}{\376\377\000c\000o\000m\000m\000o\000n\000.\000C\000a\000l\000i\000b\000r\000a\000t\000o\000r\000.\000t\000h\000r\000e\000s\000h\000o\000l\000d\000\137\000c\000a\000l\000i\000b\000r\000a\000t\000o\000r\000\040\000m\000o\000d\000u\000l\000e}{subsection.5.1.1}% 150
\BOOKMARK [3][-]{subsubsection.5.1.1.4}{\376\377\000M\000o\000d\000u\000l\000e\000\040\000c\000o\000n\000t\000e\000n\000t\000s}{subsection.5.1.1}% 151
\BOOKMARK [2][-]{subsection.5.1.2}{\376\377\000c\000o\000m\000m\000o\000n\000.\000C\000h\000a\000r\000t\000M\000a\000k\000e\000r\000\040\000p\000a\000c\000k\000a\000g\000e}{section.5.1}% 152
\BOOKMARK [3][-]{subsubsection.5.1.2.1}{\376\377\000S\000u\000b\000m\000o\000d\000u\000l\000e\000s}{subsection.5.1.2}% 153
\BOOKMARK [3][-]{subsubsection.5.1.2.2}{\376\377\000c\000o\000m\000m\000o\000n\000.\000C\000h\000a\000r\000t\000M\000a\000k\000e\000r\000.\000c\000o\000n\000f\000u\000s\000i\000o\000n\000\137\000m\000a\000t\000r\000i\000x\000\137\000g\000e\000n\000e\000r\000a\000t\000o\000r\000\040\000m\000o\000d\000u\000l\000e}{subsection.5.1.2}% 154
\BOOKMARK [3][-]{subsubsection.5.1.2.3}{\376\377\000c\000o\000m\000m\000o\000n\000.\000C\000h\000a\000r\000t\000M\000a\000k\000e\000r\000.\000t\000w\000o\000\137\000d\000i\000m\000e\000n\000s\000i\000o\000n\000s\000\137\000p\000l\000o\000t\000\040\000m\000o\000d\000u\000l\000e}{subsection.5.1.2}% 155
\BOOKMARK [3][-]{subsubsection.5.1.2.4}{\376\377\000M\000o\000d\000u\000l\000e\000\040\000c\000o\000n\000t\000e\000n\000t\000s}{subsection.5.1.2}% 156
\BOOKMARK [2][-]{subsection.5.1.3}{\376\377\000c\000o\000m\000m\000o\000n\000.\000D\000a\000t\000a\000T\000u\000r\000k\000s\000A\000l\000g\000o\000s\000\040\000p\000a\000c\000k\000a\000g\000e}{section.5.1}% 157
\BOOKMARK [3][-]{subsubsection.5.1.3.1}{\376\377\000S\000u\000b\000m\000o\000d\000u\000l\000e\000s}{subsection.5.1.3}% 158
\BOOKMARK [3][-]{subsubsection.5.1.3.2}{\376\377\000c\000o\000m\000m\000o\000n\000.\000D\000a\000t\000a\000T\000u\000r\000k\000s\000A\000l\000g\000o\000s\000.\000p\000i\000c\000t\000u\000r\000e\000s\000\137\000e\000x\000p\000o\000r\000t\000e\000r\000\040\000m\000o\000d\000u\000l\000e}{subsection.5.1.3}% 159
\BOOKMARK [3][-]{subsubsection.5.1.3.3}{\376\377\000M\000o\000d\000u\000l\000e\000\040\000c\000o\000n\000t\000e\000n\000t\000s}{subsection.5.1.3}% 160
\BOOKMARK [2][-]{subsection.5.1.4}{\376\377\000c\000o\000m\000m\000o\000n\000.\000G\000r\000a\000p\000h\000\040\000p\000a\000c\000k\000a\000g\000e}{section.5.1}% 161
\BOOKMARK [3][-]{subsubsection.5.1.4.1}{\376\377\000S\000u\000b\000m\000o\000d\000u\000l\000e\000s}{subsection.5.1.4}% 162
\BOOKMARK [3][-]{subsubsection.5.1.4.2}{\376\377\000c\000o\000m\000m\000o\000n\000.\000G\000r\000a\000p\000h\000.\000c\000l\000u\000s\000t\000e\000r\000\040\000m\000o\000d\000u\000l\000e}{subsection.5.1.4}% 163
\BOOKMARK [3][-]{subsubsection.5.1.4.3}{\376\377\000c\000o\000m\000m\000o\000n\000.\000G\000r\000a\000p\000h\000.\000e\000d\000g\000e\000\040\000m\000o\000d\000u\000l\000e}{subsection.5.1.4}% 164
\BOOKMARK [3][-]{subsubsection.5.1.4.4}{\376\377\000c\000o\000m\000m\000o\000n\000.\000G\000r\000a\000p\000h\000.\000g\000r\000a\000p\000h\000\137\000d\000a\000t\000a\000s\000t\000r\000u\000c\000t\000u\000r\000e\000\040\000m\000o\000d\000u\000l\000e}{subsection.5.1.4}% 165
\BOOKMARK [3][-]{subsubsection.5.1.4.5}{\376\377\000c\000o\000m\000m\000o\000n\000.\000G\000r\000a\000p\000h\000.\000m\000e\000t\000a\000d\000a\000t\000a\000\040\000m\000o\000d\000u\000l\000e}{subsection.5.1.4}% 166
\BOOKMARK [3][-]{subsubsection.5.1.4.6}{\376\377\000c\000o\000m\000m\000o\000n\000.\000G\000r\000a\000p\000h\000.\000n\000o\000d\000e\000\040\000m\000o\000d\000u\000l\000e}{subsection.5.1.4}% 167
\BOOKMARK [3][-]{subsubsection.5.1.4.7}{\376\377\000M\000o\000d\000u\000l\000e\000\040\000c\000o\000n\000t\000e\000n\000t\000s}{subsection.5.1.4}% 168
\BOOKMARK [2][-]{subsection.5.1.5}{\376\377\000c\000o\000m\000m\000o\000n\000.\000H\000u\000m\000a\000n\000H\000a\000s\000h\000\040\000p\000a\000c\000k\000a\000g\000e}{section.5.1}% 169
\BOOKMARK [3][-]{subsubsection.5.1.5.1}{\376\377\000S\000u\000b\000m\000o\000d\000u\000l\000e\000s}{subsection.5.1.5}% 170
\BOOKMARK [3][-]{subsubsection.5.1.5.2}{\376\377\000c\000o\000m\000m\000o\000n\000.\000H\000u\000m\000a\000n\000H\000a\000s\000h\000.\000d\000a\000t\000a\000t\000u\000r\000k\000s\000\137\000g\000r\000a\000p\000h\000\040\000m\000o\000d\000u\000l\000e}{subsection.5.1.5}% 171
\BOOKMARK [3][-]{subsubsection.5.1.5.3}{\376\377\000c\000o\000m\000m\000o\000n\000.\000H\000u\000m\000a\000n\000H\000a\000s\000h\000.\000d\000a\000t\000a\000t\000u\000r\000k\000s\000\137\000p\000a\000r\000s\000e\000r\000\040\000m\000o\000d\000u\000l\000e}{subsection.5.1.5}% 172
\BOOKMARK [3][-]{subsubsection.5.1.5.4}{\376\377\000c\000o\000m\000m\000o\000n\000.\000H\000u\000m\000a\000n\000H\000a\000s\000h\000.\000d\000o\000c\000k\000e\000r\000\137\000c\000o\000m\000m\000i\000t\000t\000e\000r\000\040\000m\000o\000d\000u\000l\000e}{subsection.5.1.5}% 173
\BOOKMARK [3][-]{subsubsection.5.1.5.5}{\376\377\000c\000o\000m\000m\000o\000n\000.\000H\000u\000m\000a\000n\000H\000a\000s\000h\000.\000e\000x\000t\000r\000a\000c\000t\000o\000r\000\040\000m\000o\000d\000u\000l\000e}{subsection.5.1.5}% 174
\BOOKMARK [3][-]{subsubsection.5.1.5.6}{\376\377\000c\000o\000m\000m\000o\000n\000.\000H\000u\000m\000a\000n\000H\000a\000s\000h\000.\000h\000u\000m\000a\000n\000i\000z\000e\000r\000\040\000m\000o\000d\000u\000l\000e}{subsection.5.1.5}% 175
\BOOKMARK [3][-]{subsubsection.5.1.5.7}{\376\377\000c\000o\000m\000m\000o\000n\000.\000H\000u\000m\000a\000n\000H\000a\000s\000h\000.\000r\000e\000f\000e\000r\000e\000n\000c\000e\000r\000\040\000m\000o\000d\000u\000l\000e}{subsection.5.1.5}% 176
\BOOKMARK [3][-]{subsubsection.5.1.5.8}{\376\377\000c\000o\000m\000m\000o\000n\000.\000H\000u\000m\000a\000n\000H\000a\000s\000h\000.\000u\000r\000l\000i\000f\000i\000e\000r\000\040\000m\000o\000d\000u\000l\000e}{subsection.5.1.5}% 177
\BOOKMARK [3][-]{subsubsection.5.1.5.9}{\376\377\000c\000o\000m\000m\000o\000n\000.\000H\000u\000m\000a\000n\000H\000a\000s\000h\000.\000v\000i\000s\000j\000s\000\137\000p\000a\000r\000s\000e\000r\000\040\000m\000o\000d\000u\000l\000e}{subsection.5.1.5}% 178
\BOOKMARK [3][-]{subsubsection.5.1.5.10}{\376\377\000M\000o\000d\000u\000l\000e\000\040\000c\000o\000n\000t\000e\000n\000t\000s}{subsection.5.1.5}% 179
\BOOKMARK [2][-]{subsection.5.1.6}{\376\377\000c\000o\000m\000m\000o\000n\000.\000I\000m\000p\000o\000r\000t\000E\000x\000p\000o\000r\000t\000\040\000p\000a\000c\000k\000a\000g\000e}{section.5.1}% 180
\BOOKMARK [3][-]{subsubsection.5.1.6.1}{\376\377\000S\000u\000b\000m\000o\000d\000u\000l\000e\000s}{subsection.5.1.6}% 181
\BOOKMARK [3][-]{subsubsection.5.1.6.2}{\376\377\000c\000o\000m\000m\000o\000n\000.\000I\000m\000p\000o\000r\000t\000E\000x\000p\000o\000r\000t\000.\000j\000s\000o\000n\000\137\000i\000m\000p\000o\000r\000t\000\137\000e\000x\000p\000o\000r\000t\000\040\000m\000o\000d\000u\000l\000e}{subsection.5.1.6}% 182
\BOOKMARK [3][-]{subsubsection.5.1.6.3}{\376\377\000c\000o\000m\000m\000o\000n\000.\000I\000m\000p\000o\000r\000t\000E\000x\000p\000o\000r\000t\000.\000p\000i\000c\000k\000l\000e\000\137\000i\000m\000p\000o\000r\000t\000\137\000e\000x\000p\000o\000r\000t\000\040\000m\000o\000d\000u\000l\000e}{subsection.5.1.6}% 183
\BOOKMARK [3][-]{subsubsection.5.1.6.4}{\376\377\000c\000o\000m\000m\000o\000n\000.\000I\000m\000p\000o\000r\000t\000E\000x\000p\000o\000r\000t\000.\000p\000i\000c\000t\000u\000r\000e\000\137\000i\000m\000p\000o\000r\000t\000\137\000e\000x\000p\000o\000r\000t\000\040\000m\000o\000d\000u\000l\000e}{subsection.5.1.6}% 184
\BOOKMARK [3][-]{subsubsection.5.1.6.5}{\376\377\000M\000o\000d\000u\000l\000e\000\040\000c\000o\000n\000t\000e\000n\000t\000s}{subsection.5.1.6}% 185
\BOOKMARK [2][-]{subsection.5.1.7}{\376\377\000c\000o\000m\000m\000o\000n\000.\000P\000a\000r\000a\000m\000e\000t\000e\000r\000s\000E\000x\000p\000l\000o\000r\000e\000r\000\040\000p\000a\000c\000k\000a\000g\000e}{section.5.1}% 186
\BOOKMARK [3][-]{subsubsection.5.1.7.1}{\376\377\000S\000u\000b\000m\000o\000d\000u\000l\000e\000s}{subsection.5.1.7}% 187
\BOOKMARK [3][-]{subsubsection.5.1.7.2}{\376\377\000c\000o\000m\000m\000o\000n\000.\000P\000a\000r\000a\000m\000e\000t\000e\000r\000s\000E\000x\000p\000l\000o\000r\000e\000r\000.\000p\000a\000r\000a\000m\000e\000t\000e\000r\000\137\000e\000x\000p\000l\000o\000r\000e\000r\000\040\000m\000o\000d\000u\000l\000e}{subsection.5.1.7}% 188
\BOOKMARK [3][-]{subsubsection.5.1.7.3}{\376\377\000M\000o\000d\000u\000l\000e\000\040\000c\000o\000n\000t\000e\000n\000t\000s}{subsection.5.1.7}% 189
\BOOKMARK [2][-]{subsection.5.1.8}{\376\377\000c\000o\000m\000m\000o\000n\000.\000P\000e\000r\000f\000o\000r\000m\000a\000n\000c\000e\000D\000a\000t\000a\000s\000t\000r\000u\000c\000t\000s\000\040\000p\000a\000c\000k\000a\000g\000e}{section.5.1}% 190
\BOOKMARK [3][-]{subsubsection.5.1.8.1}{\376\377\000S\000u\000b\000m\000o\000d\000u\000l\000e\000s}{subsection.5.1.8}% 191
\BOOKMARK [3][-]{subsubsection.5.1.8.2}{\376\377\000c\000o\000m\000m\000o\000n\000.\000P\000e\000r\000f\000o\000r\000m\000a\000n\000c\000e\000D\000a\000t\000a\000s\000t\000r\000u\000c\000t\000s\000.\000c\000l\000u\000s\000t\000e\000r\000m\000a\000t\000c\000h\000\137\000d\000a\000t\000a\000s\000t\000r\000u\000c\000t\000\040\000m\000o\000d\000u\000l\000e}{subsection.5.1.8}% 192
\BOOKMARK [3][-]{subsubsection.5.1.8.3}{\376\377\000c\000o\000m\000m\000o\000n\000.\000P\000e\000r\000f\000o\000r\000m\000a\000n\000c\000e\000D\000a\000t\000a\000s\000t\000r\000u\000c\000t\000s\000.\000p\000e\000r\000f\000\137\000d\000a\000t\000a\000s\000t\000r\000u\000c\000t\000\040\000m\000o\000d\000u\000l\000e}{subsection.5.1.8}% 193
\BOOKMARK [3][-]{subsubsection.5.1.8.4}{\376\377\000c\000o\000m\000m\000o\000n\000.\000P\000e\000r\000f\000o\000r\000m\000a\000n\000c\000e\000D\000a\000t\000a\000s\000t\000r\000u\000c\000t\000s\000.\000s\000t\000a\000t\000s\000\137\000d\000a\000t\000a\000s\000t\000r\000u\000c\000t\000\040\000m\000o\000d\000u\000l\000e}{subsection.5.1.8}% 194
\BOOKMARK [3][-]{subsubsection.5.1.8.5}{\376\377\000M\000o\000d\000u\000l\000e\000\040\000c\000o\000n\000t\000e\000n\000t\000s}{subsection.5.1.8}% 195
\BOOKMARK [2][-]{subsection.5.1.9}{\376\377\000c\000o\000m\000m\000o\000n\000.\000T\000e\000s\000t\000I\000n\000s\000t\000a\000n\000c\000e\000L\000a\000u\000n\000c\000h\000e\000r\000\040\000p\000a\000c\000k\000a\000g\000e}{section.5.1}% 196
\BOOKMARK [3][-]{subsubsection.5.1.9.1}{\376\377\000S\000u\000b\000m\000o\000d\000u\000l\000e\000s}{subsection.5.1.9}% 197
\BOOKMARK [3][-]{subsubsection.5.1.9.2}{\376\377\000c\000o\000m\000m\000o\000n\000.\000T\000e\000s\000t\000I\000n\000s\000t\000a\000n\000c\000e\000L\000a\000u\000n\000c\000h\000e\000r\000.\000o\000n\000e\000\137\000d\000b\000\137\000c\000o\000n\000f\000\040\000m\000o\000d\000u\000l\000e}{subsection.5.1.9}% 198
\BOOKMARK [3][-]{subsubsection.5.1.9.3}{\376\377\000c\000o\000m\000m\000o\000n\000.\000T\000e\000s\000t\000I\000n\000s\000t\000a\000n\000c\000e\000L\000a\000u\000n\000c\000h\000e\000r\000.\000o\000n\000e\000\137\000d\000b\000\137\000i\000n\000s\000t\000a\000n\000c\000e\000\137\000l\000a\000u\000n\000c\000h\000e\000r\000\040\000m\000o\000d\000u\000l\000e}{subsection.5.1.9}% 199
\BOOKMARK [3][-]{subsubsection.5.1.9.4}{\376\377\000M\000o\000d\000u\000l\000e\000\040\000c\000o\000n\000t\000e\000n\000t\000s}{subsection.5.1.9}% 200
\BOOKMARK [1][-]{section.5.2}{\376\377\000S\000u\000b\000m\000o\000d\000u\000l\000e\000s}{chapter.5}% 201
\BOOKMARK [1][-]{section.5.3}{\376\377\000c\000o\000m\000m\000o\000n\000.\000C\000u\000s\000t\000o\000m\000E\000x\000c\000e\000p\000t\000i\000o\000n\000\040\000m\000o\000d\000u\000l\000e}{chapter.5}% 202
\BOOKMARK [1][-]{section.5.4}{\376\377\000c\000o\000m\000m\000o\000n\000.\000e\000n\000v\000i\000r\000o\000n\000m\000e\000n\000t\000\137\000v\000a\000r\000i\000a\000b\000l\000e\000\040\000m\000o\000d\000u\000l\000e}{chapter.5}% 203
\BOOKMARK [1][-]{section.5.5}{\376\377\000M\000o\000d\000u\000l\000e\000\040\000c\000o\000n\000t\000e\000n\000t\000s}{chapter.5}% 204
\BOOKMARK [0][-]{chapter.6}{\376\377\000c\000o\000m\000m\000o\000n\000\137\000t\000e\000s\000t\000s\000\040\000p\000a\000c\000k\000a\000g\000e}{}% 205
\BOOKMARK [1][-]{section.6.1}{\376\377\000S\000u\000b\000p\000a\000c\000k\000a\000g\000e\000s}{chapter.6}% 206
\BOOKMARK [2][-]{subsection.6.1.1}{\376\377\000c\000o\000m\000m\000o\000n\000\137\000t\000e\000s\000t\000s\000.\000C\000a\000l\000i\000b\000r\000a\000t\000o\000r\000\040\000p\000a\000c\000k\000a\000g\000e}{section.6.1}% 207
\BOOKMARK [3][-]{subsubsection.6.1.1.1}{\376\377\000S\000u\000b\000m\000o\000d\000u\000l\000e\000s}{subsection.6.1.1}% 208
\BOOKMARK [3][-]{subsubsection.6.1.1.2}{\376\377\000c\000o\000m\000m\000o\000n\000\137\000t\000e\000s\000t\000s\000.\000C\000a\000l\000i\000b\000r\000a\000t\000o\000r\000.\000t\000e\000s\000t\000\137\000c\000a\000l\000i\000b\000r\000a\000t\000o\000r\000\040\000m\000o\000d\000u\000l\000e}{subsection.6.1.1}% 209
\BOOKMARK [3][-]{subsubsection.6.1.1.3}{\376\377\000c\000o\000m\000m\000o\000n\000\137\000t\000e\000s\000t\000s\000.\000C\000a\000l\000i\000b\000r\000a\000t\000o\000r\000.\000t\000e\000s\000t\000\137\000c\000a\000l\000i\000b\000r\000a\000t\000o\000r\000\137\000c\000o\000n\000f\000\040\000m\000o\000d\000u\000l\000e}{subsection.6.1.1}% 210
\BOOKMARK [3][-]{subsubsection.6.1.1.4}{\376\377\000c\000o\000m\000m\000o\000n\000\137\000t\000e\000s\000t\000s\000.\000C\000a\000l\000i\000b\000r\000a\000t\000o\000r\000.\000t\000e\000s\000t\000\137\000t\000h\000r\000e\000s\000h\000o\000l\000d\000\137\000c\000a\000l\000i\000b\000r\000a\000t\000o\000r\000\040\000m\000o\000d\000u\000l\000e}{subsection.6.1.1}% 211
\BOOKMARK [3][-]{subsubsection.6.1.1.5}{\376\377\000M\000o\000d\000u\000l\000e\000\040\000c\000o\000n\000t\000e\000n\000t\000s}{subsection.6.1.1}% 212
\BOOKMARK [2][-]{subsection.6.1.2}{\376\377\000c\000o\000m\000m\000o\000n\000\137\000t\000e\000s\000t\000s\000.\000C\000h\000a\000r\000t\000M\000a\000k\000e\000r\000\040\000p\000a\000c\000k\000a\000g\000e}{section.6.1}% 213
\BOOKMARK [3][-]{subsubsection.6.1.2.1}{\376\377\000S\000u\000b\000m\000o\000d\000u\000l\000e\000s}{subsection.6.1.2}% 214
\BOOKMARK [3][-]{subsubsection.6.1.2.2}{\376\377\000c\000o\000m\000m\000o\000n\000\137\000t\000e\000s\000t\000s\000.\000C\000h\000a\000r\000t\000M\000a\000k\000e\000r\000.\000t\000e\000s\000t\000\137\000c\000o\000n\000f\000u\000s\000i\000o\000n\000\137\000m\000a\000t\000r\000i\000x\000\040\000m\000o\000d\000u\000l\000e}{subsection.6.1.2}% 215
\BOOKMARK [3][-]{subsubsection.6.1.2.3}{\376\377\000M\000o\000d\000u\000l\000e\000\040\000c\000o\000n\000t\000e\000n\000t\000s}{subsection.6.1.2}% 216
\BOOKMARK [2][-]{subsection.6.1.3}{\376\377\000c\000o\000m\000m\000o\000n\000\137\000t\000e\000s\000t\000s\000.\000D\000a\000t\000a\000T\000u\000r\000k\000s\000A\000l\000g\000o\000\040\000p\000a\000c\000k\000a\000g\000e}{section.6.1}% 217
\BOOKMARK [3][-]{subsubsection.6.1.3.1}{\376\377\000S\000u\000b\000m\000o\000d\000u\000l\000e\000s}{subsection.6.1.3}% 218
\BOOKMARK [3][-]{subsubsection.6.1.3.2}{\376\377\000c\000o\000m\000m\000o\000n\000\137\000t\000e\000s\000t\000s\000.\000D\000a\000t\000a\000T\000u\000r\000k\000s\000A\000l\000g\000o\000.\000t\000e\000s\000t\000\137\000d\000a\000t\000a\000t\000u\000r\000k\000s\000\137\000a\000l\000g\000o\000\040\000m\000o\000d\000u\000l\000e}{subsection.6.1.3}% 219
\BOOKMARK [3][-]{subsubsection.6.1.3.3}{\376\377\000M\000o\000d\000u\000l\000e\000\040\000c\000o\000n\000t\000e\000n\000t\000s}{subsection.6.1.3}% 220
\BOOKMARK [2][-]{subsection.6.1.4}{\376\377\000c\000o\000m\000m\000o\000n\000\137\000t\000e\000s\000t\000s\000.\000G\000r\000a\000p\000h\000\040\000p\000a\000c\000k\000a\000g\000e}{section.6.1}% 221
\BOOKMARK [3][-]{subsubsection.6.1.4.1}{\376\377\000S\000u\000b\000m\000o\000d\000u\000l\000e\000s}{subsection.6.1.4}% 222
\BOOKMARK [3][-]{subsubsection.6.1.4.2}{\376\377\000c\000o\000m\000m\000o\000n\000\137\000t\000e\000s\000t\000s\000.\000G\000r\000a\000p\000h\000.\000t\000e\000s\000t\000\137\000g\000r\000a\000p\000h\000\040\000m\000o\000d\000u\000l\000e}{subsection.6.1.4}% 223
\BOOKMARK [3][-]{subsubsection.6.1.4.3}{\376\377\000M\000o\000d\000u\000l\000e\000\040\000c\000o\000n\000t\000e\000n\000t\000s}{subsection.6.1.4}% 224
\BOOKMARK [2][-]{subsection.6.1.5}{\376\377\000c\000o\000m\000m\000o\000n\000\137\000t\000e\000s\000t\000s\000.\000I\000m\000p\000o\000r\000t\000E\000x\000p\000o\000r\000t\000\040\000p\000a\000c\000k\000a\000g\000e}{section.6.1}% 225
\BOOKMARK [3][-]{subsubsection.6.1.5.1}{\376\377\000S\000u\000b\000m\000o\000d\000u\000l\000e\000s}{subsection.6.1.5}% 226
\BOOKMARK [3][-]{subsubsection.6.1.5.2}{\376\377\000c\000o\000m\000m\000o\000n\000\137\000t\000e\000s\000t\000s\000.\000I\000m\000p\000o\000r\000t\000E\000x\000p\000o\000r\000t\000.\000t\000e\000s\000t\000\137\000j\000s\000o\000n\000\137\000i\000m\000p\000o\000r\000t\000\137\000e\000x\000p\000o\000r\000t\000\040\000m\000o\000d\000u\000l\000e}{subsection.6.1.5}% 227
\BOOKMARK [3][-]{subsubsection.6.1.5.3}{\376\377\000c\000o\000m\000m\000o\000n\000\137\000t\000e\000s\000t\000s\000.\000I\000m\000p\000o\000r\000t\000E\000x\000p\000o\000r\000t\000.\000t\000e\000s\000t\000\137\000p\000i\000c\000k\000l\000e\000\137\000i\000m\000p\000o\000r\000t\000\137\000e\000x\000p\000o\000r\000t\000\040\000m\000o\000d\000u\000l\000e}{subsection.6.1.5}% 228
\BOOKMARK [3][-]{subsubsection.6.1.5.4}{\376\377\000c\000o\000m\000m\000o\000n\000\137\000t\000e\000s\000t\000s\000.\000I\000m\000p\000o\000r\000t\000E\000x\000p\000o\000r\000t\000.\000t\000e\000s\000t\000\137\000p\000i\000c\000t\000u\000r\000e\000\137\000i\000m\000p\000o\000r\000t\000\137\000e\000x\000p\000o\000r\000t\000\040\000m\000o\000d\000u\000l\000e}{subsection.6.1.5}% 229
\BOOKMARK [3][-]{subsubsection.6.1.5.5}{\376\377\000M\000o\000d\000u\000l\000e\000\040\000c\000o\000n\000t\000e\000n\000t\000s}{subsection.6.1.5}% 230
\BOOKMARK [2][-]{subsection.6.1.6}{\376\377\000c\000o\000m\000m\000o\000n\000\137\000t\000e\000s\000t\000s\000.\000P\000a\000r\000a\000m\000e\000t\000e\000r\000s\000E\000x\000p\000l\000o\000r\000e\000r\000\040\000p\000a\000c\000k\000a\000g\000e}{section.6.1}% 231
\BOOKMARK [3][-]{subsubsection.6.1.6.1}{\376\377\000M\000o\000d\000u\000l\000e\000\040\000c\000o\000n\000t\000e\000n\000t\000s}{subsection.6.1.6}% 232
\BOOKMARK [2][-]{subsection.6.1.7}{\376\377\000c\000o\000m\000m\000o\000n\000\137\000t\000e\000s\000t\000s\000.\000P\000e\000r\000f\000o\000r\000m\000a\000n\000c\000e\000D\000a\000t\000a\000s\000t\000r\000u\000c\000t\000s\000\040\000p\000a\000c\000k\000a\000g\000e}{section.6.1}% 233
\BOOKMARK [3][-]{subsubsection.6.1.7.1}{\376\377\000S\000u\000b\000m\000o\000d\000u\000l\000e\000s}{subsection.6.1.7}% 234
\BOOKMARK [3][-]{subsubsection.6.1.7.2}{\376\377\000c\000o\000m\000m\000o\000n\000\137\000t\000e\000s\000t\000s\000.\000P\000e\000r\000f\000o\000r\000m\000a\000n\000c\000e\000D\000a\000t\000a\000s\000t\000r\000u\000c\000t\000s\000.\000t\000e\000s\000t\000\137\000s\000c\000o\000r\000e\000s\000\040\000m\000o\000d\000u\000l\000e}{subsection.6.1.7}% 235
\BOOKMARK [3][-]{subsubsection.6.1.7.3}{\376\377\000M\000o\000d\000u\000l\000e\000\040\000c\000o\000n\000t\000e\000n\000t\000s}{subsection.6.1.7}% 236
\BOOKMARK [2][-]{subsection.6.1.8}{\376\377\000c\000o\000m\000m\000o\000n\000\137\000t\000e\000s\000t\000s\000.\000S\000c\000a\000l\000a\000b\000i\000l\000i\000t\000y\000\137\000e\000v\000a\000l\000u\000a\000t\000o\000r\000\040\000p\000a\000c\000k\000a\000g\000e}{section.6.1}% 237
\BOOKMARK [3][-]{subsubsection.6.1.8.1}{\376\377\000S\000u\000b\000m\000o\000d\000u\000l\000e\000s}{subsection.6.1.8}% 238
\BOOKMARK [3][-]{subsubsection.6.1.8.2}{\376\377\000c\000o\000m\000m\000o\000n\000\137\000t\000e\000s\000t\000s\000.\000S\000c\000a\000l\000a\000b\000i\000l\000i\000t\000y\000\137\000e\000v\000a\000l\000u\000a\000t\000o\000r\000.\000t\000e\000s\000t\000\137\000s\000c\000a\000l\000a\000b\000i\000l\000i\000t\000y\000\137\000c\000o\000n\000f\000\040\000m\000o\000d\000u\000l\000e}{subsection.6.1.8}% 239
\BOOKMARK [3][-]{subsubsection.6.1.8.3}{\376\377\000M\000o\000d\000u\000l\000e\000\040\000c\000o\000n\000t\000e\000n\000t\000s}{subsection.6.1.8}% 240
\BOOKMARK [2][-]{subsection.6.1.9}{\376\377\000c\000o\000m\000m\000o\000n\000\137\000t\000e\000s\000t\000s\000.\000T\000e\000s\000t\000I\000n\000s\000t\000a\000n\000c\000e\000L\000a\000u\000n\000c\000h\000e\000r\000\040\000p\000a\000c\000k\000a\000g\000e}{section.6.1}% 241
\BOOKMARK [3][-]{subsubsection.6.1.9.1}{\376\377\000S\000u\000b\000m\000o\000d\000u\000l\000e\000s}{subsection.6.1.9}% 242
\BOOKMARK [3][-]{subsubsection.6.1.9.2}{\376\377\000c\000o\000m\000m\000o\000n\000\137\000t\000e\000s\000t\000s\000.\000T\000e\000s\000t\000I\000n\000s\000t\000a\000n\000c\000e\000L\000a\000u\000n\000c\000h\000e\000r\000.\000t\000e\000s\000t\000\137\000i\000n\000s\000t\000a\000n\000c\000e\000\137\000l\000a\000u\000n\000c\000h\000e\000r\000\040\000m\000o\000d\000u\000l\000e}{subsection.6.1.9}% 243
\BOOKMARK [3][-]{subsubsection.6.1.9.3}{\376\377\000M\000o\000d\000u\000l\000e\000\040\000c\000o\000n\000t\000e\000n\000t\000s}{subsection.6.1.9}% 244
\BOOKMARK [1][-]{section.6.2}{\376\377\000S\000u\000b\000m\000o\000d\000u\000l\000e\000s}{chapter.6}% 245
\BOOKMARK [1][-]{section.6.3}{\376\377\000c\000o\000m\000m\000o\000n\000\137\000t\000e\000s\000t\000s\000.\000t\000e\000s\000t\000\137\000e\000n\000v\000i\000r\000o\000n\000m\000e\000n\000t\000\137\000v\000a\000r\000i\000a\000b\000l\000e\000\040\000m\000o\000d\000u\000l\000e}{chapter.6}% 246
\BOOKMARK [1][-]{section.6.4}{\376\377\000M\000o\000d\000u\000l\000e\000\040\000c\000o\000n\000t\000e\000n\000t\000s}{chapter.6}% 247
\BOOKMARK [0][-]{chapter.7}{\376\377\000I\000n\000d\000i\000c\000e\000s\000\040\000a\000n\000d\000\040\000t\000a\000b\000l\000e\000s}{}% 248
\BOOKMARK [0][-]{section*.151}{\376\377\000P\000y\000t\000h\000o\000n\000\040\000M\000o\000d\000u\000l\000e\000\040\000I\000n\000d\000e\000x}{}% 249
\BOOKMARK [0][-]{section*.152}{\376\377\000I\000n\000d\000e\000x}{}% 250
