17625:C 14 May 2019 09:15:44.130 # oO0OoO0OoO0Oo Redis is starting oO0OoO0OoO0Oo
17625:C 14 May 2019 09:15:44.130 # Redis version=5.0.4, bits=64, commit=00000000, modified=0, pid=17625, just started
17625:C 14 May 2019 09:15:44.130 # Configuration loaded
17626:M 14 May 2019 09:15:44.133 * Increased maximum number of open files to 10032 (it was originally set to 1024).
                _._                                                  
           _.-``__ ''-._                                             
      _.-``    `.  `_.  ''-._           Redis 5.0.4 (00000000/0) 64 bit
  .-`` .-```.  ```\/    _.,_ ''-._                                   
 (    '      ,       .-`  | `,    )     Running in standalone mode
 |`-._`-...-` __...-.``-._|'` _.-'|     Port: 0
 |    `-._   `._    /     _.-'    |     PID: 17626
  `-._    `-._  `-./  _.-'    _.-'                                   
 |`-._`-._    `-.__.-'    _.-'_.-'|                                  
 |    `-._`-._        _.-'_.-'    |           http://redis.io        
  `-._    `-._`-.__.-'_.-'    _.-'                                   
 |`-._`-._    `-.__.-'    _.-'_.-'|                                  
 |    `-._`-._        _.-'_.-'    |                                  
  `-._    `-._`-.__.-'_.-'    _.-'                                   
      `-._    `-.__.-'    _.-'                                       
          `-._        _.-'                                           
              `-.__.-'                                               

17626:M 14 May 2019 09:15:44.134 # WARNING: The TCP backlog setting of 511 cannot be enforced because /proc/sys/net/core/somaxconn is set to the lower value of 128.
17626:M 14 May 2019 09:15:44.134 # Server initialized
17626:M 14 May 2019 09:15:44.134 # WARNING overcommit_memory is set to 0! Background save may fail under low memory condition. To fix this issue add 'vm.overcommit_memory = 1' to /etc/sysctl.conf and then reboot or run the command 'sysctl vm.overcommit_memory=1' for this to take effect.
17626:M 14 May 2019 09:15:44.135 # WARNING you have Transparent Huge Pages (THP) support enabled in your kernel. This will create latency and memory usage issues with Redis. To fix this issue run the command 'echo never > /sys/kernel/mm/transparent_hugepage/enabled' as root, and add it to your /etc/rc.local in order to retain the setting after a reboot. Redis must be restarted after THP is disabled.
17626:M 14 May 2019 09:15:44.135 * The server is now ready to accept connections at ./../database_sockets/cache.sock
17626:signal-handler (1557818160) Received SIGTERM scheduling shutdown...
17626:M 14 May 2019 09:16:00.786 # User requested shutdown...
17626:M 14 May 2019 09:16:00.786 * Saving the final RDB snapshot before exiting.
17626:M 14 May 2019 09:16:00.799 * DB saved on disk
17626:M 14 May 2019 09:16:00.799 * Removing the pid file.
17626:M 14 May 2019 09:16:00.799 * Removing the unix socket file.
17626:M 14 May 2019 09:16:00.799 # Redis is now ready to exit, bye bye...
